6
6
6
24
2
29
23
22
27
21
18
44
1
6
8
46
1
6
8
1
7
100
99
98
3
13
66
11
1
66
1
47
34
9
2
4
9
42
44
4
5
37
38
38
32
36
31
28
2
3
5
10
29
2
14
17
16
19
19
15
12
20
16
2
5
3
8
6
48
42
2
48
49
44
47
1
85
93
4
3
1
7
1
3
11
3
57
4
58
1
53
49
11
13
5
2
62
2
113
120
5
11
6
8
11
3
3
2
10
3
3
11
79
46
42
51
44
46
38
11
20
1
22
14
11
12
1
94
4
102
1
7
21
17
37
38
5
49
38
42
38
43
12
47
2
86
85
3
49
47
44
4
7
26
1
43
10
3
9
42
7
75
12
30
9
54
60
51
3
54
55
54
61
60
57
41
69
1
7
29
8
8
28
7
5
11
11
13
1
29
34
13
3
11
30
48
46
3
44
5
64
7
7
58
61
33
8
1
45
7
41
49
5
48
46
45
45
46
44
2
69
63
58
30
29
27
33
34
32
2
31
31
39
2
35
10
40
12
99
9
4
5
103
103
5
105
4
13
5
8
9
37
9
3
47
48
6
45
5
6
1
8
106
9
104
108
106
4
109
47
41
48
45
39
38
37
38
1
11
1
1
7
64
12
59
2
8
74
9
77
73
70
11
75
30
23
6
6
22
17
50
48
57
1
52
5
53
3
35
36
5
34
35
32
1
5
19
8
9
3
2
6
18
6
4
28
27
32
33
33
95
3
10
3
10
6
11
8
21
26
64
11
68
69
63
69
3
7
94
14
2
3
3
56
5
57
3
62
61
95
7
3
97
95
91
50
4
6
3
2
84
90
2
90
63
64
5
1
10
65
1
3
2
11
34
32
36
7
97
93
98
6
97
5
93
9
10
3
31
31
26
30
3
28
25
28
34
2
8
85
86
7
8
5
7
98
2
1
6
3
8
4
12
13
3
11
44
5
23
18
24
17
2
3
20
4
2
20
35
30
36
6
8
2
4
30
10
27
23
21
24
25
2
27
2
22
27
10
5
55
9
72
73
70
67
72
72
74
72
73
72
2
3
12
6
3
5
6
30
3
31
1
27
31
32
26
25
1
6
31
8
2
5
6
76
1
9
3
4
12
72
13
12
39
46
46
8
36
6
43
5
3
6
52
4
12
5
10
7
3
79
5
4
68
5
7
79
44
47
37
39
3
9
8
5
11
10
94
92
5
11
4
6
1
3
20
20
2
20
5
5
11
73
10
8
1
54
10
3
53
14
12
13
75
4
4
5
69
6
69
64
11
6
65
78
1
5
3
10
11
4
1
10
4
53
59
3
22
2
2
2
25
12
6
25
64
68
62
10
5
8
68
60
64
6
32
3
3
2
11
5
6
6
6
52
4
1
64
68
12
66
4
71
67
69
2
6
3
77
3
51
52
52
49
1
1
48
45
52
11
2
16
19
17
22
21
20
2
4
1
5
57
7
3
50
1
58
63
94
97
1
105
95
105
76
71
78
8
7
74
61
6
11
47
8
6
74
4
6
2
2
33
4
35
35
11
36
29
22
14
7
1
18
19
1
23
12
13
19
22
13
2
39
18
21
1
23
1
4
11
3
1
6
97
1
96
7
75
1
3
74
61
63
65
71
1
29
30
5
33
29
35
26
22
14
65
70
2
71
67
1
2
9
5
9
98
96
2
99
3
4
56
6
55
6
51
4
1
3
71
11
5
2
10
10
83
3
10
81
3
84
2
1
82
36
8
1
7
35
2
29
17
4
8
19
36
39
35
41
39
5
40
11
4
1
10
10
8
42
11
41
54
8
12
4
87
78
78
49
49
6
51
5
44
46
39
5
3
31
7
32
33
92
7
87
87
79
87
85
87
89
85
3
6
13
6
8
14
18
96
8
73
81
80
79
77
80
5
5
12
8
8
2
13
32
5
97
2
3
85
93
12
7
5
72
12
71
61
14
3
27
8
30
30
9
6
6
57
6
9
2
24
6
41
35
7
59
52
1
9
61
5
41
12
8
93
5
94
94
3
92
4
4
26
22
22
4
4
2
1
21
53
2
66
62
8
6
72
77
126
9
122
5
126
121
10
1
127
2
4
1
24
30
3
1
32
32
27
5
1
8
31
4
4
12
53
11
43
43
46
43
41
44
43
4
23
4
4
24
25
25
7
3
3
9
1
8
93
92
5
94
5
7
10
5
23
24
24
47
45
4
11
41
35
42
4
11
49
6
49
6
49
2
3
1
6
3
58
56
1
65
77
73
32
36
37
35
1
25
31
27
28
30
6
2
30
31
26
1
85
4
87
87
3
4
3
89
5
8
93
39
39
42
1
4
10
6
2
39
4
89
4
3
97
3
89
93
3
95
28
34
37
8
3
2
9
1
7
8
105
7
98
106
106
7
102
5
1
91
4
91
92
12
98
2
90
93
97
2
12
8
3
10
43
38
4
5
11
5
76
74
79
5
23
1
17
21
21
15
21
19
57
11
76
87
84
7
1
77
2
3
5
44
45
9
8
2
43
4
2
7
3
41
36
41
38
5
40
42
37
11
4
6
33
3
6
6
22
28
4
23
12
72
75
74
63
12
2
68
8
11
1
5
63
9
6
10
31
9
37
8
38
38
2
37
96
94
88
96
5
2
3
14
18
3
22
24
22
22
11
18
13
14
34
36
43
73
72
10
4
78
34
9
43
42
36
40
2
39
41
1
7
78
7
79
4
3
4
11
9
74
10
73
73
3
2
91
87
86
9
8
17
8
18
20
55
53
65
67
63
1
53
7
3
2
33
36
27
3
34
81
81
1
81
79
81
84
4
58
6
55
6
4
14
3
11
6
12
16
1
54
3
4
1
11
4
11
7
14
22
15
15
19
25
17
9
4
58
57
9
60
2
8
94
3
21
18
17
21
21
22
16
16
28
28
7
5
46
6
42
41
45
45
40
45
8
17
17
14
8
15
2
6
6
4
6
83
84
86
2
88
80
2
87
4
2
3
27
30
70
9
3
11
70
5
2
71
60
7
14
59
6
6
57
5
11
1
26
27
8
17
29
33
7
5
5
48
6
46
47
9
87
82
8
1
7
7
12
16
16
16
14
23
24
4
5
21
17
22
18
1
85
10
4
3
1
9
12
6
10
9
8
14
2
69
4
2
1
2
39
88
84
9
2
2
8
54
4
59
54
38
10
5
112
4
2
8
6
1
10
9
9
7
30
3
36
2
1
4
29
3
8
5
1
1
10
1
69
74
66
61
108
110
9
117
115
3
19
1
3
8
20
21
2
9
2
19
3
2
41
45
5
39
86
6
5
2
86
6
5
86
8
4
2
5
62
51
60
61
9
62
11
8
84
5
2
95
83
1
12
35
1
1
43
7
36
2
39
5
111
4
4
11
111
5
7
13
109
2
2
19
13
16
78
10
79
5
9
80
6
2
12
1
3
2
2
3
2
7
4
65
61
4
28
10
24
5
22
13
4
1
3
11
9
61
62
8
22
32
31
19
27
3
32
32
24
30
29
30
2
35
34
1
35
84
14
95
85
11
45
7
46
3
9
102
8
2
101
104
1
104
12
105
99
41
7
41
47
9
8
45
41
2
46
3
108
12
2
9
3
11
58
5
11
2
65
9
6
62
13
8
2
38
29
5
39
7
29
1
53
45
56
53
55
3
4
8
9
2
77
5
10
7
1
8
1
8
7
9
36
36
26
30
36
4
1
58
58
55
51
24
23
19
1
65
69
64
7
61
5
53
48
45
3
47
73
73
72
70
70
70
4
5
10
6
1
4
4
2
1
5
2
84
13
1
67
62
3
5
47
6
45
4
14
1
19
6
6
3
49
2
1
2
17
3
17
2
17
2
9
55
6
13
6
30
8
30
27
23
58
58
53
43
7
59
1
60
63
55
56
63
54
59
2
12
7
38
30
37
33
33
3
51
51
3
3
18
6
24
2
21
15
15
61
8
13
62
11
1
67
2
1
3
10
2
66
9
73
2
87
5
8
87
86
14
21
6
1
5
68
75
71
71
10
60
2
10
58
8
13
9
3
69
69
59
61
9
7
66
3
29
24
3
91
4
1
2
4
1
7
14
6
14
62
1
9
64
3
1
70
12
19
3
18
2
43
2
34
41
44
6
7
40
3
87
87
88
90
90
87
88
6
71
24
8
7
3
24
9
3
6
4
1
57
56
62
71
4
10
1
2
10
10
31
29
33
30
1
33
34
4
35
1
2
4
3
10
2
5
2
4
2
1
6
86
86
85
4
5
85
83
4
47
50
2
49
16
17
20
22
19
18
14
6
7
14
5
66
73
8
70
2
11
79
4
82
2
77
84
4
58
56
63
4
60
54
62
1
53
3
5
1
83
75
83
3
28
25
26
34
52
58
55
59
54
5
64
3
9
7
4
5
20
1
75
6
77
38
38
11
1
11
8
94
89
11
85
8
85
108
113
103
5
99
2
111
112
61
60
3
11
5
13
9
5
2
2
57
64
2
64
8
65
70
6
71
65
1
3
66
35
33
33
31
2
5
5
17
23
8
6
19
22
4
1
65
3
7
12
7
6
1
112
2
74
1
79
71
67
78
79
68
4
21
13
3
11
31
2
10
7
9
81
80
7
78
8
14
7
8
8
16
40
42
37
32
44
42
11
3
60
56
10
62
7
11
4
3
2
2
8
47
44
46
5
43
43
3
39
39
4
2
37
36
38
42
6
51
6
44
50
14
6
13
49
5
11
7
59
4
11
24
22
8
21
11
6
64
65
1
82
4
1
73
72
71
24
3
5
3
42
45
43
7
73
65
12
70
73
71
11
70
69
2
9
7
79
6
68
1
10
68
65
64
12
96
5
99
13
98
94
95
4
5
105
8
5
3
88
6
99
1
99
97
3
41
34
2
10
9
10
28
1
2
1
8
28
5
29
1
3
32
50
40
53
46
1
50
1
23
4
2
21
1
23
21
5
23
7
12
3
40
45
37
43
4
91
5
1
1
3
90
82
90
39
44
4
2
11
2
44
9
47
38
63
66
60
6
60
1
1
8
2
48
3
48
4
53
7
3
40
7
4
7
31
32
11
1
73
74
68
71
68
72
1
4
8
42
3
13
5
80
6
13
83
84
1
3
82
54
1
12
49
47
4
2
6
3
2
10
6
9
11
59
2
33
25
2
30
32
27
29
2
2
48
52
2
54
53
51
43
52
51
46
2
89
94
95
10
4
3
12
14
2
14
11
2
16
16
9
60
7
72
69
6
4
72
63
2
69
1
63
1
22
2
6
3
57
61
57
58
4
58
51
43
42
2
1
36
38
4
42
3
1
4
50
59
56
52
6
8
56
4
4
55
47
1
32
24
24
3
24
4
21
1
26
63
2
2
61
4
55
55
62
52
51
6
72
79
6
8
1
27
36
5
6
87
8
6
8
7
4
13
5
56
12
77
77
7
3
59
13
60
64
59
5
9
62
7
21
29
24
21
21
20
26
23
17
84
83
83
5
3
10
1
80
82
33
32
31
4
7
31
11
11
10
30
30
11
25
21
6
9
9
3
3
7
1
3
5
8
49
8
48
41
49
47
7
11
1
3
3
2
4
6
10
21
7
7
19
20
6
18
4
14
6
1
7
7
87
88
89
7
5
2
2
63
61
65
69
49
50
1
48
27
26
28
12
11
3
2
3
6
62
10
62
546
96
1 3 13 8 8 5 2 12 6 
4 1 1 3 10 3 7 8 13 1 2
1 3
1 6
1 8
2 4
2 5
5 7
7 9

6 8
58
57
62
58
61
63
2
88
3
4
89
6
85
91
91
5
4
28
37
39
38
6
34
1
4
35
38
13
2
10
67
61
9
65
2
59
8
60
1
4
8
62
2
6
6
10
5
3
9
1
2
4
100
101
95
93
8
99
90
1
8
47
12
49
49
1
70
37
44
38
37
23
21
24
23
19
17
1
56
4
7
53
10
51
65
66
38
2
6
36
37
36
41
36
68
68
62
52
8
6
50
2
8
2
60
55
33
37
61
11
64
4
11
12
2
8
7
7
2
73
10
71
62
14
8
9
2
4
11
8
10
45
44
4
39
39
41
45
57
6
4
3
11
6
44
1
4
1
65
1
2
63
68
69
3
2
91
5
66
3
70
67
73
7
6
65
1
64
7
5
2
3
71
71
70
29
9
4
8
10
8
32
6
4
10
1
7
5
78
6
80
10
5
71
70
70
1
5
52
50
7
7
7
50
50
83
8
84
83
4
76
3
86
83
3
1
30
6
30
22
3
22
22
6
33
46
44
6
2
2
10
1
46
10
11
8
8
20
5
20
22
2
8
8
21
5
9
20
9
20
22
9
18
10
23
4
49
45
3
50
4
47
41
46
39
46
25
3
29
27
27
30
29
3
75
77
2
5
5
70
1
10
4
2
98
98
3
97
91
3
97
95
1
6
4
61
58
61
3
6
60
10
11
65
2
1
5
66
3
6
77
5
96
86
4
65
67
63
64
4
67
12
63
59
62
60
7
77
77
1
71
4
2
10
14
31
10
29
5
59
70
64
67
69
62
60
19
18
38
40
8
33
40
1
10
60
4
7
12
7
6
1
31
33
7
7
3
9
68
61
12
2
4
9
3
61
5
40
44
41
41
41
47
6
46
47
78
12
4
75
84
97
5
93
94
4
90
3
76
12
14
11
1
2
74
2
6
6
9
36
38
13
37
11
4
45
40
9
2
42
42
10
8
1
77
3
76
73
4
12
10
9
34
6
4
39
3
5
38
11
1
48
44
52
41
52
52
2
5
1
50
4
60
2
73
2
78
5
2
74
71
5
74
78
17
15
19
9
16
16
10
8
1
4
10
16
13
1
1
67
8
71
3
1
1
33
35
38
39
30
7
73
4
3
6
10
75
5
79
5
3
8
27
7
28
8
6
4
6
97
102
101
103
96
11
18
18
4
19
65
70
69
7
30
30
80
79
77
79
80
73
61
10
2
1
7
2
60
61
62
62
7
70
8
2
65
69
2
70
63
10
2
1
4
2
1
7
72
7
88
1
88
87
5
95
5
92
1
33
3
6
35
35
9
33
1
7
95
100
92
96
71
3
68
73
9
3
12
10
29
2
8
106
8
1
1
11
92
90
11
89
84
1
91
3
3
63
63
69
5
25
22
25
26
20
22
20
21
51
55
3
75
74
8
1
1
3
103
94
6
3
2
73
1
1
66
6
65
71
5
46
45
47
3
45
50
9
41
1
7
13
13
79
83
1
7
10
4
9
79
42
7
35
36
42
23
14
8
23
12
31
13
10
5
15
16
5
17
16
10
1
4
15
1
5
5
8
71
79
79
2
16
19
9
1
6
6
54
58
54
3
60
8
68
1
13
6
13
9
4
20
5
13
19
1
20
17
20
2
11
13
9
4
3
11
7
7
9
56
2
57
58
2
69
10
63
8
67
66
7
3
9
1
35
3
35
36
2
2
5
3
5
79
5
9
5
2
1
84
85
7
80
86
5
63
65
1
49
9
10
7
50
12
46
8
5
32
35
42
40
37
38
39
38
37
2
1
7
29
1
29
4
30
2
2
8
2
4
13
2
3
11
2
7
1
40
12
32
33
32
11
32
12
12
34
31
63
62
2
5
89
83
92
89
2
92
2
1
7
36
5
39
40
7
5
90
6
75
7
87
11
7
11
2
17
8
17
5
10
9
12
10
105
31
40
39
33
34
34
5
6
4
41
47
39
49
49
4
4
6
5
8
7
43
1
36
46
1
1
68
6
11
4
70
72
76
79
12
1
1
9
6
4
33
6
26
4
26
4
2
48
9
75
7
7
76
69
75
69
76
26
2
7
10
38
3
23
20
6
25
24
24
7
97
95
13
8
1
3
63
61
5
62
63
58
51
58
102
103
94
103
7
14
13
1
3
15
13
6
3
13
26
27
17
20
2
10
2
5
61
63
9
2
63
10
1
66
69
3
11
7
128
6
6
85
9
56
1
10
86
4
3
88
10
5
93
86
5
106
111
2
107
2
2
2
96
90
5
7
7
7
94
92
11
89
3
47
3
1
43
1
8
1
5
45
65
65
3
8
67
69
71
1
65
4
2
12
7
3
10
125
49
48
44
36
38
5
4
7
32
38
34
2
11
90
6
13
4
8
49
49
6
9
54
27
27
8
12
31
5
1
10
3
83
3
4
7
12
3
65
68
66
63
59
67
61
69
1
2
8
42
44
36
1
45
45
44
3
1
71
11
75
74
73
9
74
9
1
11
49
51
54
52
48
4
7
4
1
8
6
18
4
6
3
8
14
2
4
7
50
3
10
77
4
23
31
30
20
31
31
8
30
26
92
95
8
30
27
86
6
86
81
8
79
2
1
3
83
8
4
50
58
52
52
57
59
24
18
3
24
23
1
5
16
24
27
29
22
29
25
6
3
10
17
10
3
60
2
2
4
75
6
6
75
8
5
72
7
4
35
33
4
12
1
57
5
20
109
110
62
64
57
64
4
63
5
61
5
57
5
10
57
51
54
4
1
55
2
96
117
114
4
4
114
113
107
7
115
78
76
72
1
9
22
22
30
7
3
4
10
54
3
9
49
3
10
52
8
1
5
26
4
2
28
94
95
86
97
3
100
99
97
2
31
5
9
4
41
1
42
45
42
37
43
41
9
10
9
1
3
80
2
4
89
7
7
89
5
2
9
6
23
10
8
5
5
4
15
3
1
1
27
23
27
38
1
1
3
3
1
83
10
11
84
3
85
100
103
9
5
90
94
101
101
94
96
71
10
78
73
1
80
1
76
75
9
2
2
85
85
3
79
74
5
36
1
5
35
33
7
2
30
7
9
28
5
7
3
76
6
6
4
5
65
64
2
8
94
7
51
1
97
6
3
2
98
13
86
84
3
4
54
58
56
3
58
6
57
1
9
84
87
8
4
8
77
11
7
51
45
51
6
2
10
24
24
70
67
1
64
71
3
2
37
41
34
1
41
4
3
2
6
4
2
6
70
5
4
64
60
60
60
55
5
60
4
4
3
1
46
41
46
1
104
4
103
6
104
1
72
67
74
62
67
69
1
76
8
2
5
11
9
45
10
2
45
37
8
13
69
11
70
6
9
70
2
63
66
68
12
98
5
11
14
1
2
5
3
3
93
5
49
5
52
57
1
57
60
63
3
1
4
91
88
5
6
2
92
7
1
10
5
34
5
25
21
6
7
4
4
28
22
14
3
5
29
8
6
8
7
1
1
72
72
69
69
71
69
6
9
28
8
2
2
6
7
10
76
2
1
43
2
42
43
65
55
61
2
1
64
5
12
8
8
11
64
3
65
1
99
100
99
101
101
96
103
100
1
104
34
1
2
36
13
1
33
4
2
4
5
69
6
4
62
1
69
3
41
1
10
3
40
2
12
37
4
6
9
31
6
31
30
28
30
33
9
25
21
25
24
6
15
15
1
7
58
4
53
55
3
52
58
3
55
54
59
53
60
56
5
61
1
11
63
60
57
59
61
17
8
8
19
9
10
19
15
1
8
21
6
7
4
3
28
1
9
19
22
22
20
20
51
10
55
56
1
7
10
11
7
49
4
49
3
47
3
86
4
3
11
80
8
6
56
58
4
49
55
59
3
60
13
57
103
103
3
101
95
8
100
14
4
62
10
53
56
71
1
62
79
1
82
4
82
75
82
2
3
3
35
4
3
34
32
8
3
31
58
58
57
56
9
4
60
49
56
44
37
46
44
7
7
6
12
1
5
11
3
13
12
7
6
2
27
3
35
4
3
5
36
2
29
76
72
11
11
2
1
40
37
6
44
37
38
7
1
6
12
98
92
98
99
11
5
93
11
1
9
27
4
11
5
81
88
1
13
1
8
28
2
26
24
24
8
14
14
18
27
16
18
26
21
18
18
4
46
11
49
43
31
74
63
70
69
1
63
73
2
2
71
8
1
86
3
22
16
26
21
25
95
93
5
94
1
90
93
4
4
5
2
81
1
3
77
8
7
73
77
3
97
94
55
17
21
11
1
72
11
68
71
7
6
52
4
46
13
91
91
7
91
89
41
5
1
6
4
6
87
88
3
3
78
91
8
86
62
54
4
58
1
55
51
12
6
83
6
6
81
2
2
37
3
5
1
11
8
10
13
13
12
29
24
24
2
28
27
10
56
53
57
3
1
1
2
99
93
94
89
87
8
4
4
46
2
41
4
44
3
14
15
15
14
1
18
4
1
8
4
56
6
9
8
1
57
6
37
2
36
2
7
2
7
1
2
4
77
1
1
2
86
3
44
41
45
42
5
32
2
5
5
13
40
10
41
3
4
42
54
58
57
5
49
48
58
47
50
45
6
7
34
27
5
29
4
33
3
26
3
22
22
24
25
25
44
43
2
5
60
71
12
12
2
5
6
10
8
21
1
43
43
45
8
30
33
31
8
28
30
33
3
29
5
67
45
44
6
6
9
1
6
46
6
49
50
8
6
10
2
10
8
3
4
1
72
69
1
69
65
73
75
11
11
10
2
10
2
1
59
63
55
2
2
72
4
3
69
4
1
3
73
53
3
9
56
72
5
8
75
84
5
81
86
5
7
1
8
2
85
4
86
81
5
87
79
83
77
38
5
13
6
9
6
13
31
33
9
11
1
5
72
1
4
31
31
9
9
8
2
124
5
3
32
33
9
31
1
3
31
6
30
8
74
4
59
4
5
5
5
13
1
9
40
42
38
1
3
5
45
7
6
10
94
86
53
1
61
1
10
64
63
77
7
76
4
1
77
1
78
77
71
75
12
10
22
4
12
7
2
23
42
14
5
49
2
50
49
2
26
30
33
2
18
18
20
22
3
2
43
40
43
3
41
11
8
10
8
4
106
104
102
108
106
100
105
106
9
1
1
44
50
55
53
45
50
48
7
5
79
6
81
82
81
1
57
69
59
66
61
23
3
24
19
22
25
2
39
1
44
5
3
37
5
10
5
6
93
99
8
50
44
1
1
51
3
1
8
10
42
41
4
3
2
65
58
2
4
63
56
64
57
62
66
69
57
3
2
5
3
8
4
35
15
1
14
13
1
21
17
19
21
19
4
23
23
1
5
24
5
29
30
5
23
29
2
24
5
34
34
8
33
33
48
9
48
4
48
51
3
49
47
3
9
7
65
62
2
7
7
9
4
6
9
5
45
2
7
1
7
56
47
52
48
53
10
45
49
63
12
6
3
10
4
36
2
38
11
36
8
66
66
73
74
74
3
70
77
8
28
3
4
43
44
5
1
2
39
48
50
52
6
38
9
39
21
10
1
4
10
1
92
1
87
64
69
3
3
72
5
71
69
1
21
25
17
25
22
28
16
18
25
17
43
38
2
7
4
38
35
6
35
34
37
3
6
4
4
3
24
23
6
1
1
6
34
36
41
39
38
41
7
8
41
6
14
6
32
47
5
47
51
1
49
5
4
45
47
4
47
2
49
49
49
1
82
9
3
5
4
9
89
2
6
95
11
105
9
4
101
2
5
8
87
83
2
8
7
8
9
7
5
8
64
69
69
80
85
84
87
79
70
71
10
11
70
13
54
3
55
8
1
2
50
8
10
56
47
53
7
52
1
3
36
8
4
39
2
4
10
8
2
28
22
21
20
4
24
3
25
5
63
65
6
62
61
66
2
64
1
51
11
26
24
6
27
2
1
6
43
3
44
6
22
4
3
5
22
3
18
4
45
45
51
48
47
11
8
3
5
6
6
12
73
72
4
3
1
1
92
1
96
2
93
97
11
1
96
99
9
7
8
8
3
34
37
90
90
2
7
24
23
4
13
24
1
10
2
81
12
72
83
70
9
82
13
11
7
33
6
10
43
10
4
89
9
9
88
90
82
83
2
6
5
4
2
11
11
9
8
43
81
2
5
79
77
4
79
75
33
34
4
27
4
27
30
31
33
6
44
1
45
46
48
5
11
1
8
48
76
83
84
7
5
3
2
83
1
7
26
6
11
12
11
11
24
2
9
4
7
5
33
36
5
6
51
4
56
54
30
29
4
5
4
5
27
4
11
28
1
125
12
8
123
8
5
126
4
5
126
7
10
1
9
90
90
89
92
86
1
5
6
45
12
7
6
86
2
88
81
9
79
47
51
8
5
6
66
60
4
14
2
2
6
56
60
11
83
7
82
4
3
6
3
41
10
1
33
35
7
1
94
4
4
92
88
1
94
3
87
3
90
89
13
95
5
87
1
19
9
16
5
18
13
15
18
16
11
38
4
4
42
39
6
3
13
1
81
6
69
2
26
5
85
6
3
108
105
108
107
1
2
4
2
1
94
95
21
13
1
9
1
28
11
2
59
60
63
63
62
60
56
3
22
23
27
26
45
4
10
45
9
6
5
12
46
1
60
9
56
7
11
13
60
8
62
5
58
1
52
48
2
44
39
8
10
2
8
2
4
3
3
26
5
8
4
2
4
40
3
6
5
88
2
2
80
2
13
10
65
31
2
29
38
7
7
35
36
9
5
36
40
11
40
6
18
27
21
24
28
65
2
1
3
2
61
70
68
68
37
6
13
9
8
9
3
2
1
5
4
4
81
81
77
6
27
5
25
1
11
89
4
84
82
3
1
10
6
7
7
4
2
3
6
5
4
46
5
104
1
1
104
25
6
6
29
6
3
3
9
29
1
105
105
95
106
3
9
107
109
106
6
26
10
14
5
1
95
6
95
1
93
94
90
8
94
88
89
89
2
87
81
9
5
80
81
84
6
2
4
6
3
76
5
4
4
50
5
60
57
13
4
59
