-1 -1 -1 -1 -1 
67 -1 -1 
-1 -1 89 
168 182 158 
-1 -1 -1 
-1 108 118 -1 -1 
-1 -1 -1 -1 -1 
-1 -1 -1 
-1 -1 -1 -1 -1 
-1 -1 -1 -1 -1 
-1 -1 -1 
-1 -1 -1 -1 -1 -1 -1 
-1 -1 9 
-1 -1 -1 -1 -1 -1 -1 -1 -1 
141 160 165 -1 -1 
-1 -1 -1 -1 -1 -1 -1 
-1 -1 -1 -1 -1 -1 -1 
-1 -1 -1 -1 190 -1 -1 
-1 -1 -1 
-1 -1 -1 -1 -1 
-1 -1 -1 -1 -1 
-1 -1 -1 
-1 -1 -1 -1 -1 -1 -1 
133 158 119 
162 168 160 
-1 -1 -1 
-1 77 92 
-1 -1 106 
-1 -1 -1 
-1 -1 -1 -1 -1 -1 -1 
-1 -1 -1 
-1 165 -1 
-1 -1 -1 -1 -1 
-1 -1 -1 -1 -1 
-1 -1 -1 
-1 146 18 
-1 -1 -1 -1 -1 -1 -1 
-1 -1 -1 -1 -1 -1 -1 
150 -1 -1 
-1 -1 -1 -1 -1 -1 -1 -1 -1 -1 -1 
90 86 -1 
-1 -1 -1 -1 -1 
79 119 126 
-1 -1 -1 
-1 -1 -1 -1 -1 -1 -1 
-1 70 65 -1 -1 
-1 -1 -1 
-1 -1 -1 -1 -1 
-1 -1 -1 
9 -1 -1 
75 82 -1 
-1 -1 -1 -1 -1 -1 -1 
-1 -1 -1 -1 -1 
-1 -1 -1 
-1 -1 -1 -1 -1 -1 -1 
111 169 157 133 -1 
-1 -1 -1 -1 -1 
-1 -1 -1 -1 -1 -1 -1 -1 -1 
-1 -1 35 
-1 -1 -1 -1 -1 
-1 -1 -1 -1 -1 -1 -1 
-1 -1 -1 -1 -1 
-1 65 -1 
-1 -1 -1 -1 -1 
-1 -1 -1 -1 -1 
-1 -1 -1 -1 -1 
-1 -1 -1 -1 -1 
-1 -1 -1 
-1 -1 -1 -1 -1 -1 -1 
-1 -1 -1 -1 -1 -1 -1 -1 -1 
-1 -1 -1 -1 -1 
38 60 69 
-1 -1 -1 
-1 -1 -1 -1 -1 383 366 318 -1 
-1 95 71 
-1 -1 -1 -1 -1 
144 144 137 121 -1 
-1 -1 -1 -1 -1 
68 44 -1 
94 136 110 
151 116 62 
-1 -1 -1 
-1 -1 -1 
42 168 29 
-1 -1 -1 
-1 -1 -1 -1 -1 
17 -1 -1 
-1 -1 -1 218 241 228 -1 
-1 -1 -1 -1 -1 -1 -1 
-1 -1 -1 
-1 -1 -1 
112 89 -1 
69 -1 -1 
97 100 59 
-1 -1 -1 -1 -1 -1 -1 -1 -1 
51 -1 -1 
-1 -1 -1 
-1 117 120 118 -1 
-1 -1 -1 -1 -1 -1 -1 -1 -1 -1 -1 
89 56 -1 
-1 70 103 
29 59 -1 
-1 99 134 -1 -1 
-1 -1 -1 
-1 -1 -1 
-1 -1 107 
-1 -1 -1 -1 -1 
-1 -1 -1 -1 -1 
52 95 114 
-1 177 188 -1 -1 -1 -1 
-1 -1 -1 235 189 
52 45 -1 
-1 -1 -1 -1 -1 
-1 -1 321 389 315 -1 -1 
-1 90 100 
-1 -1 -1 
-1 23 -1 
-1 173 182 -1 -1 
-1 -1 -1 
-1 -1 29 
-1 -1 -1 -1 -1 
-1 -1 -1 
-1 -1 -1 
-1 -1 -1 
-1 -1 -1 -1 -1 -1 -1 
-1 -1 24 
72 102 106 -1 -1 
-1 -1 -1 
103 157 134 
-1 -1 -1 -1 218 202 -1 
-1 -1 -1 
-1 -1 -1 -1 -1 
-1 -1 -1 -1 -1 -1 -1 
-1 -1 -1 
153 109 76 
-1 -1 -1 134 -1 
-1 -1 -1 
-1 120 -1 
-1 144 143 -1 -1 
-1 -1 55 
78 83 -1 
296 319 265 204 -1 
-1 -1 -1 
88 -1 -1 
-1 -1 -1 
-1 -1 -1 
-1 -1 -1 
-1 -1 -1 -1 -1 -1 -1 -1 -1 -1 -1 
-1 -1 -1 -1 -1 -1 -1 -1 -1 
-1 -1 -1 -1 -1 
158 194 176 
-1 86 -1 
-1 -1 -1 
-1 -1 -1 -1 -1 -1 -1 
-1 -1 -1 -1 -1 -1 -1 
-1 -1 -1 -1 -1 -1 -1 -1 -1 -1 -1 
-1 -1 -1 
-1 -1 -1 -1 -1 
-1 -1 -1 
-1 -1 -1 -1 -1 -1 -1 
63 -1 -1 -1 -1 
-1 -1 -1 -1 -1 
-1 -1 -1 -1 -1 -1 -1 -1 -1 
90 134 -1 
-1 -1 -1 
-1 -1 149 
-1 -1 -1 -1 -1 
-1 48 -1 
-1 -1 -1 -1 -1 -1 -1 -1 -1 
-1 -1 -1 458 448 -1 -1 -1 -1 
-1 -1 -1 
-1 115 86 -1 -1 
-1 -1 51 
-1 -1 -1 157 163 
-1 -1 -1 -1 -1 -1 -1 
19 59 -1 
-1 -1 -1 
-1 -1 -1 
137 -1 -1 
-1 -1 -1 -1 -1 -1 -1 -1 -1 
-1 -1 -1 
128 172 -1 
-1 -1 -1 
-1 -1 -1 -1 -1 
-1 95 88 
-1 -1 -1 
-1 -1 -1 -1 -1 
-1 -1 -1 -1 -1 -1 -1 
-1 -1 -1 
-1 -1 -1 -1 -1 -1 -1 342 315 
-1 53 52 
-1 -1 -1 -1 -1 -1 -1 
-1 -1 -1 -1 -1 
-1 190 -1 -1 -1 
186 228 -1 -1 -1 
-1 38 -1 
-1 89 87 
-1 142 136 -1 -1 -1 -1 
-1 -1 -1 -1 -1 
-1 -1 -1 202 -1 -1 -1 -1 -1 
-1 -1 -1 -1 -1 
120 140 -1 
133 108 69 
-1 -1 -1 -1 -1 
-1 -1 -1 -1 -1 
-1 -1 -1 -1 -1 152 -1 -1 -1 
-1 37 -1 
-1 -1 155 155 -1 
-1 -1 -1 
-1 -1 -1 -1 -1 
-1 -1 -1 
-1 -1 -1 -1 -1 -1 -1 
-1 10 -1 
-1 200 199 195 -1 -1 -1 
-1 -1 -1 
-1 147 103 
128 125 82 
-1 -1 -1 
-1 -1 -1 
177 196 191 
-1 -1 -1 -1 -1 -1 -1 
147 -1 19 
-1 104 98 -1 -1 
-1 -1 -1 -1 -1 -1 -1 
76 102 -1 
79 95 63 
-1 -1 100 84 -1 
34 -1 -1 
-1 -1 -1 -1 -1 
-1 -1 -1 -1 278 249 172 
80 115 -1 
-1 -1 -1 
-1 -1 -1 -1 -1 -1 -1 
-1 -1 -1 -1 -1 
90 137 119 
-1 -1 -1 -1 -1 -1 -1 
-1 -1 -1 
-1 97 128 135 -1 
101 152 183 
-1 77 -1 
-1 172 170 150 -1 
-1 -1 -1 
-1 -1 -1 226 -1 
-1 67 -1 
-1 -1 -1 
-1 -1 54 
-1 -1 346 363 -1 -1 -1 
81 92 79 
96 -1 -1 
-1 114 128 -1 -1 
-1 -1 -1 -1 -1 -1 -1 
-1 -1 179 179 168 
-1 -1 -1 
-1 -1 -1 -1 -1 
-1 -1 246 243 238 221 -1 
-1 -1 -1 -1 -1 -1 -1 
86 -1 -1 
194 192 166 -1 -1 
-1 -1 89 
105 145 156 -1 -1 
-1 -1 -1 
61 100 98 
-1 -1 -1 
-1 -1 -1 -1 -1 -1 -1 
34 -1 -1 
84 52 -1 
-1 -1 -1 -1 -1 -1 -1 
159 -1 -1 
162 -1 -1 
-1 96 182 
-1 -1 -1 257 270 242 -1 
-1 -1 -1 
147 -1 -1 -1 -1 
-1 -1 -1 
-1 -1 -1 -1 -1 -1 -1 
-1 -1 137 -1 -1 
-1 -1 -1 -1 -1 -1 -1 -1 -1 
-1 -1 -1 
-1 -1 -1 -1 -1 
233 278 287 287 -1 -1 -1 
-1 -1 -1 -1 -1 -1 -1 -1 -1 
158 206 -1 -1 -1 
191 165 49 
-1 15 7 
-1 -1 -1 -1 -1 -1 -1 -1 -1 -1 -1 
-1 122 155 149 -1 
-1 -1 -1 -1 -1 -1 -1 
-1 -1 -1 -1 -1 -1 -1 
-1 -1 -1 -1 -1 
-1 -1 148 
-1 -1 -1 -1 -1 
-1 -1 -1 -1 -1 -1 -1 
-1 -1 -1 -1 -1 -1 -1 -1 -1 
-1 -1 -1 -1 -1 
-1 -1 -1 
119 148 141 121 88 
-1 133 113 
-1 -1 -1 -1 -1 -1 -1 
-1 -1 -1 -1 -1 -1 -1 
-1 -1 -1 -1 -1 
-1 -1 -1 -1 -1 -1 -1 
84 107 -1 
-1 -1 -1 -1 -1 -1 -1 402 -1 -1 -1 
-1 -1 -1 -1 -1 
-1 -1 99 
-1 -1 -1 -1 -1 -1 -1 
-1 -1 -1 
-1 -1 -1 
-1 -1 -1 
-1 41 -1 
-1 -1 -1 -1 -1 
-1 -1 -1 -1 105 -1 -1 
131 170 173 -1 -1 
-1 -1 -1 -1 -1 
116 151 134 
27 64 -1 
-1 -1 -1 
-1 -1 -1 -1 -1 -1 -1 
-1 -1 -1 -1 -1 
-1 -1 -1 -1 -1 -1 -1 -1 -1 
-1 91 -1 
-1 -1 -1 -1 -1 -1 -1 -1 -1 -1 -1 
-1 -1 -1 -1 -1 -1 -1 
-1 -1 64 
-1 -1 -1 
-1 -1 181 223 232 197 149 
-1 48 -1 
-1 -1 -1 -1 -1 -1 467 -1 -1 -1 -1 
-1 -1 246 221 183 -1 -1 
-1 123 119 105 -1 
-1 -1 -1 -1 -1 
-1 -1 -1 -1 -1 
21 69 -1 
-1 -1 -1 -1 -1 -1 -1 
-1 -1 -1 
-1 -1 -1 -1 -1 -1 -1 -1 -1 
-1 -1 -1 230 246 253 203 
-1 -1 -1 
-1 -1 -1 -1 -1 
-1 -1 -1 
-1 -1 -1 
-1 92 53 
-1 134 -1 
-1 80 32 
-1 -1 -1 
-1 62 -1 
-1 -1 131 146 137 
-1 -1 -1 
-1 -1 -1 100 -1 
200 240 232 213 140 
54 -1 -1 
-1 -1 -1 
-1 -1 -1 -1 -1 -1 -1 
-1 -1 -1 397 393 -1 -1 -1 -1 
-1 -1 -1 -1 -1 -1 -1 
-1 156 184 179 132 
-1 38 -1 
49 55 -1 
-1 -1 -1 -1 243 -1 -1 -1 -1 -1 -1 
39 -1 -1 
-1 98 98 155 -1 
-1 -1 -1 
-1 -1 -1 -1 -1 -1 -1 
-1 -1 -1 -1 -1 -1 -1 
-1 21 -1 
-1 -1 -1 -1 -1 
-1 -1 -1 
-1 -1 -1 -1 -1 
-1 35 -1 
-1 -1 -1 -1 -1 -1 -1 
-1 -1 -1 -1 -1 
-1 -1 -1 
-1 -1 -1 
-1 -1 -1 -1 -1 -1 -1 
-1 -1 -1 -1 -1 -1 -1 -1 -1 -1 -1 
-1 -1 -1 
-1 -1 -1 
-1 -1 -1 -1 -1 -1 -1 -1 -1 
-1 -1 -1 -1 -1 -1 -1 -1 -1 
-1 -1 -1 -1 -1 -1 -1 
-1 -1 -1 -1 -1 
-1 -1 -1 
-1 -1 -1 
-1 -1 -1 
-1 73 76 
117 130 -1 
-1 -1 -1 -1 -1 -1 -1 -1 -1 
-1 -1 -1 -1 -1 -1 -1 -1 -1 -1 -1 
-1 -1 -1 -1 -1 -1 -1 
-1 -1 -1 -1 -1 
94 120 -1 
-1 -1 -1 -1 -1 -1 -1 -1 -1 
-1 -1 192 
-1 -1 -1 -1 141 145 -1 
-1 -1 -1 -1 -1 
-1 -1 -1 
-1 -1 -1 -1 -1 -1 -1 
-1 -1 -1 
-1 -1 156 
170 193 203 212 209 
-1 -1 267 290 291 -1 -1 
-1 -1 -1 -1 -1 -1 -1 -1 -1 -1 -1 
-1 -1 -1 -1 -1 373 341 295 -1 
-1 -1 -1 
152 153 -1 -1 -1 
-1 -1 -1 -1 -1 -1 -1 
-1 -1 -1 -1 -1 -1 -1 -1 -1 
-1 -1 -1 
-1 124 -1 
-1 -1 -1 
-1 34 -1 
175 213 231 248 258 
-1 -1 115 
-1 -1 -1 -1 -1 -1 -1 -1 -1 
-1 -1 -1 -1 -1 -1 -1 -1 -1 -1 -1 
42 64 52 
-1 -1 -1 -1 -1 
-1 185 214 209 -1 
-1 -1 -1 
-1 -1 -1 -1 -1 
-1 284 284 278 241 
-1 -1 -1 -1 -1 -1 -1 
135 135 -1 
-1 -1 -1 213 239 -1 -1 
-1 -1 -1 -1 -1 
-1 -1 -1 -1 -1 -1 -1 
-1 -1 265 276 -1 -1 -1 
-1 -1 -1 -1 -1 -1 -1 
201 269 319 -1 -1 
-1 32 -1 
-1 -1 -1 -1 -1 
-1 -1 -1 
169 188 198 165 117 
-1 -1 -1 112 -1 
-1 -1 153 183 196 
-1 -1 -1 -1 -1 
72 -1 -1 
-1 -1 131 126 -1 
-1 -1 -1 -1 -1 -1 -1 
-1 -1 -1 -1 -1 
-1 -1 -1 
-1 -1 -1 -1 -1 -1 -1 
61 66 38 
-1 -1 -1 -1 336 390 377 
-1 -1 -1 -1 -1 -1 -1 
-1 192 191 -1 -1 -1 -1 
-1 -1 -1 -1 -1 
116 177 193 
54 96 129 
-1 -1 -1 
102 101 -1 -1 -1 
45 95 -1 
-1 48 -1 
-1 -1 -1 
-1 -1 -1 -1 -1 -1 -1 -1 -1 
-1 -1 -1 -1 -1 -1 -1 -1 -1 -1 -1 
-1 -1 -1 
-1 -1 -1 -1 -1 -1 -1 
-1 -1 -1 -1 -1 -1 -1 -1 -1 
-1 -1 -1 -1 -1 -1 -1 -1 -1 
-1 -1 22 
-1 -1 -1 -1 -1 -1 -1 
-1 -1 -1 
-1 -1 -1 
-1 56 93 
-1 -1 146 
-1 -1 -1 -1 -1 -1 -1 -1 -1 
-1 162 -1 -1 -1 
69 -1 -1 
-1 -1 -1 
-1 -1 138 -1 -1 -1 -1 
-1 304 268 217 -1 
-1 -1 -1 
-1 -1 -1 -1 -1 
-1 -1 -1 
-1 -1 -1 -1 -1 
-1 -1 -1 -1 -1 -1 -1 
-1 -1 -1 -1 -1 -1 -1 
-1 -1 172 -1 -1 
-1 -1 -1 
177 176 125 
-1 -1 -1 -1 -1 -1 -1 
-1 -1 157 215 214 212 -1 
45 116 100 
-1 81 -1 
-1 -1 -1 -1 -1 -1 -1 -1 -1 
-1 -1 -1 
-1 -1 -1 -1 -1 
39 69 -1 
-1 -1 -1 -1 -1 
-1 -1 -1 
-1 -1 -1 
148 126 65 
-1 -1 -1 
282 269 -1 -1 -1 -1 -1 
-1 -1 42 
28 29 -1 
-1 230 230 220 -1 -1 -1 
-1 61 -1 
-1 -1 -1 -1 -1 -1 -1 
-1 56 96 
-1 -1 -1 -1 -1 
-1 -1 -1 -1 -1 
-1 -1 -1 -1 -1 -1 -1 -1 -1 
-1 12 -1 
-1 -1 -1 
26 21 -1 
-1 -1 -1 -1 -1 -1 -1 -1 -1 
-1 -1 -1 
-1 86 -1 
-1 -1 -1 
-1 -1 -1 
-1 -1 -1 -1 -1 -1 -1 
99 79 58 
-1 65 135 
77 158 111 
-1 -1 -1 -1 -1 
-1 -1 -1 -1 -1 -1 -1 
-1 -1 -1 
-1 265 -1 -1 -1 -1 -1 
-1 46 -1 
-1 -1 -1 -1 -1 -1 -1 
-1 -1 -1 -1 -1 -1 -1 
-1 -1 -1 
-1 -1 -1 -1 -1 -1 -1 
-1 -1 -1 -1 -1 
16 35 -1 
93 -1 -1 
-1 -1 -1 -1 -1 -1 -1 -1 -1 
-1 -1 104 104 -1 
-1 -1 -1 -1 -1 
-1 -1 -1 -1 -1 -1 -1 -1 -1 -1 -1 
-1 -1 60 
-1 -1 -1 -1 -1 -1 -1 -1 -1 
-1 -1 -1 -1 -1 -1 -1 
-1 -1 -1 
-1 114 88 
-1 -1 -1 -1 -1 -1 -1 
-1 -1 -1 
163 154 -1 
-1 -1 -1 -1 -1 
-1 -1 -1 
-1 -1 -1 -1 -1 -1 -1 -1 -1 -1 -1 
-1 -1 -1 -1 -1 -1 -1 
-1 63 61 
-1 -1 -1 -1 -1 -1 -1 
55 52 38 
-1 -1 -1 -1 -1 
-1 -1 178 173 -1 -1 -1 
-1 -1 -1 -1 -1 -1 -1 -1 -1 -1 -1 
-1 -1 -1 -1 -1 
-1 -1 -1 -1 459 -1 -1 -1 -1 
-1 -1 -1 
-1 -1 43 
-1 -1 -1 
-1 -1 221 -1 -1 
-1 -1 -1 
-1 -1 -1 
-1 -1 -1 -1 -1 -1 -1 -1 -1 
-1 -1 -1 -1 -1 -1 -1 
-1 169 194 172 104 
-1 -1 -1 
-1 -1 -1 
-1 50 -1 
-1 -1 -1 -1 -1 -1 -1 -1 -1 
-1 -1 -1 -1 -1 -1 -1 
-1 -1 -1 -1 -1 
126 -1 -1 
-1 -1 175 156 -1 
-1 161 187 171 -1 
45 52 -1 
-1 -1 -1 -1 -1 
-1 -1 -1 307 -1 
49 56 -1 
-1 -1 -1 -1 -1 -1 -1 
112 93 62 
-1 -1 87 
-1 -1 -1 -1 152 -1 -1 
-1 109 -1 
-1 -1 -1 
-1 -1 -1 -1 -1 
-1 -1 -1 -1 -1 
-1 -1 217 214 -1 -1 -1 
-1 154 177 115 -1 
164 -1 -1 -1 -1 
-1 -1 -1 -1 -1 -1 -1 -1 -1 
94 119 118 -1 -1 
-1 -1 -1 
-1 -1 -1 -1 -1 -1 -1 
-1 -1 265 244 -1 
-1 -1 -1 
183 187 163 -1 -1 
90 131 -1 
40 74 62 
-1 -1 -1 
-1 -1 -1 -1 -1 
65 96 -1 
-1 308 354 341 -1 -1 -1 
-1 -1 -1 -1 -1 -1 -1 -1 -1 
-1 -1 78 
-1 -1 -1 -1 -1 -1 -1 
-1 -1 -1 
-1 -1 -1 -1 -1 
-1 -1 -1 
-1 -1 -1 -1 -1 -1 -1 -1 -1 -1 -1 
-1 -1 -1 -1 -1 
42 188 188 -1 -1 
-1 34 52 
-1 -1 -1 -1 -1 -1 -1 -1 -1 
-1 -1 -1 
-1 -1 120 
-1 -1 -1 -1 -1 445 -1 -1 -1 -1 -1 
-1 -1 -1 -1 -1 -1 -1 -1 -1 
-1 -1 -1 -1 -1 
-1 -1 -1 -1 -1 -1 -1 
-1 121 137 132 -1 
-1 -1 -1 
34 164 138 
-1 -1 -1 -1 -1 
-1 -1 -1 
-1 -1 27 
-1 -1 -1 -1 -1 -1 -1 
-1 -1 -1 
-1 -1 -1 
-1 -1 91 -1 -1 
-1 -1 -1 -1 -1 
-1 -1 -1 -1 -1 -1 -1 -1 -1 
-1 -1 83 
-1 -1 -1 
-1 -1 -1 353 335 -1 -1 
-1 -1 -1 
-1 -1 -1 -1 -1 
-1 -1 218 223 220 
-1 -1 -1 
-1 -1 51 
-1 -1 -1 
-1 -1 -1 -1 -1 -1 -1 -1 -1 -1 -1 
-1 -1 -1 
-1 -1 -1 -1 -1 -1 -1 -1 -1 
-1 27 -1 
38 -1 -1 
-1 -1 -1 
-1 58 -1 
-1 136 -1 
-1 -1 -1 -1 411 -1 -1 -1 -1 
-1 -1 301 367 -1 -1 -1 
-1 -1 -1 -1 -1 
-1 -1 -1 -1 -1 
86 -1 -1 
-1 -1 -1 
-1 -1 -1 -1 -1 -1 -1 -1 -1 
-1 -1 -1 -1 -1 -1 -1 
89 55 -1 
-1 -1 -1 
-1 57 -1 
-1 -1 -1 
-1 -1 -1 -1 -1 
84 -1 -1 -1 -1 
177 151 115 
-1 -1 -1 -1 -1 -1 -1 -1 -1 
-1 -1 -1 -1 -1 -1 -1 
-1 -1 -1 -1 -1 
-1 -1 -1 
50 132 -1 
-1 190 -1 -1 -1 
-1 -1 -1 
-1 -1 -1 
-1 30 32 
-1 -1 -1 -1 -1 -1 -1 -1 -1 
-1 -1 -1 
49 89 -1 
-1 -1 -1 
-1 -1 -1 -1 -1 -1 -1 -1 -1 -1 -1 
-1 -1 -1 
-1 -1 -1 
-1 -1 -1 -1 -1 -1 -1 
-1 -1 -1 -1 -1 -1 -1 
-1 -1 -1 -1 -1 
-1 -1 -1 -1 -1 -1 -1 
-1 -1 -1 
-1 -1 -1 
-1 -1 -1 -1 -1 
134 144 18 
-1 54 -1 
115 85 -1 
138 187 193 199 -1 
-1 -1 -1 
-1 -1 -1 
-1 -1 -1 -1 -1 -1 -1 
-1 164 162 139 -1 
84 -1 -1 
-1 -1 -1 
-1 -1 -1 
-1 -1 197 195 185 -1 -1 
88 -1 15 
-1 -1 -1 -1 -1 
-1 -1 75 
-1 -1 -1 -1 -1 270 211 
-1 -1 -1 -1 -1 -1 -1 -1 -1 -1 -1 
-1 79 54 
-1 -1 -1 
-1 -1 -1 259 -1 -1 -1 
-1 -1 -1 -1 -1 
-1 -1 245 -1 -1 
-1 -1 -1 -1 -1 -1 -1 
-1 -1 -1 -1 -1 
-1 -1 -1 -1 -1 -1 -1 
-1 -1 -1 
-1 -1 -1 
-1 -1 -1 -1 -1 
-1 91 103 -1 -1 
-1 141 -1 -1 -1 
-1 -1 -1 -1 -1 
-1 -1 -1 -1 -1 -1 -1 
-1 -1 140 
-1 -1 -1 -1 -1 -1 -1 
-1 -1 -1 -1 -1 -1 -1 
26 -1 -1 
-1 -1 -1 -1 -1 
-1 -1 -1 -1 -1 
-1 210 216 -1 -1 
-1 -1 -1 -1 162 248 233 
-1 -1 -1 
-1 -1 -1 -1 -1 -1 -1 -1 -1 
-1 -1 -1 -1 -1 -1 -1 
-1 -1 -1 -1 -1 
-1 -1 -1 -1 -1 130 139 
-1 160 -1 -1 -1 
-1 -1 -1 -1 -1 -1 -1 
-1 -1 -1 -1 -1 
-1 -1 -1 -1 -1 -1 -1 
-1 -1 -1 -1 -1 -1 -1 -1 -1 -1 -1 
-1 -1 -1 -1 -1 -1 -1 -1 -1 
-1 -1 -1 -1 -1 -1 -1 
-1 -1 69 119 110 
-1 140 143 144 110 
-1 -1 -1 -1 -1 -1 -1 
-1 -1 -1 -1 -1 -1 -1 
159 145 113 
-1 178 -1 -1 -1 
-1 -1 -1 -1 -1 
-1 -1 -1 
-1 -1 -1 
-1 -1 -1 
-1 99 131 
-1 57 61 
-1 -1 -1 -1 -1 
-1 -1 -1 
-1 -1 -1 
-1 -1 -1 -1 -1 -1 -1 
-1 -1 -1 -1 -1 
-1 -1 -1 -1 -1 -1 -1 -1 -1 
-1 -1 -1 -1 -1 -1 184 -1 -1 
-1 -1 -1 -1 -1 -1 -1 -1 -1 -1 -1 
-1 -1 226 -1 -1 -1 -1 
-1 -1 -1 -1 -1 
-1 -1 -1 -1 -1 -1 -1 
-1 132 156 157 -1 -1 -1 
-1 41 -1 
-1 -1 -1 231 -1 -1 -1 
-1 -1 -1 -1 -1 
-1 -1 14 
-1 -1 -1 
-1 -1 -1 -1 -1 -1 -1 -1 -1 -1 -1 
-1 -1 -1 -1 -1 -1 -1 
283 311 178 -1 -1 
-1 -1 -1 -1 -1 
-1 -1 -1 -1 -1 
-1 -1 -1 -1 -1 -1 -1 
-1 -1 -1 
-1 -1 -1 
-1 -1 -1 
-1 -1 -1 
-1 -1 -1 -1 -1 -1 -1 -1 -1 
18 12 -1 
-1 -1 -1 -1 -1 
-1 -1 73 -1 -1 
-1 238 -1 -1 -1 
124 153 166 
-1 -1 -1 
-1 -1 -1 -1 -1 -1 -1 
85 135 163 
-1 -1 -1 -1 -1 
-1 -1 -1 
-1 -1 -1 -1 -1 
-1 -1 -1 -1 -1 
-1 -1 -1 -1 -1 -1 -1 
-1 -1 -1 -1 -1 181 -1 -1 -1 
147 98 -1 
142 172 158 109 -1 
18 30 32 
-1 -1 -1 
-1 -1 -1 
-1 105 90 
-1 -1 -1 -1 -1 
-1 -1 -1 
-1 -1 -1 
-1 39 35 
-1 -1 -1 
-1 -1 -1 
160 76 -1 
-1 -1 -1 
-1 -1 -1 -1 -1 -1 -1 -1 -1 -1 -1 
-1 -1 40 
-1 -1 -1 -1 -1 
147 123 104 
-1 77 31 
-1 -1 155 
-1 -1 -1 -1 -1 
-1 16 21 
83 134 -1 
-1 -1 -1 
-1 -1 -1 -1 255 -1 -1 -1 -1 
-1 134 -1 -1 -1 
-1 -1 -1 -1 -1 -1 -1 -1 -1 
43 -1 -1 
87 -1 -1 
-1 -1 -1 
-1 -1 -1 -1 -1 
-1 -1 -1 -1 -1 
-1 -1 -1 -1 -1 
-1 -1 -1 -1 -1 
-1 -1 -1 -1 -1 -1 -1 -1 -1 
-1 -1 -1 
-1 -1 -1 -1 -1 
-1 82 -1 
-1 -1 -1 -1 -1 
-1 -1 -1 -1 -1 
-1 -1 244 -1 -1 
-1 196 199 333 307 
-1 -1 -1 -1 -1 -1 -1 
-1 -1 -1 -1 -1 -1 -1 -1 -1 
-1 -1 -1 -1 -1 325 290 
-1 -1 -1 -1 -1 -1 -1 
-1 -1 -1 -1 -1 
-1 -1 -1 -1 -1 
-1 -1 -1 -1 -1 
-1 -1 -1 
-1 -1 -1 
-1 -1 -1 -1 -1 -1 -1 
62 89 -1 
-1 -1 -1 
-1 -1 -1 -1 -1 -1 -1 
-1 -1 -1 -1 -1 
-1 -1 -1 -1 -1 
-1 -1 -1 
-1 -1 -1 -1 -1 -1 -1 
110 117 -1 
-1 74 -1 
99 -1 -1 
-1 -1 -1 
-1 -1 -1 
-1 -1 -1 -1 -1 
-1 -1 -1 
-1 -1 -1 -1 -1 -1 -1 
-1 -1 -1 -1 -1 -1 -1 -1 -1 -1 -1 
-1 -1 -1 
90 64 -1 
-1 -1 -1 
-1 85 -1 
-1 -1 -1 
-1 56 60 
-1 -1 -1 -1 495 -1 -1 -1 -1 
-1 -1 -1 -1 -1 -1 -1 
-1 -1 -1 
32 -1 -1 
-1 -1 -1 -1 -1 -1 -1 
65 141 145 -1 -1 
-1 -1 -1 -1 -1 -1 -1 -1 -1 -1 -1 
-1 -1 -1 
-1 -1 -1 
-1 -1 -1 
-1 -1 -1 -1 -1 -1 -1 
-1 -1 -1 -1 -1 
-1 -1 -1 -1 -1 -1 -1 -1 -1 -1 -1 
-1 -1 -1 -1 -1 161 -1 
-1 114 111 
-1 -1 46 
-1 117 -1 
57 42 6 
-1 68 -1 
-1 233 251 253 235 
-1 -1 -1 -1 -1 -1 -1 
-1 -1 -1 192 -1 
143 157 -1 
-1 -1 -1 -1 -1 -1 -1 -1 -1 
-1 -1 -1 
106 130 10 
-1 -1 -1 -1 -1 -1 -1 -1 -1 
-1 -1 -1 344 -1 -1 -1 
155 84 24 
-1 93 -1 
-1 -1 44 
92 95 79 
116 146 136 
-1 -1 -1 -1 -1 
-1 -1 -1 
-1 -1 -1 -1 -1 
-1 -1 -1 -1 -1 -1 -1 
13 -1 -1 
-1 -1 -1 
-1 -1 -1 -1 -1 
-1 -1 -1 
181 185 160 -1 -1 
-1 112 98 
-1 27 -1 
-1 79 78 
-1 -1 -1 -1 -1 -1 -1 -1 -1 
162 173 174 
-1 -1 31 
-1 -1 -1 
-1 -1 37 
-1 -1 -1 
111 120 -1 
-1 -1 -1 -1 -1 -1 -1 
-1 -1 -1 
51 66 50 
-1 -1 56 
-1 -1 -1 -1 -1 
-1 -1 -1 -1 -1 
-1 -1 224 207 174 
-1 -1 -1 -1 -1 -1 -1 
-1 -1 -1 184 -1 -1 -1 -1 -1 
-1 -1 -1 
-1 -1 -1 -1 -1 
-1 -1 -1 -1 -1 
-1 -1 -1 
-1 45 -1 
-1 -1 -1 -1 -1 -1 -1 -1 -1 -1 -1 
-1 -1 134 -1 -1 -1 -1 
-1 -1 -1 -1 -1 
-1 -1 -1 -1 -1 -1 -1 
-1 -1 -1 227 228 201 -1 
-1 -1 -1 -1 204 
-1 -1 -1 -1 -1 -1 -1 
-1 -1 -1 
-1 -1 -1 
-1 -1 -1 -1 -1 
-1 122 -1 -1 -1 -1 -1 
-1 47 45 
73 67 30 
-1 -1 -1 
-1 -1 -1 -1 -1 -1 -1 
-1 -1 -1 
-1 -1 -1 
-1 -1 -1 -1 -1 
-1 -1 -1 -1 -1 -1 -1 -1 -1 
52 -1 -1 
-1 -1 145 
-1 -1 -1 
-1 -1 -1 -1 -1 -1 -1 
-1 -1 -1 
-1 -1 -1 
71 76 -1 
-1 -1 -1 -1 -1 -1 -1 -1 -1 
-1 -1 -1 
-1 -1 -1 -1 -1 
-1 -1 -1 -1 -1 -1 -1 
-1 -1 -1 -1 -1 
-1 -1 418 449 439 -1 -1 -1 -1 
-1 -1 -1 
-1 40 -1 
-1 -1 -1 
-1 -1 -1 
-1 -1 -1 -1 -1 
-1 -1 22 
-1 185 209 198 174 
-1 132 134 -1 -1 
-1 -1 -1 
-1 -1 -1 
-1 56 28 
-1 110 -1 -1 -1 
-1 -1 -1 -1 -1 -1 -1 
-1 214 197 -1 -1 
-1 -1 -1 -1 328 326 -1 -1 -1 
60 -1 12 
-1 -1 -1 -1 -1 -1 -1 -1 -1 
172 180 -1 -1 -1 
-1 -1 -1 
106 120 -1 -1 -1 
-1 -1 -1 -1 -1 -1 -1 
-1 -1 -1 -1 -1 -1 -1 
112 114 -1 
-1 -1 -1 
-1 -1 -1 
-1 -1 -1 46 53 
-1 -1 -1 -1 -1 -1 -1 -1 -1 -1 -1 
-1 -1 -1 -1 -1 
-1 -1 77 -1 -1 
-1 178 -1 
-1 -1 -1 -1 -1 -1 -1 -1 -1 
-1 32 -1 
-1 -1 257 302 275 
-1 -1 -1 -1 -1 -1 -1 -1 -1 -1 -1 
183 234 233 -1 -1 
-1 -1 -1 237 242 -1 -1 
-1 -1 -1 
148 167 150 -1 -1 
-1 -1 46 
-1 -1 -1 110 -1 
