435
48 40 D
46 13 R
39 18 L
35 45 R
35 25 L
41 8 L
41 7 L
35 20 L
35 19 D
29 38 U
28 38 U
29 27 D
30 27 D
25 38 R
25 39 D
19 25 L
19 24 L
17 15 U
16 15 R
5 8 U
4 8 R
2 27 U
1 27 R
41 20 L
41 19 L
41 18 D
24 34 D
25 34 D
26 34 D
16 24 L
16 23 D
17 23 D
15 6 U
14 6 U
13 6 U
8 11 D
9 11 D
10 11 D
38 7 U
37 7 U
36 7 U
35 7 L
33 12 U
32 12 U
31 12 U
30 12 U
27 27 U
26 27 L
26 26 L
26 25 L
21 39 U
20 39 U
19 39 R
19 40 R
46 24 L
46 23 D
47 23 D
48 23 D
49 23 D
42 3 U
41 3 U
40 3 L
40 2 U
39 2 L
40 35 L
40 34 L
40 33 D
41 33 D
42 33 D
22 40 R
22 41 R
22 42 U
21 42 U
20 42 U
19 42 R
14 46 U
13 46 U
12 46 U
11 46 U
10 46 L
10 45 L
10 23 U
9 23 U
8 23 U
7 23 U
6 23 U
5 23 R
9 32 R
9 33 R
9 34 R
9 35 R
9 36 R
9 37 U
44 27 R
44 28 R
44 29 R
44 30 R
44 31 D
45 31 D
46 31 D
43 28 R
43 29 R
43 30 D
44 30 D
45 30 D
46 30 D
47 30 D
4 32 U
3 32 L
3 31 L
3 30 L
3 29 L
3 28 L
3 27 L
45 23 L
45 22 L
45 21 U
44 21 L
44 20 L
44 19 L
44 18 L
44 17 L
15 48 L
15 47 D
16 47 D
17 47 R
17 48 D
18 48 D
19 48 D
20 48 D
49 8 U
48 8 U
47 8 L
47 7 L
47 6 L
47 5 L
47 4 L
47 3 L
47 2 L
35 36 U
34 36 L
34 35 L
34 34 L
34 33 L
34 32 L
34 31 L
34 30 L
34 29 D
21 12 R
21 13 D
22 13 D
23 13 D
24 13 R
24 14 D
25 14 D
26 14 D
27 14 D
17 34 U
16 34 U
15 34 U
14 34 U
13 34 U
12 34 R
12 35 R
12 36 R
12 37 R
40 23 L
40 22 L
40 21 L
40 20 U
39 20 L
39 19 L
39 17 L
39 16 D
40 16 L
39 18 L
1 34 D
2 34 D
3 34 R
3 35 R
3 36 R
3 37 D
4 37 D
5 37 D
6 37 R
6 38 D
7 38 D
20 31 U
19 31 L
19 30 L
19 29 L
19 28 L
19 27 L
19 26 L
19 25 L
19 23 L
19 22 L
19 21 L
19 24 L
31 42 U
30 42 L
30 41 L
30 40 L
30 39 L
30 38 L
30 37 D
31 37 L
31 36 L
31 35 L
31 34 L
31 33 L
31 32 L
31 31 L
31 30 L
17 2 R
17 3 R
17 4 D
18 4 D
19 4 D
20 4 D
21 4 D
22 4 D
23 4 D
24 4 D
25 4 D
26 4 L
26 3 D
27 3 D
28 3 D
29 3 D
16 11 R
16 12 R
16 13 R
16 14 R
16 16 R
16 17 D
17 17 D
18 17 D
19 17 D
20 17 D
21 17 D
22 17 D
23 17 D
24 17 D
25 17 D
26 17 D
27 17 D
28 17 D
29 17 D
30 17 D
16 15 R
16 8 R
16 9 R
16 10 R
16 11 R
16 12 R
16 13 R
16 14 R
16 16 R
16 17 D
17 17 D
18 17 D
19 17 D
20 17 D
21 17 D
22 17 D
23 17 D
24 17 D
25 17 D
26 17 D
27 17 D
28 17 D
29 17 D
31 17 D
30 17 D
16 15 R
5 18 D
6 18 D
7 18 D
8 18 L
8 17 D
9 17 D
10 17 D
11 17 D
12 17 D
13 17 D
14 17 D
15 17 D
16 17 D
17 17 D
18 17 D
19 17 D
20 17 D
21 17 D
22 17 D
23 17 D
24 17 D
25 17 D
26 17 D
27 17 D
28 17 D
29 17 D
32 17 L
32 16 L
32 15 D
33 15 D
31 17 D
30 17 D
6 1 R
6 2 R
6 3 R
6 4 D
7 4 D
8 4 D
9 4 D
10 4 D
11 4 D
12 4 D
13 4 D
14 4 D
15 4 D
16 4 D
17 4 D
18 4 D
19 4 D
20 4 D
21 4 D
22 4 D
23 4 D
24 4 D
25 4 D
26 4 D
27 4 D
28 4 D
29 4 D
30 4 D
31 4 D
32 4 L
32 3 D
33 3 D
34 3 D
35 3 D
12 50 L
12 49 D
13 49 D
14 49 D
15 49 D
16 49 D
17 49 L
17 48 D
18 48 D
19 48 D
21 48 D
22 48 D
23 48 R
23 49 R
23 50 D
24 50 D
25 50 D
26 50 D
27 50 D
28 50 D
29 50 D
30 50 D
31 50 D
32 50 D
33 50 D
34 50 D
35 50 D
36 50 D
37 50 D
38 50 D
39 50 D
40 50 D
41 50 D
42 50 D
43 50 D
44 50 D
45 50 D
20 48 D
5 50 L
5 49 L
5 48 L
5 47 D
6 47 D
7 47 L
7 46 L
7 45 L
7 44 D
8 44 D
10 44 D
11 44 D
12 44 D
13 44 D
14 44 D
15 44 L
15 43 L
15 42 D
16 42 D
17 42 D
18 42 D
19 42 D
20 42 D
21 42 D
22 42 D
23 42 D
24 42 D
25 42 D
26 42 D
27 42 L
27 41 D
28 41 D
29 41 D
30 41 D
31 41 D
32 41 L
32 40 D
33 40 D
34 40 D
35 40 D
36 40 D
37 40 D
38 40 D
39 40 D
40 40 D
41 40 D
42 40 D
43 40 D
44 40 D
45 40 D
46 40 L
46 39 L
46 38 D
47 38 D
9 44 D
