7341
0
12118
19633
16527
1407
20816
0
0
0
0
0
6462
0
7247
19002
10863
629
24691
18072
0
6334
4681
0
0
10064
0
0
15010
20533
7174
0
0
0
0
0
0
9833
0
0
23797
0
5294
0
0
0
9928
17811
0
8196
0
3427
9528
0
0
0
18295
0
0
0
0
2570
3298
0
0
25298
0
0
0
0
11924
4603
0
0
0
0
10537
20438
0
0
0
0
0
14154
0
17602
88
0
5250
6231
0
9939
0
0
3696
8793
12378
0
10237
24521
0
0
17776
0
0
0
0
1864
4391
0
0
0
14044
0
0
11125
0
0
13071
0
3646
10946
0
0
0
493
0
11587
0
0
0
16677
0
6636
13836
4630
7335
5235
0
2508
0
2657
10294
11199
0
3319
1363
8905
11650
0
0
3517
6488
13843
27172
10381
2558
0
7399
3450
0
0
17009
0
6226
0
0
5048
21729
0
1446
20502
0
3400
0
4040
1211
12784
21878
0
0
0
0
0
7164
15385
15529
0
0
0
0
0
3327
7971
0
0
15268
13126
15041
7173
0
9899
17796
21296
0
18322
0
0
9778
24962
18682
0
0
0
16705
15004
0
0
0
2893
0
0
4501
0
4291
22871
2060
17565
0
21561
0
0
0
0
0
0
0
0
0
15346
0
5360
0
692
0
18471
0
3608
0
28582
31701
0
15970
0
0
0
30026
0
0
0
0
18585
9900
12036
13583
0
0
0
0
15161
9774
0
0
5126
13609
400
6633
4273
21013
0
0
11479
11870
0
0
20447
523
0
15037
0
1470
15244
0
9059
0
10743
0
565
17183
0
0
0
30163
11048
21327
0
0
8949
13678
0
0
0
0
0
11888
0
1026
6101
8415
3864
26104
25447
0
0
12046
28765
0
0
4443
6832
0
8581
9566
0
18747
0
0
0
0
0
1401
18245
0
0
0
14497
16085
0
0
5064
0
0
0
0
4204
28463
0
0
6385
0
11974
0
0
0
4446
16064
12272
558
1866
0
0
11947
0
0
0
7761
3613
0
7620
0
0
3935
0
8093
23020
0
0
0
0
436
13940
0
3056
0
6545
2113
16454
0
0
0
0
0
0
0
10594
11749
6041
0
19603
6499
0
4669
0
0
1443
23245
19087
11783
0
3112
0
2941
0
0
29358
15629
271
0
15718
7124
13050
0
2147
0
0
8607
0
6794
0
0
0
8606
0
0
0
0
0
0
0
8500
2447
4299
0
0
4807
0
0
18865
0
0
3524
17194
0
12038
13545
0
6452
6160
20557
9961
12336
11597
0
0
0
5610
0
0
0
0
0
0
1202
0
22014
0
2298
27807
0
8416
0
0
2613
3162
3490
31440
20621
0
0
0
0
0
10569
5208
14618
5278
0
0
0
14882
22453
0
5209
0
0
0
3947
8067
0
20758
0
817
3861
0
0
2231
27198
0
3852
0
0
0
0
0
1587
1529
0
4740
0
0
0
25478
0
14857
15523
25566
0
15197
0
0
0
6027
16022
0
0
20956
0
0
0
0
0
0
0
0
0
27152
53
0
9473
0
10649
0
0
18480
0
503
0
0
0
25353
0
6696
0
0
0
17735
7963
8236
0
0
0
0
7170
3515
3592
19390
19357
20083
0
11666
0
16289
4162
0
16179
7474
0
6955
5334
0
9374
0
5513
0
1114
0
21477
2968
0
0
9295
0
0
3767
3324
5073
105
0
13132
0
0
9720
0
0
2369
0
31973
0
3606
0
13917
3355
0
16006
0
0
14809
0
23771
17060
0
0
0
0
2966
0
6613
11016
12589
1764
12582
12529
0
0
0
2721
0
0
0
703
0
8467
760
10828
0
8045
3315
0
0
5259
315
0
11936
0
8495
0
0
0
0
19414
0
0
0
0
0
0
1373
0
13986
19692
0
0
0
0
0
22228
13415
1373
0
0
0
28750
0
149
17466
8675
1056
0
0
0
0
2545
18575
1992
13346
0
0
22361
3351
0
13779
15676
0
10098
0
11686
0
0
0
0
0
0
0
0
10204
3041
0
0
0
3091
0
0
20671
135
0
5300
0
7955
15798
0
0
1377
21478
13499
0
0
0
0
0
2484
11725
13894
15110
0
22577
3948
0
12157
5576
0
0
0
7110
0
0
0
0
0
0
16239
1712
15598
0
14092
0
0
5344
2428
0
9046
0
0
7532
0
1910
0
0
2429
6264
0
0
11685
14443
16203
0
0
2318
6088
0
0
0
0
15575
0
0
440
8671
4523
0
0
0
0
4599
0
0
0
0
9757
0
21014
4349
12511
16426
0
6796
0
0
9930
0
17264
3960
9503
0
0
0
0
0
20721
0
0
11351
0
0
1658
0
0
1219
2092
0
0
0
0
0
0
0
11956
0
0
0
0
3795
0
12755
13477
0
27224
0
0
0
9366
6498
0
0
22094
0
0
0
3041
0
2423
0
17368
0
0
11881
0
11023
0
0
0
10544
9143
0
13224
0
0
0
0
0
0
0
11738
11410
12570
0
3233
0
0
0
0
19660
12328
0
0
0
2450
10955
0
4115
2863
0
0
6706
10668
0
561
0
0
0
0
6804
1511
0
0
0
9738
0
0
0
5975
0
0
17413
3741
1818
15258
0
18378
0
0
0
0
0
8434
10210
13419
0
0
0
0
19196
3573
10560
5991
0
18412
15172
9922
0
0
0
0
0
14590
0
0
0
0
0
14127
0
0
8282
12463
0
0
15943
0
0
0
0
4343
1685
0
12859
15925
0
17679
9373
25047
1906
0
0
19768
0
0
8990
9083
1822
0
4496
0
10950
0
0
0
0
0
0
12892
10067
0
20636
9065
0
0
194
0
0
24722
0
12680
11886
17238
4752
3770
0
0
13301
451
0
0
14329
1485
5319
339
0
6425
13257
0
0
16345
0
8010
0
0
0
1723
1039
0
0
0
0
6214
0
416
0
2385
10977
5048
0
0
18353
3730
22567
8208
0
14472
0
0
23007
5908
0
0
0
0
7635
3184
10004
3811
0
0
15439
17975
0
15292
0
0
9695
7030
0
8607
0
15001
31234
0
11825
0
1253
4175
15208
0
27229
29184
14857
0
0
0
0
0
0
6263
0
0
0
8979
1993
8513
0
4403
18981
0
1038
5686
0
15261
14544
0
0
0
0
0
0
0
16908
23542
2289
5705
7522
0
0
6042
1327
0
0
0
10070
24710
0
0
932
0
0
0
4447
0
3318
6137
0
0
1176
13684
0
0
0
27480
0
0
0
0
0
9594
0
1818
3003
13758
3802
0
0
0
993
0
0
0
0
16086
0
13130
24389
0
0
0
5720
4188
18702
0
7111
1489
2686
8752
0
0
0
8033
0
0
6192
0
0
0
21452
368
9683
0
21672
12652
26132
47
18321
4617
0
6768
0
0
0
0
0
0
0
0
0
19212
5716
0
12410
2407
13274
250
718
700
0
15593
0
0
666
0
8377
18645
0
30332
0
0
1828
9466
0
0
0
398
0
19399
0
0
0
0
493
0
12598
12248
4718
2597
23276
10358
9245
0
3402
0
15616
0
0
4182
29419
15720
0
0
0
0
0
3100
0
0
22079
0
0
6021
0
4510
0
22134
9675
0
15037
747
0
4231
12080
0
223
0
17308
8476
11200
2277
0
9184
27676
23079
0
0
0
3817
0
2436
12027
9281
0
0
0
22040
10973
862
14807
9917
917
0
14346
0
0
0
19037
18726
10707
0
0
0
19374
0
18053
7748
13069
7412
0
2285
4039
0
13011
171
16112
3359
0
0
0
13002
7127
1533
13778
0
0
15662
6762
0
0
0
0
6219
0
6800
1450
0
0
0
0
13892
13205
0
0
2109
0
0
0
0
6098
0
0
3629
0
14841
9056
0
0
0
230
2746
9657
0
25358
0
0
0
0
15941
0
155
18548
9446
0
4448
0
0
0
0
18454
11845
0
0
9835
23605
3086
0
0
0
3859
1748
6472
13620
0
0
0
14462
11181
8927
15800
0
3344
0
0
3520
25782
2840
0
8835
0
0
4098
1987
6767
0
0
0
5968
13170
0
157
0
2415
0
0
0
0
11257
7405
11050
0
0
0
21924
0
0
21118
0
0
0
0
23802
0
11219
0
5945
26641
0
0
3329
0
0
0
0
1013
0
3123
0
0
22039
22416
3431
14775
14584
0
0
0
7316
25687
9677
10864
11481
0
0
0
0
0
6062
0
0
0
7143
0
60
0
1731
0
0
21239
0
0
0
12113
0
0
544
4113
0
5493
0
0
4642
4420
16274
0
0
17618
12500
18926
0
13667
870
14298
0
12066
431
0
0
2858
16203
0
0
0
0
1277
7790
13935
24993
0
0
0
0
0
0
28667
11239
0
8672
0
0
1736
0
1992
15093
0
0
0
6924
0
0
3767
9041
0
0
0
0
0
0
21716
0
0
6838
14336
0
21602
12488
0
2269
0
0
8048
10097
683
6975
0
14199
0
0
0
24536
0
21443
7891
18026
0
0
0
0
5169
0
0
0
0
10075
0
18095
0
16913
0
0
9599
2144
0
0
29600
27839
3421
0
3026
0
22890
0
0
0
0
11209
0
16749
15625
1300
0
8945
0
0
0
0
5696
0
3152
15289
0
0
0
0
9568
0
0
5162
16787
0
7995
6926
0
8998
0
0
0
0
0
0
0
0
6448
0
0
2824
15179
0
0
0
1404
1956
0
27995
0
0
4534
9983
0
20100
0
0
0
0
0
1995
15876
0
3163
0
5683
0
7951
0
1220
7957
0
0
0
0
0
23151
13073
20093
22745
13639
0
1782
0
0
0
0
0
0
4157
0
21647
3932
0
0
19755
0
957
16850
0
45
0
21037
1028
0
5259
14808
7043
0
14665
0
0
4523
0
5512
16591
0
0
0
0
15407
2311
56
20586
0
9296
13258
0
0
9315
10374
0
1491
10949
5840
0
0
966
3977
5593
0
8215
13230
0
0
0
11094
26555
0
0
8931
13721
17858
10344
27071
14764
15769
11920
0
0
13119
0
4488
19644
5274
16876
5077
3433
9742
0
0
0
18716
2792
15882
3119
817
0
0
0
0
0
973
10677
1924
16947
0
0
1619
0
0
0
0
0
1017
0
0
11353
0
0
0
0
19447
4584
21118
24535
12886
0
29141
9461
4149
5591
16275
13376
8748
0
14454
7912
0
13710
20517
7588
8245
7121
0
0
0
0
0
0
0
0
0
12923
891
0
21095
0
0
0
0
0
0
9463
0
9398
0
6814
8694
0
21498
20724
5381
0
4629
6263
7819
3435
0
0
7191
3105
10995
0
26431
11828
7023
19724
0
0
0
0
22627
2659
0
22890
1314
15354
6238
643
0
17341
10699
0
16634
3061
30181
0
10747
11893
0
0
20839
668
0
21943
0
14213
0
0
0
4076
0
0
1227
18578
12751
4531
1462
19544
11488
3938
0
550
