950000007
600000005
11800001
305000003
649312005
906000007
860000007
400000003
600000005
737600006
570000004
60000001
600000005
300000003
720000006
576000005
50000001
333100003
900000007
100000001
300000003
400000003
300000003
100000001
390000003
480000004
900000007
100000001
1
1
600000005
970000007
800000006
1
100000001
866400007
400000003
1
1500001
240000002
800000006
800000006
846600006
480000004
150000002
860000007
200000002
560000004
700000005
1
300000003
1
880000007
360000003
318400003
160000002
1
629440005
456000004
964000007
822000006
440000004
242900002
50000001
700000005
700000005
940000007
400000003
300000003
1
400000003
300000003
700000005
1
1
390000003
900000007
40000001
130000001
600000005
900000007
430500004
480000004
700000005
500000004
224000002
160000002
300000003
1
700000005
94800001
280000002
700000005
200000002
109000001
240000002
300000003
24000001
400000003
600000005
1
752000006
300000003
520000004
889110007
200000002
800000006
500000004
100000001
600000005
40000001
200000002
800000006
740000006
264000002
60000001
300000003
1
400000003
5000001
1
744000006
608000005
22000001
780000006
144000002
780000006
1
500000004
960000007
300000003
610000005
680000005
480000004
641600005
1
599200005
100000001
608000005
552800004
400000003
1
300000003
162080002
300000003
380800003
100000001
600000005
152000002
808000006
1
143000002
100000001
100000001
400000003
988000007
600000005
200000002
500000004
300000003
811680006
900000007
740000006
200000002
900000007
435000004
300000003
610000005
560000004
100000001
1
700000005
122000001
1
90000001
1
100000001
930000007
300000003
10000001
300000003
984000007
560000004
120000001
300000003
300000003
280000002
1
400000003
500000004
420000003
117000001
20000001
40000001
100000001
97800001
200000002
30000001
560000004
28200001
900000007
24000001
1
1
112000001
970000007
680000005
800000006
500000004
14700001
910000007
800000006
696000005
400000003
100000001
280000002
226000002
532000004
570000004
720000006
150000002
80000001
18000001
440000004
400000003
912110007
480000004
500000004
920000007
440000004
300000003
951900007
300000003
832000006
528000004
420000003
300000003
700000005
988000007
184000002
150000002
700000005
800000006
50000001
864000007
565120004
260000002
50000001
200000002
700000005
900000007
229660002
400000003
400000003
960000007
12800001
400000003
715000006
155000002
990000007
440000004
650000005
1
428640004
30000001
300000003
320000003
900000007
900000007
377500003
672000005
937000007
100000001
100000001
700000005
332000003
288800003
440000004
260000002
260000002
1
650000005
700000005
100000001
100000001
40000001
960000007
520000004
570000004
700000005
150000002
100000001
300000003
480000004
900000007
145600002
269600002
50480001
664000005
560000004
664000005
880400007
1
900000007
400000003
800000006
1
397600003
800000006
700000005
1
21000001
900000007
600000005
700000005
320000003
1
304000003
1
290000003
1
400000003
465300004
870000007
1
1
1
929800007
120000001
700000005
420000003
700000005
260000002
120000001
980000007
10000001
900000007
700000005
480000004
840000006
700000005
1
420000003
715520006
176000002
130000001
437600004
480000004
300000003
1
800000006
860000007
280000002
900000007
1
52000001
1
1
972000007
400000003
700000005
1
100000001
400000003
183000002
720000006
680000005
500000004
496000004
1
600000005
18000001
840000006
450000004
100000001
161000002
904800007
100000001
720000006
20000001
864640007
200000002
74800001
100000001
160000002
720000006
500000004
400000003
30000001
100000001
840000006
2000001
761600006
9120001
740000006
199200002
600000005
619000005
320000003
610000005
100000001
300000003
843000006
118000001
300000003
600000005
100000001
338500003
1
1
600000005
600000005
1
327680003
891000007
40000001
1
780000006
200000002
800000006
1
1
1
200000002
164800002
878000007
800000006
500000004
360000003
822000006
500000004
798000006
1
700000005
600000005
650000005
300000003
524500004
420000003
302700003
900000007
964000007
1
900000007
80000001
900000007
1
100000001
72000001
980000007
700000005
800000006
100000001
657600005
600600005
944000007
640000005
100000001
30000001
900000007
13500001
300000003
78000001
360000003
97000001
888000007
700000005
857160007
1
700000005
600000005
700000005
500000004
300000003
11520001
400000003
700000005
900000007
1
608000005
20000001
912000007
850000006
1
600000005
720000006
840000006
840000006
650000005
1
1
800000006
450000004
300000003
100000001
600000005
644400005
700000005
600000005
800000006
640000005
568600004
34400001
740000006
65200001
910000007
1
800000006
1
200000002
200000002
200000002
532000004
800000006
683200005
980000007
608000005
100000001
100000001
84400001
700000005
500000004
950000007
700000005
200000002
291000003
300000003
720000006
420000003
600000005
232000002
260000002
600000005
459392004
688000005
409200003
400000003
990000007
900000007
96000001
400000003
930000007
650000005
900000007
500000004
444000004
800000006
320000003
300000003
700000005
200000002
1
813800006
10000001
903000007
900000007
705370005
600000005
993920007
88000001
800000006
902400007
1
10000001
40000001
574900005
60000001
740000006
960000007
720000006
124000001
412000003
900000007
800000006
800000006
600000005
200000002
300000003
1
960000007
1
300000003
706000005
1
840000006
218000002
100000001
130000001
475000004
220000002
100000001
900000007
500000004
100000001
360000003
400000003
416000003
500000004
60000001
700000005
100000001
872000007
100000001
850000006
300000003
49000001
577280005
532000004
600000005
300000003
600000005
400000003
528000004
960000007
520000004
710000005
1
80200001
200000002
384800003
700000005
800000006
800000006
700000005
900000007
200000002
1
1
600000005
892000007
500000004
700000005
90400001
320000003
680000005
970000007
300000003
440000004
800000006
900000007
500000004
390810003
1
954432007
291200003
400000003
920000007
56000001
900000007
1
1
940000007
184000002
675700005
500000004
136000001
350000003
720000006
700000005
903120007
468000004
130000001
1
480000004
278000002
22000001
912000007
126000001
500000004
1
300000003
400000003
70000001
800000006
260000002
800000006
90000001
488000004
18000001
700000005
450000004
320000003
900000007
400000003
130000001
100000001
610000005
90000001
700000005
925200007
700000005
553600004
297000003
880000007
900000007
800000006
935000007
885000007
984000007
1
376000003
696000005
240000002
1
415000003
740000006
900000007
830000006
300000003
650400005
874500007
720000006
260000002
100000001
490000004
990000007
940000007
900000007
900000007
225000002
704000005
272000002
1
596000005
749000006
375000003
580000005
400000003
900000007
400000003
260000002
400000003
164800002
700000005
977200007
200000002
280000002
1
220000002
320000003
600000005
800000006
480000004
900000007
600000005
700000005
800000006
700000005
800000006
800000006
700000005
860000007
290000003
1
40000001
720000006
42160001
520000004
200000002
980000007
400000003
200000002
500000004
6400001
672000005
600000005
1
180000002
1
416000003
560000004
400000003
296180003
400000003
160000002
900000007
832000006
500000004
600000005
921000007
1
883200007
700000005
1
300000003
260000002
750000006
1
1
600000005
400000003
600000005
1
90000001
900000007
200000002
505600004
900000007
500000004
800000006
700000005
720000006
473400004
20000001
24000001
1
124000001
140000001
400000003
200000002
22000001
700000005
906000007
600000005
300000003
910000007
600000005
300000003
700000005
840000006
272000002
1
997840007
170000002
100000001
280000002
500000004
732800006
822000006
350000003
800000006
600000005
904000007
1
281600002
300000003
500000004
250000002
500000004
550000004
1
300000003
42000001
900000007
500000004
646000005
960000007
200000002
502500004
600000005
870000007
500000004
160000002
400000003
64000001
300000003
504000004
300000003
870000007
260000002
200000002
900000007
970000007
200000002
940000007
700000005
395000003
30000001
560000004
130000001
500000004
200000002
400000003
800000006
200000002
1
600000005
30000001
800000006
919200007
918000007
700000005
740000006
484000004
85500001
400000003
299000003
940000007
1
148000002
392000003
100000001
264000002
320000003
1
500000004
400000003
580000005
788000006
950000007
500000004
640000005
830000006
256000002
1
200000002
922000007
200000002
882000007
1
888000007
900000007
215400002
130000001
484000004
88000001
300000003
816000006
500000004
800000006
545000004
640000005
100000001
100000001
1
200000002
935000007
100000001
800000006
822000006
243500002
300000003
290000003
200000002
400000003
100000001
1
100000001
580000005
1
1
940000007
900000007
800000006
976720007
20000001
400000003
720000006
710000005
900000007
60000001
1
300000003
900000007
1
300000003
900000007
600000005
522000004
740000006
630000005
1
320000003
320000003
1
600000005
1
800000006
1
908400007
700000005
880000007
232000002
600000005
379200003
835800006
760000006
520000004
400000003
200000002
520000004
610000005
520000004
400000003
700000005
910000007
860000007
900000007
200000002
900000007
300000003
1
650000005
300000003
512000004
720000006
100000001
300000003
10000001
500000004
