555661957318
1009369576856
1016469153162
975777639605
939094521626
753419101050
804298005253
208293308261
422790852617
961374641770
399927200049
679269596708
616504567925
998634079700
883938449084
212725334397
935349500215
12061645680
639904427825
576315351944
799410200453
795408310273
431201519046
581235484049
273703278779
942103999710
1012247058509
132037974927
816857978944
1008905845250
711679163146
985546221077
43466766429
81260538390
810315479875
913475255208
525790961186
938327588966
436045429524
165403402806
307030002322
887586138052
333361642315
1017752844027
79957198737
146291167419
970294053617
129353932185
573800617757
444903850206
1017752844027
421094609915
269007213567
210376274386
299646540635
204481899567
844974552520
808280972509
430177603010
939428876446
821230085677
190519229412
238303355041
972452821664
1005370328447
803687029653
531899769965
1014757186158
985007321417
849269705824
1007972436761
525906221729
1006662391787
296723801789
520834757837
1013059603973
363050048140
895497359580
342713241440
814235948017
8443151976
725521024948
430807705186
353081858039
737297862856
416601361876
540808535990
939271516254
246633898857
1010956965815
394931630647
307783455993
634947196217
816143582419
726016705840
826802378572
257178445533
697121958854
937441009641
358088481225
501917897105
177481829589
72814536573
712387278706
991909692851
368342475515
133518826095
602864880400
120143308388
962048567552
1015136945550
969774058394
768686903676
1009738184030
989632513562
1007395086242
1012924191979
699566516798
841422791134
202664536150
736849999414
745684250146
947296886046
1001840519540
966302067356
756863437384
652727986277
74744931413
870784210612
473981995250
499005087423
262804863287
367665044811
310575734874
914304275428
778594661361
400689226161
638213589137
968182151212
559157539044
999679816340
803992517453
825659344132
284291576757
995419112015
581855056240
413417749213
1006749054572
1011846543405
635869471865
498729551372
607129684105
558811822170
990588731705
948654117702
425941017635
877921158868
369231603314
467687993490
404922704561
188568888184
421983117997
871321382464
429171956115
342624600690
218974720464
799776785813
1014879816795
169845956310
146800210008
31257741972
902674306056
474454045382
668849770085
478269783949
806924634265
698291095262
704207465318
192026311270
891233827020
498808275958
1004204320067
508463459555
435218420418
159479998134
1017532404983
367453347716
878340373632
490308016030
207451259554
1015374295170
1001702231540
1013159691099
397895130417
541027275218
33669401124
379858797483
432619248942
951549005848
688904083956
255450647955
119402882804
273348858763
287348449395
402086274033
1015657808382
901584736624
549885353568
953855048834
626993679740
35930331579
851162599620
369485639828
971791009562
119032670012
923466082956
977637016463
857600477704
260501133183
490386709218
456553998655
976597026017
975084312641
1010808333890
581381265741
963609209224
123846131142
889907394668
763687122574
278222133983
1015528463562
584187563312
2563099707
1016680808322
968024160972
679305017617
1005653952107
934678638701
1016414279602
340009698565
990105693674
131251272744
827059561321
102499275750
56500162959
441951970656
633717495353
330525138315
741140736034
432540486170
795958188313
540772079452
611893969325
179194167019
985629128717
957526170857
706367952948
164755530420
629222135730
774254119899
876416917656
683484684879
506427189962
498768913665
1013300990571
59589560655
674204406721
329727371565
914587630300
888438844564
968639465612
365124679671
834203526571
1010659701965
826030830325
196990816214
536980599500
794644590773
1013704936176
752769226270
1013700980349
1010528905871
790674295821
986325760205
969411637481
1000952458100
705447089368
433249351118
100231045645
6231850268
292354632121
952471691248
588707509454
105008806930
858185739348
486648782788
217024557436
214764141199
939468216494
992165998745
655463583077
951797421148
674062723085
1013894815872
956054175070
297062670061
915484920728
1011551493515
313811710825
199960653993
783375680917
1017752844027
780544759699
467648655979
379562421550
906535171652
985960759277
400435217457
969191033447
842964641038
835746623065
20856595655
61279075020
568698258537
982133189897
998456501780
270823616149
976691570603
649262896997
974060079626
416684053114
987497026847
241449886023
282430871673
929805027114
435139657646
967076219532
876712833960
886638686372
718760318746
934264283060
656813144165
991939266608
312481695565
899145048548
962633818889
898102851700
980765213837
315806733715
641134128689
459427116180
675408717627
802129041873
434745843786
927077465917
528518794037
491881879790
189942992231
880757023448
887775628388
810138566191
454704128052
860234155102
677498551258
165634785801
310664378648
1008483730583
785357632378
1012435531305
1001001785300
436084810910
948319727294
738641453182
511268132768
994798063118
351398161563
600372030734
607244949070
202974817709
1016598497982
977889135359
989376207668
103561000480
985104046997
157999146966
859914921478
190652207223
756830943645
738848159386
101534071450
726406169398
291424279579
66540705471
614084003660
801212578473
1017245967178
1003564798388
467137268336
982271369297
770511189218
346036917521
1017214475386
489048925022
735186802342
492472078700
854354935860
311683782049
742510471906
772429834357
994512183467
888344099396
959672092426
1015677406082
49597289982
870681892164
277823411465
89708110215
801029285793
1016833670382
925992663898
551859071704
274988051337
759267974070
1016720003722
2512842850
909188036356
957100533521
653968123493
618195120745
236884672097
993299659430
563536553160
659621690213
921388147228
857307846882
713201611600
333007079315
603633313500
1016190865822
22967383649
953589025499
679765489434
841780720576
999018831860
197700031206
861191855974
424689028974
475201458091
268962911065
353524936059
274722236325
815429185894
128891166195
143699677875
262007418251
211262712126
712528901818
504736701998
1017752844027
1016194785362
987224930568
682740845790
1005583046192
808192515667
414947537116
832174640440
224825867073
517991664443
734868150340
988883311718
981691015817
1005929697332
687487247596
396963765169
331588827315
915886340130
158647019352
830345785336
752834213748
731256760984
1012311847717
508924501727
809607825139
926016276804
184668205728
770228110427
423315880120
222564841131
570192520880
198630875883
1013839434294
616619832890
794430749313
413086984261
568443140576
258507520593
36231788973
943067830886
880658384680
794094712733
1007773251122
456239127063
5377483699
1010606194472
998091480500
987591669031
897084341144
904095483576
1015532383102
1011929002397
873186498004
658928672357
837946964362
563536553160
289563574495
835060802401
402001604465
751404489232
515763293945
997795517300
356493558793
745283351842
681713639429
893270848132
534939033372
801120932133
426546818600
616081929720
989642371481
1009833308462
347366151581
867075166872
433052444188
423881294354
263292190809
258551823095
1012506181041
777619612192
614122425315
223274182603
146059784424
947434576214
558504518282
311196241292
447580220998
651414899813
991564665686
873778330612
788881101642
195705364041
534975489910
859941524280
564419988312
925544018684
609358140095
720639209254
286373794351
902674306056
117135329453
287569961905
922757695776
740973695074
913617372960
1012117480093
977826105635
633832779809
800509956533
162256594074
611048692915
562076925980
924505050820
320240117915
171002871285
653676326501
1012005571461
310221159778
939546896590
470913669392
829374206062
283671341729
585062346554
726866444512
983266260977
261741603239
51238532508
716813000956
841061733211
753451594789
472251144766
58141405485
947808306670
794155810293
550541502114
876762153344
294732950691
866537995020
51769522737
833203371436
116811393260
841863319678
998140807700
1008620471954
31107013275
50707542279
1010814279167
684759837603
209578540498
507618215573
845800543540
535084859524
675302454900
522371565077
516877479194
264001030841
975777639605
705128328898
120374691383
473942657739
31006527477
515878554488
492511425294
186618546956
1015429676748
359705234039
429979690735
156842231991
840147305659
25329079890
834489285181
965022346412
1001895886292
160822019505
836260988563
644593721478
861351472786
818172468550
951868396948
693898432125
416022523210
1008394551428
490858868346
878266394556
668959193957
477640383773
468592756243
804572944273
1002528649172
306719759697
364066194196
388242002445
674877403992
568370249730
124447849428
879869274536
905208739300
172391169255
921860405348
279994234063
215694900826
74069293219
879622677616
182248606759
1009339850471
290538229539
949561683448
1008442113644
204304595819
1000567705940
213700415911
432028528152
350689236731
826716650989
14323204245
1017674812507
880954300984
164431594227
666041224037
739399375930
267545231001
242779120083
43215551934
146429997216
7186730551
93618129174
860739608340
821315813260
854221921850
801670810173
964327189356
1017624092019
943008820814
920018598680
699283089790
980143406537
737780177332
51672979059
324141496011
1006662391787
997233187220
884554292676
929173628042
967439597084
542084476410
748025140376
819286927129
860154346696
332386594065
823173244225
437187489718
986043666917
424406321857
891470689940
892868181168
366733577593
760990142237
814353856057
698822520902
1013389302741
1008656143616
710298337804
491724493414
345195069283
864568364896
1017141650617
884104253128
609281296785
832917612826
235731992205
794400200533
878291054248
617388265990
923938341076
872496026628
286683911865
829631388811
300239560111
1003778355860
924953696034
315496396821
906582544236
702684213886
764174528659
581016811511
769976484835
491016254722
952524923098
276405731401
385743976724
428848862267
991968840365
324052828327
99362361775
1013602084674
395693721649
1016982612902
759787873894
203639706764
686743408507
849545036164
676471344897
538220121792
206033072258
475044108047
881324196364
369866694599
868814580488
616619832890
668047328357
561577557162
1008876118865
971901311579
221589711797
226953891489
987863765310
377995863047
1000163222900
934145895734
646131565598
1004558849642
126762150528
1016794474982
905256111884
908880114560
984302606477
112103058535
187593717570
998308520180
263646610825
1016939497962
953695434833
764012059964
540772079452
949224548398
968276945356
173501807631
123290698878
96707526870
890191630172
945998664462
901253128536
538293034868
762874779099
402213278385
728565921856
700345941070
114660849930
76096207801
337040233440
795316663933
848250983566
979355783957
129585315180
973335237800
11458563396
315895401399
1001800971860
993063069374
657542636645
815029123840
589472993663
879030845008
352771703425
992550457586
765038332592
976297634828
1014207326205
563190861144
518183765348
19851458515
983653163297
245792050619
825916526881
1009500372950
851747861264
943008820814
627147366360
276007008883
887633510636
761282585888
691171022132
367707384230
571322328993
122457550482
260013805661
524523095213
551974310662
1009987885664
839518636717
494360715212
851747861264
573472608950
960878064878
1016727842802
1000133626580
807691260229
315718066031
461905379373
606399672660
963995409852
999531834740
407505126385
984952049657
821087206372
498335928442
1009179327992
990460578758
801793005293
504698281817
48438765846
557889910506
152307125289
134490634674
998012556980
586739121488
940510727766
241582809429
569026267344
867279803768
899192421132
1002417915668
331854749565
856403351614
728282675632
925189825094
988567858310
11910875109
488261993142
989159333450
959778501760
935152188005
23168397165
1012853542243
437187489718
803137151613
917728146798
567203996194
22263787651
708244802680
76337507156
801334773593
308492606185
1013629775463
664472815205
917373953208
685220309420
77302704576
153556593462
935329768994
47569872744
979715050397
994768489361
1008037834808
77109665092
209223993674
459505791202
766390820149
819944171932
1013206790923
229347918957
682351215791
846874331866
214719819312
890499551968
887751942096
965796498588
236929005939
808251486895
915980791754
804206358913
776424390630
611701861050
670235805797
203551054890
511921275845
107904419830
825002099329
962722493334
462967492170
396794426033
810462890737
824344854526
20756081941
445572942904
510269208062
217645063854
544490354412
135092230461
680615591250
974769164021
406277417649
868226249412
657433212773
1017752844027
571650337800
797699468773
330081934565
979715050397
894336731272
991544949848
889954767252
1004196441632
875356550900
191361422215
261209973215
715857044950
893720887680
931817611656
477601046262
509001342089
997252918100
707465884595
353746475069
982036464317
661591319909
544854881382
353879398475
793941968833
515071730687
335001496190
848939309416
492826198046
859914921478
113792166060
775638060655
929173628042
82612149882
638021448377
682351215791
866998428036
824916371746