-1 -1 106 98 
92 119 -1 92 
116 119 126 126 138 -1 -1 119 116 
215 281 -1 287 254 215 209 
154 -1 -1 -1 -1 158 
6 
24 
39 42 50 -1 40 
192 225 269 -1 -1 252 202 193 191 
216 224 269 -1 -1 -1 245 219 
20 
92 114 98 92 
293 357 395 -1 404 364 318 300 294 
233 253 328 -1 344 288 233 
3 
-1 -1 
96 116 100 
-1 -1 -1 143 126 
274 290 338 -1 -1 415 369 302 274 
123 148 160 -1 163 134 132 122 
42 -1 45 -1 
8 
109 -1 -1 -1 -1 
99 -1 -1 134 117 116 
311 323 353 -1 -1 388 -1 305 305 
210 226 -1 -1 -1 212 208 
161 -1 -1 186 184 160 
-1 81 -1 
99 -1 108 
192 196 -1 -1 -1 -1 204 196 
228 287 305 -1 -1 271 228 
28 29 -1 
180 186 200 211 -1 252 205 185 
212 232 -1 -1 231 212 
116 -1 108 108 
45 
211 222 229 243 -1 -1 247 232 222 
111 -1 131 111 
-1 -1 
54 54 
266 264 296 333 -1 -1 306 273 252 
229 224 254 -1 -1 -1 221 221 
131 172 -1 160 128 
250 255 307 -1 321 262 262 247 
360 380 418 506 -1 542 454 391 361 
171 196 -1 -1 -1 -1 169 193 
128 -1 -1 129 127 
-1 -1 82 
235 -1 -1 235 235 218 
107 -1 -1 -1 -1 107 104 
126 128 -1 -1 
44 46 
93 96 -1 80 
276 262 327 -1 -1 296 287 269 247 
8 
3 
54 57 -1 
225 288 288 -1 -1 -1 250 225 
3 
-1 -1 54 56 51 
-1 43 40 
190 176 -1 -1 -1 -1 -1 
250 258 322 -1 -1 -1 -1 278 254 
12 
86 -1 -1 -1 75 
-1 50 
40 40 
120 157 123 
195 222 -1 -1 -1 -1 207 195 
3 
58 62 -1 58 
132 -1 -1 -1 157 135 
180 200 202 -1 181 
99 111 -1 112 
188 201 223 -1 -1 -1 200 188 
308 312 358 -1 -1 -1 347 312 
95 -1 -1 -1 98 
145 164 -1 -1 -1 142 
108 111 -1 -1 111 
70 65 
75 -1 72 
32 -1 
269 269 269 -1 -1 -1 -1 266 270 
171 187 189 -1 -1 -1 173 168 
229 277 -1 -1 294 269 248 229 
-1 -1 
38 -1 38 
6 
132 -1 147 130 118 
140 146 147 -1 -1 -1 175 141 
253 271 -1 -1 -1 340 281 253 
-1 -1 46 
233 248 263 -1 -1 308 -1 248 233 
114 122 -1 -1 -1 
20 
16 
-1 77 -1 -1 74 
138 147 -1 -1 146 
150 -1 -1 -1 156 152 
252 281 316 -1 289 258 248 246 
-1 -1 -1 
76 85 69 
191 227 255 -1 -1 209 193 
264 316 320 -1 -1 311 264 
192 232 238 193 
20 
112 119 -1 -1 121 
84 -1 98 84 
124 154 125 
24 24 
150 -1 -1 -1 135 132 
50 65 
257 257 257 291 -1 -1 -1 260 241 
139 187 139 
100 133 108 -1 101 
232 299 -1 -1 -1 285 239 
-1 -1 -1 74 
206 239 251 251 -1 246 215 206 
53 -1 -1 -1 
8 
199 236 292 -1 290 227 226 206 
-1 -1 
249 276 331 -1 287 283 263 249 
42 -1 42 
-1 -1 
164 -1 -1 210 183 184 
250 305 312 -1 -1 -1 270 270 250 
219 269 -1 -1 -1 266 244 219 213 
20 -1 
35 37 
94 124 94 
28 
230 240 262 -1 -1 -1 269 232 
36 42 36 
212 248 242 268 -1 -1 269 220 208 
50 49 
109 118 -1 126 -1 123 109 
205 226 -1 266 -1 215 205 
177 193 -1 -1 195 182 
33 42 33 
48 60 65 
6 
85 -1 -1 105 -1 87 
270 278 -1 -1 350 334 279 
103 -1 -1 103 
138 141 176 -1 -1 142 
-1 -1 -1 -1 
83 85 93 -1 99 83 
194 218 -1 -1 -1 -1 202 
130 160 130 
-1 40 
31 -1 31 
165 162 182 211 -1 199 165 
8 8 
-1 52 -1 42 
226 240 240 -1 -1 -1 259 245 235 
232 244 -1 -1 290 284 244 
135 -1 -1 -1 -1 136 124 
193 205 225 -1 -1 236 197 
175 188 -1 -1 -1 200 198 181 172 
262 268 286 -1 -1 -1 267 267 
13 -1 
-1 -1 -1 -1 146 
-1 -1 69 -1 
117 138 -1 133 113 
173 193 229 221 177 167 
139 140 -1 147 -1 -1 
70 90 70 
57 69 55 
213 216 265 272 -1 -1 233 216 
97 102 -1 -1 -1 -1 124 99 96 
67 77 65 
196 240 266 222 202 196 194 
6 
85 86 -1 -1 -1 85 
53 55 
216 224 254 -1 -1 264 224 
321 388 432 -1 -1 439 365 338 318 
45 -1 
118 117 128 130 -1 141 118 
220 245 -1 -1 229 218 206 
201 203 -1 189 175 173 
195 203 -1 -1 265 212 233 198 
20 
132 180 -1 -1 145 139 129 
55 -1 
182 183 190 205 -1 -1 -1 -1 216 
130 -1 150 129 126 
50 
69 -1 79 93 71 
76 -1 81 76 74 
195 198 215 -1 -1 -1 194 193 
40 
-1 -1 -1 -1 
258 318 -1 -1 -1 -1 259 258 
12 13 
16 -1 
182 196 220 -1 -1 -1 200 
202 218 210 213 -1 -1 220 
20 
32 
-1 -1 -1 
238 259 -1 -1 -1 269 238 
223 243 -1 -1 273 224 
105 117 -1 114 104 103 
24 
24 
294 -1 310 -1 -1 -1 -1 284 284 
221 254 273 -1 -1 -1 282 243 221 
203 -1 -1 -1 -1 
6 
103 -1 -1 -1 103 
183 195 -1 -1 -1 188 
78 86 -1 86 
73 98 -1 78 72 
146 174 -1 -1 -1 -1 -1 148 146 
130 131 -1 -1 153 132 
-1 24 
85 87 -1 93 
-1 65 58 56 
16 
28 -1 
94 100 -1 100 
236 236 -1 -1 -1 -1 225 
196 232 -1 -1 249 229 195 
45 
70 78 -1 
221 251 252 -1 -1 221 213 
3 
-1 -1 -1 -1 -1 
230 292 -1 -1 267 230 222 
28 -1 
206 238 -1 -1 -1 206 213 
248 293 -1 -1 -1 -1 274 258 249 
98 -1 91 88 
182 -1 -1 200 186 178 166 
154 163 199 -1 -1 179 172 154 
105 -1 -1 -1 105 
129 151 153 -1 143 131 
-1 42 
194 190 -1 -1 -1 -1 213 190 
118 -1 121 
147 172 -1 -1 164 -1 144 
-1 -1 -1 -1 -1 263 263 241 
-1 120 -1 -1 120 112 
123 135 155 -1 -1 137 
100 -1 -1 -1 116 100 
28 
-1 -1 -1 91 
316 345 407 458 -1 446 398 320 
74 -1 -1 
163 195 -1 193 163 
252 272 314 -1 -1 307 266 254 248 
117 123 -1 -1 
100 -1 -1 104 
16 
-1 106 -1 82 
150 -1 -1 162 146 
100 -1 111 91 
86 -1 -1 88 
112 115 115 -1 -1 117 
-1 46 
146 -1 175 -1 148 
153 153 -1 -1 -1 159 
260 305 -1 -1 -1 -1 299 260 252 
147 -1 -1 -1 162 147 145 
74 80 -1 70 
136 -1 -1 -1 137 
35 49 
-1 -1 42 
16 
214 216 -1 -1 249 245 237 215 
191 267 -1 -1 -1 222 230 186 
-1 55 
40 
247 -1 -1 -1 -1 253 253 229 
123 131 -1 -1 -1 123 
100 -1 -1 100 
48 51 
56 -1 -1 56 53 
219 228 274 287 -1 -1 252 219 
90 93 -1 -1 102 
271 295 -1 -1 -1 -1 292 266 260 
222 238 264 -1 -1 259 219 205 
33 35 -1 44 36 
238 233 -1 -1 -1 266 265 233 
-1 -1 -1 
-1 114 -1 106 
157 -1 209 203 191 162 
174 190 -1 223 179 
-1 -1 -1 -1 -1 -1 274 274 262 
20 26 
165 165 -1 -1 -1 162 
93 93 -1 94 
86 106 86 
-1 -1 -1 -1 -1 131 
65 50 
256 258 273 289 347 -1 337 276 256 
113 119 -1 124 98 
234 241 -1 -1 -1 277 -1 272 234 
-1 -1 72 
-1 55 
108 117 -1 118 108 105 
237 251 320 -1 -1 271 256 237 
142 145 155 159 179 -1 173 143 
139 164 -1 -1 -1 159 135 
164 164 -1 211 -1 186 163 
105 -1 -1 -1 121 105 
165 173 189 185 -1 192 169 172 
20 22 28 
-1 -1 
199 200 -1 -1 -1 -1 -1 -1 201 
223 231 271 -1 -1 -1 228 231 
157 167 170 182 145 
104 -1 107 
202 224 228 -1 -1 236 202 
36 -1 36 
9 
120 123 -1 153 -1 152 
136 138 159 159 -1 169 139 
220 259 253 -1 -1 256 216 
-1 -1 -1 
132 144 164 158 132 
-1 -1 -1 115 
18 17 
109 123 -1 139 123 114 
289 288 -1 -1 -1 337 312 288 
-1 -1 
216 232 260 -1 299 264 229 
320 399 401 446 -1 439 356 320 
233 245 -1 -1 -1 -1 -1 225 221 
140 145 159 -1 -1 140 137 
3 
47 49 59 51 
194 -1 -1 -1 -1 198 
281 305 313 336 -1 379 302 302 281 
-1 -1 -1 116 102 
-1 -1 -1 -1 -1 -1 -1 -1 
-1 -1 
61 81 65 
196 222 220 -1 -1 -1 196 196 
-1 -1 150 149 
327 384 386 430 527 -1 397 355 326 
84 -1 -1 84 
347 348 350 -1 -1 -1 -1 401 347 
28 -1 
181 193 -1 -1 -1 -1 -1 
24 
110 116 128 153 116 
16 12 
-1 70 -1 
251 287 281 310 339 -1 -1 277 251 
136 139 154 -1 -1 -1 149 
14 14 
231 243 286 -1 306 -1 245 230 227 
161 -1 194 -1 -1 194 165 
146 -1 -1 142 
-1 28 
253 252 -1 -1 -1 270 256 250 
178 -1 -1 -1 -1 182 
100 103 -1 -1 103 
272 288 301 -1 351 342 305 277 
16 
288 340 -1 -1 -1 -1 321 288 
80 78 
33 24 
347 389 394 -1 -1 437 349 329 
28 -1 
65 55 
299 366 369 429 -1 -1 411 321 300 
195 198 198 -1 -1 227 225 201 
36 -1 
155 175 187 236 199 157 
151 157 208 -1 -1 -1 173 189 154 
151 179 -1 -1 -1 154 170 
158 191 -1 200 165 156 
24 
16 
192 -1 209 230 189 179 177 
136 161 -1 175 170 139 
216 232 232 287 -1 277 265 228 216 
143 -1 -1 -1 143 140 
187 210 197 -1 -1 200 
16 
177 189 211 251 205 189 177 
97 97 -1 -1 97 91 
85 102 97 85 
239 256 319 -1 -1 -1 -1 259 239 
95 101 117 102 
90 -1 -1 90 -1 
70 -1 76 70 
246 262 294 -1 295 284 257 
154 -1 -1 -1 -1 156 -1 
92 -1 -1 92 90 
16 
69 81 72 
30 -1 25 
28 
110 -1 147 -1 110 
-1 62 -1 
-1 -1 -1 -1 -1 156 
-1 159 -1 153 133 
289 294 318 -1 -1 -1 323 294 
135 -1 -1 132 
36 36 
120 -1 -1 -1 121 113 
312 336 365 376 405 -1 411 341 316 
233 236 -1 -1 -1 -1 -1 299 233 
59 64 -1 -1 -1 
242 309 -1 326 264 240 234 
241 242 248 257 -1 -1 -1 241 241 
24 30 
6 
36 36 
-1 -1 88 
254 258 258 258 -1 -1 292 260 
103 138 103 
-1 -1 -1 -1 -1 
330 394 386 438 -1 -1 344 342 331 
122 160 161 147 135 119 
-1 -1 
175 187 194 247 229 210 201 173 
103 -1 -1 -1 103 90 
106 106 -1 -1 -1 106 
-1 83 -1 
56 -1 63 
197 211 -1 -1 -1 -1 -1 221 197 
-1 20 
113 -1 133 113 
16 
90 102 -1 
127 132 -1 154 129 
270 309 359 -1 375 304 274 
279 299 315 376 -1 392 333 307 279 
171 179 -1 -1 -1 -1 175 171 
172 173 176 199 192 240 246 184 
171 173 179 201 -1 213 196 193 167 
75 75 
159 162 191 -1 -1 -1 208 170 161 
16 
151 166 -1 -1 -1 
148 171 -1 -1 179 150 144 
234 291 318 -1 312 -1 249 229 
-1 -1 
12 
191 188 -1 -1 248 -1 258 191 
4 4 
40 
192 235 -1 232 196 192 
171 221 -1 -1 228 173 163 159 
191 215 221 233 -1 -1 -1 211 192 
85 85 
300 370 399 -1 -1 325 325 300 
51 -1 -1 
154 161 -1 146 130 
49 50 
219 223 -1 -1 -1 -1 -1 228 
221 251 -1 -1 -1 -1 221 226 
114 147 184 -1 130 112 
174 194 207 194 -1 170 162 
54 57 -1 
3 
84 103 83 
152 172 184 147 
9 
28 
108 117 133 -1 -1 120 
47 -1 -1 39 
24 24 
24 
20 
172 186 210 -1 210 185 172 
129 -1 160 -1 138 126 
111 116 140 -1 154 132 
24 
21 21 
194 -1 -1 -1 194 195 
91 -1 -1 91 88 
129 164 126 
90 97 97 115 107 
139 141 150 181 -1 128 
185 205 267 261 210 185 
186 193 209 246 -1 -1 -1 192 191 
257 -1 -1 -1 -1 271 259 
105 108 -1 -1 -1 111 113 104 
-1 33 32 
180 220 -1 209 180 174 173 
158 164 196 204 204 190 168 
2 
193 206 -1 -1 -1 224 222 206 203 
-1 -1 
-1 -1 27 25 
186 169 -1 -1 -1 -1 169 
81 -1 75 
111 -1 111 113 
181 -1 -1 -1 198 181 
91 106 110 109 -1 104 100 91 
20 
11 10 
298 322 -1 -1 -1 335 295 
8 
70 -1 70 
3 
321 326 351 461 -1 -1 429 366 315 
184 215 -1 -1 226 184 
118 124 141 -1 140 118 116 
196 -1 232 -1 -1 -1 196 
45 -1 
274 302 326 -1 -1 270 286 247 
-1 -1 
36 36 
16 
379 391 472 538 -1 -1 -1 424 396 
3 
217 262 -1 -1 -1 237 247 217 
106 118 -1 -1 106 103 
147 172 178 153 147 
238 266 331 322 -1 -1 316 266 237 
116 136 -1 -1 167 118 
-1 65 -1 
-1 86 -1 86 
203 230 -1 250 218 217 203 
104 110 -1 116 
236 238 -1 -1 -1 280 247 235 
-1 -1 174 177 158 
182 201 213 -1 -1 -1 181 192 177 
-1 43 
60 53 
-1 -1 -1 
196 223 -1 -1 -1 -1 193 187 
20 
2 
-1 20 
273 285 317 406 -1 304 304 276 
125 132 -1 -1 -1 126 126 
150 -1 -1 170 150 
140 170 194 144 
190 193 212 237 -1 -1 198 212 
161 181 -1 -1 181 161 157 
79 85 -1 79 
85 -1 84 
138 144 -1 -1 153 147 140 
288 320 355 -1 -1 -1 306 300 288 
34 -1 
212 -1 -1 257 247 241 214 
20 
74 90 85 
171 205 197 -1 -1 173 
-1 43 
229 237 269 280 -1 -1 281 257 242 
89 112 88 
58 -1 58 
175 -1 -1 -1 175 
362 364 -1 472 -1 -1 368 365 359 
57 -1 -1 
171 181 178 -1 -1 -1 -1 174 172 
65 -1 65 
288 297 316 387 -1 420 387 336 297 
226 323 -1 -1 269 226 
72 -1 -1 68 
203 219 -1 261 -1 -1 -1 202 
150 204 -1 179 154 149 147 
1 
185 195 199 -1 -1 180 168 
17 18 
191 233 249 249 203 191 
274 302 375 -1 -1 326 279 263 
4 
239 289 -1 -1 -1 -1 286 246 227 
-1 98 -1 
74 -1 74 
197 212 254 -1 -1 -1 -1 216 197 
80 76 70 
174 179 -1 -1 -1 -1 -1 173 
-1 41 
108 -1 -1 -1 114 108 
182 210 230 -1 205 182 
220 224 -1 -1 260 262 262 224 
115 -1 146 149 124 114 
212 201 226 -1 -1 -1 205 
1 
115 -1 -1 120 108 
33 36 41 33 
51 44 
169 180 183 -1 194 168 
20 18 
218 222 -1 -1 261 237 225 
193 211 265 -1 220 205 193 
60 50 
212 224 233 252 -1 -1 -1 215 217 
196 205 -1 245 199 183 
256 285 343 357 -1 361 351 285 257 
300 297 -1 412 -1 -1 344 322 297 
-1 -1 -1 
202 202 -1 -1 286 -1 265 256 202 
161 160 -1 -1 -1 -1 176 169 
99 119 -1 105 
-1 -1 -1 83 
132 183 -1 149 145 130 
189 209 -1 217 229 206 190 
-1 -1 -1 -1 -1 -1 
288 316 381 -1 381 351 288 
259 -1 -1 -1 -1 279 285 259 
255 279 -1 -1 357 308 307 255 
154 166 170 181 -1 188 158 
200 235 -1 248 212 200 
148 149 -1 172 -1 -1 168 159 152 
273 329 -1 -1 -1 343 273 
131 -1 156 186 135 
219 257 288 -1 -1 271 244 228 
224 236 238 240 -1 -1 283 224 
142 -1 -1 -1 -1 -1 145 
4 
43 -1 45 43 
138 154 -1 156 -1 
50 60 
74 -1 80 73 71 
129 135 162 -1 -1 161 141 137 130 
203 227 247 254 -1 -1 269 226 206 
-1 -1 
65 82 -1 73 63 
271 353 -1 389 336 308 311 276 
-1 -1 31 
16 
44 46 54 46 
17 18 
345 380 422 -1 -1 -1 388 346 
36 36 
194 245 -1 284 260 210 194 
189 197 231 -1 -1 -1 234 213 190 
9 10 12 
24 
209 264 295 -1 229 209 
250 262 320 -1 -1 -1 326 271 253 
170 219 231 -1 189 193 192 170 164 
39 -1 28 
239 -1 -1 -1 -1 -1 229 
58 50 48 
-1 61 55 
111 131 -1 -1 129 110 
52 36 
159 219 -1 200 160 
99 -1 112 112 100 98 
77 -1 77 
-1 -1 
-1 20 
-1 73 -1 67 
241 257 -1 -1 -1 -1 239 226 
165 -1 212 212 200 171 
20 
4 
6 
69 90 -1 95 
170 190 -1 -1 -1 -1 170 
16 
241 257 294 -1 -1 -1 242 233 230 
211 214 241 -1 -1 -1 216 
176 -1 -1 -1 -1 -1 -1 176 
138 168 -1 -1 135 
173 234 -1 -1 172 176 
3 
45 
188 227 -1 -1 -1 202 189 
-1 34 32 
122 138 -1 156 150 128 122 
87 -1 -1 
-1 38 
212 224 274 -1 270 240 212 
62 71 70 -1 66 64 
91 97 -1 -1 -1 -1 -1 91 
256 275 274 -1 -1 -1 303 256 
-1 20 
73 79 91 -1 73 
9 11 
85 -1 85 
62 71 72 -1 
55 -1 
188 210 215 -1 -1 -1 -1 205 188 
252 245 -1 325 -1 -1 324 259 239 
126 144 -1 -1 -1 132 
80 86 80 
194 192 -1 -1 -1 194 194 
260 276 322 357 -1 -1 301 260 
3 
44 40 
44 -1 44 
194 192 -1 -1 199 190 
145 147 156 156 172 -1 159 
241 -1 -1 -1 -1 265 241 
184 239 233 203 184 
159 167 183 -1 185 178 
176 197 -1 247 201 217 176 
3 
54 -1 54 
97 98 84 78 
226 242 -1 298 -1 226 
221 236 241 270 -1 285 258 262 225 
221 238 -1 -1 -1 -1 269 218 
209 231 -1 -1 221 209 
4 
66 76 64 
3 
110 -1 110 
62 -1 73 59 
-1 -1 91 82 
69 66 -1 -1 67 
154 152 -1 -1 -1 -1 -1 200 161 
-1 44 
249 257 277 346 -1 -1 300 258 
63 68 
97 -1 91 89 
156 160 179 -1 -1 180 157 
129 133 182 -1 145 136 
64 -1 64 
12 
302 324 -1 -1 -1 324 324 
221 221 235 235 -1 -1 245 221 
203 223 225 245 -1 -1 -1 248 200 
96 104 88 
-1 111 -1 101 99 
244 260 289 -1 -1 -1 -1 260 270 
242 242 -1 302 -1 305 242 
228 238 268 -1 279 242 249 228 214 
176 222 -1 -1 183 173 171 
160 162 170 -1 -1 -1 -1 -1 165 
125 -1 -1 122 
3 
196 240 274 -1 233 212 196 
171 188 -1 188 168 
-1 212 -1 -1 -1 221 200 198 
-1 -1 -1 -1 
-1 -1 30 28 
45 -1 
164 172 -1 -1 177 
233 233 -1 288 -1 -1 233 
12 
20 
-1 151 -1 149 
187 215 -1 189 165 
145 148 -1 -1 
-1 83 -1 
6 
-1 -1 -1 
9 
-1 -1 -1 -1 -1 
232 246 276 -1 272 264 237 237 220 
127 147 155 129 
244 260 312 360 -1 314 277 246 
109 -1 -1 122 122 124 
60 62 69 62 
93 113 100 
80 78 
-1 -1 59 
-1 -1 -1 
131 137 152 182 -1 140 
262 271 283 327 396 -1 347 287 268 
12 
91 113 108 97 91 
28 
196 250 286 264 233 213 203 198 
146 152 177 -1 -1 151 139 
123 125 -1 -1 
334 360 400 -1 -1 -1 414 333 324 
208 207 -1 -1 -1 250 202 
54 60 52 
87 -1 89 87 
12 
65 -1 79 65 
168 168 189 214 196 171 
152 188 206 -1 165 175 147 
209 235 262 -1 -1 -1 269 210 
153 162 -1 -1 183 154 
64 59 
195 200 216 -1 -1 221 235 198 192 
45 
231 -1 245 -1 -1 -1 238 
144 -1 -1 -1 146 131 
134 142 184 -1 168 135 
3 
28 -1 
14 20 
80 89 83 
131 -1 153 127 
103 122 -1 -1 -1 103 
6 
188 -1 212 -1 -1 -1 205 188 
-1 55 -1 43 
90 102 -1 88 
190 215 -1 -1 -1 203 194 189 
243 249 265 -1 -1 -1 289 253 243 
105 -1 -1 91 
-1 -1 -1 -1 
245 248 291 287 -1 302 272 269 245 
-1 -1 -1 -1 142 
204 226 -1 232 232 220 209 204 202 
240 256 276 -1 -1 294 256 240 
-1 -1 -1 -1 -1 96 
-1 -1 113 105 
255 275 -1 -1 -1 281 275 245 
140 154 -1 173 142 140 
106 -1 124 121 105 
-1 -1 
12 12 
-1 -1 -1 -1 
91 -1 98 -1 91 
48 52 60 59 47 
88 98 -1 -1 
133 136 -1 165 135 
96 -1 100 
304 358 -1 -1 -1 362 325 301 
221 281 305 -1 -1 305 257 237 221 
20 
236 269 300 314 -1 270 251 239 236 
264 280 331 -1 360 -1 333 287 267 
153 157 -1 -1 -1 
165 166 167 -1 -1 -1 190 166 156 
16 
-1 -1 108 108 
-1 88 -1 
-1 24 
45 
73 80 
190 196 -1 -1 -1 217 193 
85 87 -1 92 
226 234 260 -1 -1 260 240 228 226 
53 64 52 
164 173 -1 -1 191 175 
250 274 -1 -1 -1 253 251 
227 242 273 -1 -1 -1 301 262 238 
8 
156 198 -1 204 163 
142 153 -1 -1 159 
304 329 348 -1 -1 -1 397 324 305 
16 
242 298 300 -1 -1 -1 270 242 
258 357 -1 297 252 
279 295 296 -1 -1 -1 -1 295 283 
158 161 181 193 -1 -1 162 
48 50 53 
175 205 -1 -1 228 176 
74 -1 -1 84 75 
151 -1 -1 -1 150 
255 278 366 -1 333 302 255 
-1 152 -1 -1 -1 144 133 
143 168 200 -1 153 143 
6 
26 18 
171 219 244 237 184 168 
278 293 291 -1 -1 347 345 302 278 
329 401 404 443 -1 -1 431 357 327 
-1 -1 -1 72 
-1 -1 -1 -1 142 
36 36 
197 209 -1 -1 212 
211 -1 -1 282 -1 255 230 210 
-1 123 -1 123 111 
193 203 202 -1 217 -1 -1 196 203 
208 -1 -1 -1 -1 211 199 
163 -1 177 165 156 
116 -1 -1 121 
90 90 
224 231 -1 -1 -1 247 256 218 
187 191 -1 -1 192 
-1 102 -1 -1 -1 
188 204 -1 -1 257 209 196 190 
231 243 -1 -1 -1 -1 320 243 
253 251 -1 -1 -1 329 304 250 241 
45 
171 175 177 -1 -1 -1 
247 253 284 -1 -1 -1 266 266 247 
-1 65 
90 90 
218 258 272 -1 -1 234 215 
-1 52 45 
119 -1 -1 -1 
196 203 -1 -1 248 214 202 
-1 -1 88 88 
250 250 -1 -1 -1 -1 -1 251 250 
48 -1 -1 50 
171 173 -1 -1 -1 
-1 16 
60 78 -1 83 
188 226 -1 262 225 213 192 
-1 -1 -1 94 94 
55 -1 55 55 50 
16 
-1 -1 59 
-1 -1 -1 -1 
73 -1 -1 70 64 
16 
99 121 -1 101 
65 -1 -1 -1 65 
77 -1 -1 82 
85 -1 -1 -1 -1 
218 238 -1 -1 247 218 
12 
16 
99 -1 89 -1 
-1 -1 -1 -1 
3 
300 300 -1 -1 -1 -1 -1 328 300 
216 -1 -1 -1 -1 224 223 203 
-1 -1 68 
8 
150 170 -1 -1 -1 -1 160 150 
116 -1 122 110 104 
28 
-1 -1 -1 -1 
290 344 367 -1 -1 347 304 290 284 
12 13 
34 33 29 
230 233 251 250 -1 -1 229 
-1 30 30 
268 277 308 328 334 -1 -1 -1 276 
363 376 448 -1 -1 -1 449 393 359 
38 -1 
241 261 291 -1 357 273 256 241 
59 71 77 59 
12 
68 78 87 69 
-1 -1 -1 103 
183 198 239 239 193 189 179 
59 64 
334 335 -1 -1 -1 -1 402 377 340 
106 118 -1 110 
198 254 -1 -1 245 214 201 
-1 107 -1 
-1 -1 
-1 86 77 
162 165 165 182 183 -1 159 
93 102 112 112 102 93 
24 24 
206 244 286 -1 236 238 214 205 
173 189 -1 -1 214 177 
59 61 64 66 -1 76 
86 86 75 
20 26 
-1 -1 -1 
192 194 -1 -1 -1 -1 -1 190 
150 156 184 -1 159 
-1 39 
217 215 -1 -1 215 201 
8 
246 272 298 -1 -1 -1 321 268 
148 178 177 -1 150 
163 171 182 184 -1 203 170 
172 181 237 -1 -1 215 195 179 
296 378 449 -1 -1 392 326 296 
184 -1 -1 -1 190 184 
101 129 132 105 96 
233 233 -1 -1 -1 258 233 
217 257 -1 -1 -1 250 221 
148 194 193 159 149 147 
109 -1 130 109 
8 
-1 -1 -1 
55 55 
295 337 417 -1 -1 -1 323 319 295 
85 89 -1 
202 210 -1 -1 -1 -1 207 209 
96 102 113 -1 113 
166 183 -1 -1 162 
84 102 -1 -1 82 
2 
45 
273 289 374 -1 353 303 273 
91 -1 110 82 
173 195 -1 210 190 181 172 
32 
190 196 214 -1 -1 221 207 204 184 
85 91 -1 101 
191 181 -1 -1 -1 -1 187 
215 265 306 258 241 235 215 
51 44 
317 345 396 -1 -1 385 343 316 314 
146 149 -1 -1 -1 -1 150 
100 -1 94 
139 -1 165 -1 163 139 
-1 -1 101 100 
139 142 142 -1 149 
285 345 381 -1 381 -1 288 288 
51 -1 52 
-1 -1 -1 
-1 98 -1 
209 208 -1 -1 -1 247 233 213 
113 150 151 147 -1 -1 121 120 114 
24 -1 
203 209 236 255 -1 -1 236 235 211 
259 271 -1 -1 -1 319 294 260 257 
-1 20 
214 241 -1 276 262 263 222 223 213 
209 237 -1 234 209 
-1 -1 -1 -1 -1 101 
180 -1 -1 180 
248 276 -1 -1 294 256 254 248 
131 -1 -1 -1 141 125 124 
202 211 242 231 -1 -1 211 
285 300 302 322 381 -1 413 329 300 
172 187 -1 -1 -1 
204 252 -1 -1 227 211 213 
