105 -1 106 98 
-1 -1 -1 95 
119 -1 -1 123 -1 -1 -1 126 123 
-1 -1 -1 -1 239 217 211 
-1 -1 -1 -1 -1 -1 
6 
24 
-1 -1 -1 -1 43 
192 -1 -1 -1 -1 -1 206 197 195 
221 243 -1 -1 -1 -1 -1 -1 
20 
100 -1 98 92 
297 378 -1 -1 -1 365 341 303 297 
286 253 319 -1 -1 -1 248 
3 
19 -1 
-1 116 96 
-1 -1 -1 -1 -1 
302 321 348 -1 -1 -1 370 303 275 
132 -1 -1 -1 -1 -1 -1 -1 
40 -1 45 -1 
8 
-1 -1 -1 -1 -1 
116 -1 -1 -1 117 116 
-1 -1 -1 -1 -1 -1 -1 -1 -1 
216 -1 -1 -1 -1 212 212 
-1 -1 -1 -1 184 160 
-1 81 -1 
99 -1 108 
-1 -1 -1 -1 -1 -1 -1 -1 
228 -1 -1 -1 -1 -1 229 
28 29 -1 
181 186 200 216 -1 -1 -1 -1 
223 263 -1 -1 231 231 
116 -1 108 -1 
45 
-1 237 -1 245 -1 -1 -1 -1 -1 
111 -1 -1 -1 
-1 -1 
54 54 
-1 -1 -1 -1 -1 -1 311 -1 -1 
-1 224 -1 -1 -1 -1 218 218 
-1 172 -1 160 128 
-1 265 -1 -1 -1 262 262 247 
362 409 445 -1 -1 -1 463 396 368 
171 206 -1 -1 -1 -1 169 -1 
-1 181 -1 134 133 
-1 -1 82 
-1 275 -1 242 242 226 
-1 -1 -1 -1 -1 -1 -1 
-1 128 -1 -1 
44 46 
-1 93 -1 80 
-1 290 -1 -1 -1 -1 287 269 247 
8 
3 
54 57 -1 
-1 -1 -1 -1 -1 -1 -1 -1 
3 
-1 -1 54 56 51 
-1 -1 40 
-1 -1 -1 -1 -1 -1 -1 
-1 -1 -1 -1 -1 -1 -1 -1 -1 
12 
84 -1 -1 -1 -1 
-1 50 
-1 40 
120 -1 123 
203 -1 -1 -1 -1 -1 -1 -1 
3 
-1 -1 -1 62 
-1 -1 165 -1 158 -1 
-1 -1 207 -1 -1 
99 111 -1 120 
-1 201 -1 -1 -1 -1 202 194 
308 348 -1 -1 -1 -1 -1 -1 
-1 119 -1 -1 -1 
-1 -1 -1 -1 -1 -1 
-1 -1 -1 -1 -1 
70 65 
75 -1 72 
32 -1 
-1 -1 -1 -1 -1 -1 -1 -1 -1 
-1 -1 193 -1 -1 -1 -1 -1 
249 -1 -1 -1 -1 -1 252 236 
-1 -1 
-1 -1 -1 
6 
-1 -1 147 130 118 
-1 -1 -1 -1 -1 -1 -1 -1 
-1 276 -1 -1 -1 -1 285 257 
37 -1 38 
-1 -1 -1 -1 -1 -1 -1 -1 -1 
-1 122 -1 -1 -1 
20 
16 
-1 -1 -1 -1 -1 
-1 -1 190 -1 -1 
-1 -1 -1 -1 169 165 
250 281 -1 -1 -1 -1 -1 -1 
-1 -1 -1 
-1 -1 69 
-1 -1 -1 -1 -1 -1 -1 
-1 -1 -1 -1 -1 -1 -1 
193 -1 238 193 
20 
-1 123 -1 -1 -1 
-1 -1 -1 -1 
124 154 125 
24 24 
-1 173 -1 167 -1 -1 
-1 65 
-1 -1 -1 -1 -1 -1 -1 262 258 
139 -1 139 
-1 -1 115 -1 106 
245 -1 -1 -1 -1 -1 239 
-1 -1 -1 -1 
-1 -1 -1 -1 -1 246 223 214 
53 -1 -1 -1 
8 
226 -1 -1 -1 -1 235 227 206 
-1 -1 
274 277 -1 -1 -1 -1 271 269 
-1 -1 -1 
-1 -1 
-1 -1 -1 -1 183 184 
-1 -1 -1 -1 -1 -1 -1 -1 -1 
219 -1 -1 -1 -1 -1 245 223 217 
-1 -1 
35 37 
-1 -1 94 
28 
-1 261 -1 -1 -1 -1 -1 -1 
36 -1 36 
-1 -1 -1 -1 -1 -1 -1 -1 -1 
-1 49 
115 -1 -1 126 -1 -1 -1 
206 -1 -1 -1 -1 -1 -1 
-1 -1 -1 -1 -1 -1 
36 42 -1 
48 60 65 
6 
-1 -1 -1 -1 -1 -1 
287 -1 -1 -1 -1 -1 -1 
105 -1 -1 -1 
140 141 -1 -1 -1 142 
71 -1 -1 -1 
-1 85 -1 -1 -1 -1 
-1 -1 -1 -1 -1 -1 200 
130 -1 130 
-1 40 
-1 -1 -1 
-1 -1 -1 -1 -1 -1 -1 
8 8 
-1 53 -1 42 
-1 -1 256 -1 -1 -1 -1 -1 -1 
-1 -1 -1 -1 -1 -1 -1 
-1 -1 -1 -1 -1 -1 -1 
200 -1 -1 -1 -1 -1 197 
-1 -1 -1 -1 -1 -1 197 181 178 
-1 -1 -1 331 -1 -1 -1 -1 
13 -1 
-1 -1 181 -1 -1 
-1 -1 69 -1 
117 -1 -1 133 113 
169 193 -1 221 177 169 
-1 -1 -1 147 -1 -1 
70 -1 70 
-1 -1 55 
-1 -1 -1 -1 -1 -1 -1 -1 
-1 102 -1 -1 -1 -1 124 99 96 
-1 -1 65 
194 -1 264 222 208 202 194 
6 
-1 -1 -1 -1 -1 -1 
53 55 
-1 -1 -1 -1 -1 -1 -1 
-1 -1 -1 -1 -1 439 386 339 319 
-1 -1 
-1 117 128 130 -1 -1 -1 
-1 -1 -1 -1 -1 218 206 
177 -1 -1 -1 -1 -1 
-1 -1 -1 -1 -1 -1 -1 -1 
20 
-1 175 -1 -1 -1 -1 -1 
55 -1 
-1 -1 -1 -1 -1 -1 -1 -1 -1 
127 -1 -1 129 126 
50 
73 -1 80 -1 -1 
74 -1 81 76 74 
195 198 -1 -1 -1 -1 -1 -1 
40 
-1 -1 -1 -1 
-1 -1 -1 -1 -1 -1 -1 -1 
-1 13 
16 -1 
-1 -1 231 -1 -1 -1 -1 
-1 -1 -1 213 -1 -1 -1 
20 
32 
-1 -1 -1 
-1 -1 -1 -1 -1 -1 -1 
226 243 -1 311 -1 226 
-1 117 -1 -1 -1 -1 
24 
24 
-1 -1 -1 -1 -1 -1 -1 -1 -1 
-1 -1 273 310 -1 -1 -1 -1 -1 
-1 -1 -1 -1 -1 
6 
-1 -1 -1 -1 -1 
-1 -1 -1 -1 -1 -1 
-1 87 -1 -1 
81 -1 87 78 72 
-1 -1 -1 -1 -1 -1 -1 169 169 
-1 135 -1 -1 -1 -1 
23 24 
92 87 -1 93 
80 -1 58 56 
16 
28 -1 
-1 100 -1 100 
-1 -1 -1 -1 -1 -1 -1 
-1 -1 -1 -1 -1 229 213 
45 
70 78 -1 
-1 -1 252 -1 -1 221 213 
3 
-1 -1 -1 -1 -1 
230 -1 -1 -1 -1 234 226 
-1 -1 
-1 -1 -1 -1 -1 229 229 
262 -1 -1 -1 -1 -1 274 260 254 
-1 -1 91 88 
-1 -1 -1 -1 -1 178 174 
-1 -1 -1 -1 -1 -1 177 160 
-1 -1 119 -1 -1 
-1 -1 163 -1 -1 -1 
-1 42 
-1 -1 -1 -1 -1 -1 -1 -1 
118 -1 121 
-1 -1 -1 -1 -1 -1 -1 
-1 -1 -1 -1 -1 -1 -1 -1 
-1 -1 -1 -1 119 115 
-1 -1 149 -1 -1 -1 
-1 -1 -1 -1 -1 -1 
28 
83 -1 -1 -1 
321 -1 -1 -1 -1 452 -1 327 
74 -1 -1 
169 -1 -1 -1 -1 
275 300 -1 -1 -1 -1 282 280 262 
-1 123 -1 -1 
106 -1 -1 -1 
16 
81 106 -1 -1 
-1 174 -1 162 146 
-1 -1 111 91 
86 -1 -1 -1 
123 -1 -1 -1 -1 -1 
-1 46 
146 -1 175 -1 148 
-1 -1 -1 -1 -1 -1 
-1 -1 -1 -1 -1 -1 -1 -1 -1 
-1 -1 -1 -1 -1 -1 -1 
-1 80 -1 -1 
-1 -1 -1 -1 -1 
-1 49 
-1 -1 42 
16 
-1 -1 -1 -1 -1 -1 -1 -1 
240 -1 -1 -1 -1 225 228 186 
-1 55 
40 
-1 271 -1 -1 -1 -1 -1 -1 
-1 -1 -1 -1 -1 -1 
100 -1 -1 -1 
48 51 
-1 -1 -1 59 56 
236 -1 -1 -1 -1 -1 -1 -1 
-1 102 -1 -1 -1 
-1 -1 -1 -1 -1 -1 292 266 260 
225 245 -1 -1 -1 -1 221 217 
37 35 -1 45 36 
-1 -1 -1 -1 -1 -1 -1 -1 
-1 -1 -1 
-1 -1 -1 -1 
-1 -1 -1 -1 -1 -1 
176 190 -1 -1 -1 
-1 -1 -1 -1 -1 -1 -1 -1 -1 
-1 26 
-1 -1 -1 -1 -1 -1 
93 -1 -1 -1 
86 106 -1 
-1 -1 -1 -1 -1 -1 
65 50 
-1 273 -1 -1 -1 -1 -1 -1 -1 
108 117 -1 124 98 
-1 244 -1 -1 -1 -1 -1 -1 -1 
67 -1 72 
-1 55 
108 117 -1 -1 -1 -1 
237 272 -1 -1 -1 -1 -1 -1 
-1 -1 -1 -1 179 -1 173 -1 
-1 -1 -1 -1 195 -1 153 
-1 172 -1 -1 -1 -1 -1 
114 -1 -1 -1 -1 113 
-1 173 -1 -1 -1 -1 -1 -1 
20 22 28 
32 -1 
-1 -1 -1 -1 -1 -1 -1 -1 -1 
227 235 -1 -1 -1 -1 -1 -1 
-1 -1 170 -1 145 
104 -1 107 
-1 -1 -1 -1 -1 -1 -1 
36 -1 -1 
9 
-1 123 -1 154 -1 -1 
169 138 -1 159 -1 169 139 
-1 -1 -1 -1 -1 -1 -1 
-1 -1 -1 
132 144 -1 168 148 
-1 -1 -1 115 
-1 17 
109 123 -1 -1 -1 -1 
-1 288 -1 -1 -1 -1 -1 -1 
18 -1 
-1 -1 -1 -1 -1 -1 -1 
-1 -1 413 446 -1 439 -1 -1 
-1 -1 -1 -1 -1 -1 -1 -1 -1 
-1 -1 -1 -1 -1 -1 -1 
3 
47 49 -1 -1 
-1 230 254 -1 236 196 
298 311 -1 -1 -1 -1 321 315 301 
-1 -1 -1 -1 -1 
-1 -1 -1 -1 -1 -1 -1 -1 
-1 -1 
-1 -1 65 
196 -1 232 -1 -1 -1 196 196 
-1 -1 150 -1 
-1 -1 -1 -1 -1 -1 -1 -1 -1 
84 -1 -1 -1 
-1 -1 -1 -1 -1 -1 -1 -1 -1 
28 -1 
-1 -1 -1 -1 -1 -1 -1 
24 
-1 -1 128 -1 128 
-1 12 
-1 70 -1 
264 292 -1 310 -1 -1 -1 -1 -1 
-1 -1 -1 -1 -1 -1 -1 
14 14 
-1 -1 -1 -1 -1 -1 -1 -1 -1 
-1 -1 -1 -1 -1 -1 -1 
-1 -1 -1 -1 
-1 28 
-1 256 -1 -1 -1 -1 -1 -1 
-1 -1 -1 225 -1 182 
110 -1 -1 -1 -1 
-1 -1 -1 -1 -1 -1 -1 297 
16 
-1 -1 -1 -1 -1 -1 -1 -1 
-1 78 
-1 24 
-1 -1 396 -1 -1 -1 -1 -1 
-1 -1 
65 55 
-1 -1 -1 -1 -1 -1 -1 -1 -1 
-1 -1 -1 -1 -1 -1 -1 -1 
36 -1 
159 -1 -1 -1 -1 159 
175 179 -1 -1 -1 -1 -1 -1 -1 
171 -1 -1 -1 -1 154 170 
167 -1 -1 -1 -1 -1 
24 
16 
179 -1 -1 -1 -1 -1 -1 
-1 -1 -1 -1 170 158 
219 -1 258 -1 -1 -1 -1 -1 -1 
-1 -1 -1 -1 -1 -1 
-1 -1 -1 -1 -1 -1 
16 
181 -1 -1 -1 -1 -1 -1 
-1 -1 -1 -1 -1 -1 
85 -1 -1 85 
239 276 -1 -1 -1 -1 -1 -1 -1 
111 -1 117 102 
87 -1 -1 -1 -1 
76 -1 76 70 
-1 -1 -1 -1 -1 284 257 
-1 -1 -1 -1 -1 -1 -1 
90 -1 -1 -1 -1 
16 
-1 81 -1 
-1 -1 25 
28 
-1 -1 -1 -1 -1 
-1 62 -1 
-1 -1 -1 -1 -1 -1 
-1 -1 -1 -1 -1 
289 330 -1 -1 -1 -1 -1 -1 
135 -1 -1 132 
-1 36 
-1 -1 -1 -1 -1 -1 
-1 -1 -1 -1 -1 -1 -1 -1 -1 
-1 -1 -1 -1 -1 -1 -1 -1 -1 
57 -1 -1 -1 -1 
236 -1 -1 -1 287 240 234 
-1 -1 -1 -1 -1 -1 -1 -1 -1 
-1 30 
6 
36 36 
92 -1 88 
-1 292 -1 265 -1 -1 -1 -1 
103 -1 103 
-1 -1 -1 -1 -1 
-1 -1 -1 -1 -1 -1 -1 -1 -1 
-1 160 -1 -1 -1 -1 
27 -1 
-1 -1 -1 -1 -1 -1 209 189 
-1 -1 -1 -1 103 -1 
-1 -1 -1 -1 -1 -1 
-1 83 -1 
-1 -1 63 
-1 -1 -1 -1 -1 -1 -1 -1 -1 
-1 20 
113 -1 133 113 
16 
93 102 -1 
128 -1 -1 -1 -1 
278 -1 -1 -1 375 343 277 
295 -1 344 -1 -1 -1 -1 327 299 
166 -1 -1 -1 -1 -1 -1 -1 
-1 -1 -1 -1 193 -1 -1 -1 
-1 -1 -1 -1 -1 -1 -1 -1 -1 
75 75 
-1 224 -1 -1 -1 -1 -1 -1 -1 
16 
-1 -1 -1 -1 -1 
-1 -1 -1 -1 179 150 144 
234 -1 -1 -1 -1 -1 249 229 
-1 -1 
12 
-1 -1 -1 -1 -1 -1 -1 -1 
4 4 
40 
195 -1 -1 -1 196 195 
184 -1 -1 -1 -1 173 163 159 
-1 231 237 243 -1 -1 -1 -1 -1 
-1 85 
300 -1 -1 -1 -1 -1 338 313 
-1 -1 -1 
-1 -1 -1 146 130 
49 50 
-1 -1 -1 -1 -1 -1 -1 -1 
-1 -1 -1 -1 -1 -1 -1 -1 
114 -1 175 -1 154 127 
-1 -1 -1 -1 -1 175 167 
54 57 -1 
3 
84 -1 83 
157 -1 -1 147 
9 
28 
120 127 -1 -1 -1 120 
-1 -1 -1 39 
24 24 
24 
20 
-1 -1 210 -1 -1 -1 -1 
139 -1 -1 -1 -1 -1 
-1 -1 -1 -1 -1 -1 
24 
21 21 
194 -1 -1 -1 189 189 
-1 -1 -1 -1 -1 
129 -1 126 
99 -1 109 -1 -1 
134 -1 150 -1 -1 128 
190 225 249 -1 218 198 
187 -1 -1 -1 -1 -1 -1 192 191 
-1 -1 -1 -1 -1 271 259 
-1 -1 -1 -1 -1 -1 -1 -1 
-1 33 32 
180 -1 -1 -1 -1 174 178 
170 172 196 -1 198 -1 174 
2 
226 -1 -1 -1 -1 -1 -1 206 203 
-1 -1 
-1 -1 -1 25 
-1 -1 -1 -1 -1 -1 -1 
81 -1 75 
-1 -1 111 -1 
-1 -1 -1 -1 -1 -1 
-1 -1 -1 -1 -1 104 104 97 
20 
-1 10 
296 -1 -1 -1 -1 -1 -1 
8 
-1 -1 -1 
3 
-1 330 -1 -1 -1 -1 -1 -1 -1 
-1 -1 -1 -1 -1 -1 
129 -1 -1 -1 -1 129 130 
196 -1 -1 -1 -1 -1 200 
45 -1 
-1 302 326 -1 -1 270 -1 -1 
-1 -1 
36 36 
16 
397 434 -1 -1 -1 -1 -1 -1 -1 
3 
-1 -1 -1 -1 -1 -1 -1 -1 
106 -1 -1 -1 -1 -1 
163 182 -1 153 147 
-1 -1 -1 -1 -1 336 -1 -1 -1 
-1 -1 -1 -1 -1 126 
59 65 -1 
-1 86 -1 -1 
203 -1 -1 -1 218 217 204 
110 -1 -1 -1 
-1 273 -1 -1 -1 -1 -1 -1 
-1 -1 -1 -1 -1 
-1 -1 -1 -1 -1 -1 184 198 180 
-1 43 
-1 53 
69 -1 -1 
-1 -1 -1 -1 -1 -1 193 187 
20 
2 
-1 20 
276 -1 -1 -1 -1 304 304 289 
-1 -1 -1 -1 -1 132 -1 
150 -1 -1 170 150 
140 170 194 164 
203 198 -1 -1 -1 -1 -1 -1 
-1 -1 -1 -1 -1 -1 158 
79 87 -1 -1 
85 -1 84 
146 -1 -1 -1 -1 147 145 
306 348 -1 -1 -1 -1 319 319 307 
34 -1 
-1 -1 -1 265 -1 -1 216 
20 
-1 90 85 
173 -1 197 -1 -1 -1 
-1 43 
263 264 -1 -1 -1 -1 -1 -1 -1 
89 -1 88 
56 -1 -1 
-1 -1 202 -1 -1 
-1 364 -1 -1 -1 -1 -1 -1 -1 
-1 73 -1 
-1 -1 178 -1 -1 -1 -1 -1 -1 
65 -1 65 
299 312 -1 -1 -1 420 -1 336 304 
-1 -1 -1 -1 259 231 
-1 -1 -1 68 
208 -1 -1 -1 -1 -1 -1 202 
-1 -1 -1 -1 -1 -1 -1 
1 
-1 -1 -1 -1 -1 -1 -1 
-1 18 
191 -1 -1 -1 205 193 
274 -1 -1 -1 -1 -1 292 276 
4 
251 -1 -1 -1 -1 -1 299 246 234 
90 98 -1 
74 -1 74 
-1 -1 -1 -1 -1 -1 -1 -1 -1 
-1 76 70 
174 -1 -1 -1 -1 -1 -1 -1 
-1 41 
-1 -1 -1 -1 -1 -1 
184 -1 -1 -1 205 197 
221 224 -1 -1 -1 -1 -1 -1 
-1 -1 146 -1 144 134 
-1 207 -1 -1 -1 -1 -1 
1 
-1 -1 -1 120 108 
-1 36 -1 33 
51 44 
-1 -1 -1 -1 -1 -1 
20 18 
223 261 -1 -1 -1 -1 -1 
234 -1 -1 -1 224 224 200 
-1 50 
-1 -1 238 -1 -1 251 -1 215 227 
216 224 -1 -1 199 183 
266 327 360 -1 -1 -1 -1 286 262 
-1 314 -1 -1 -1 -1 -1 -1 -1 
-1 -1 -1 
-1 217 -1 -1 -1 -1 -1 -1 -1 
175 -1 -1 -1 -1 -1 -1 -1 
99 119 -1 110 
-1 81 -1 -1 
132 177 -1 149 145 130 
192 -1 -1 219 -1 -1 193 
-1 -1 -1 -1 -1 -1 
291 357 -1 -1 -1 357 301 
-1 -1 -1 -1 -1 -1 285 265 
-1 -1 -1 -1 -1 -1 312 277 
-1 172 -1 -1 -1 -1 -1 
200 -1 277 -1 218 206 
-1 -1 -1 -1 -1 -1 -1 -1 -1 
-1 -1 -1 -1 -1 -1 -1 
-1 -1 156 -1 -1 
-1 -1 -1 -1 -1 -1 -1 -1 
-1 238 240 240 -1 -1 -1 231 
-1 -1 -1 -1 -1 -1 -1 
4 
43 -1 -1 -1 
-1 -1 -1 156 -1 
50 60 
-1 -1 80 73 71 
-1 -1 -1 -1 -1 -1 -1 -1 -1 
-1 -1 -1 -1 -1 -1 -1 232 232 
-1 -1 
65 82 72 73 63 
-1 -1 -1 -1 336 308 311 279 
-1 -1 -1 
16 
52 46 54 46 
17 18 
-1 -1 -1 -1 -1 -1 -1 -1 
-1 36 
226 -1 -1 -1 260 230 198 
-1 -1 -1 -1 -1 -1 -1 -1 -1 
9 10 12 
24 
209 264 275 -1 232 212 
253 283 -1 -1 -1 -1 -1 -1 -1 
-1 -1 -1 -1 197 -1 -1 170 164 
-1 -1 28 
-1 -1 -1 -1 -1 -1 -1 
-1 50 48 
-1 -1 55 
-1 -1 -1 -1 -1 -1 
-1 36 
-1 207 -1 -1 160 
-1 -1 113 -1 100 98 
74 -1 -1 
-1 -1 
20 20 
-1 73 -1 -1 
-1 -1 -1 -1 -1 -1 -1 -1 
-1 -1 -1 -1 -1 -1 
20 
4 
6 
69 81 -1 -1 
-1 -1 -1 -1 -1 -1 -1 
16 
254 257 -1 -1 -1 -1 259 259 256 
226 236 -1 -1 -1 -1 -1 
-1 -1 -1 -1 -1 -1 -1 -1 
138 -1 -1 -1 -1 
-1 -1 -1 -1 172 176 
3 
45 
-1 -1 -1 -1 -1 -1 -1 
-1 34 32 
-1 -1 -1 -1 -1 -1 -1 
84 -1 -1 
43 38 
222 -1 274 -1 270 240 216 
-1 -1 70 -1 -1 -1 
-1 -1 -1 -1 -1 -1 -1 -1 
-1 -1 -1 -1 -1 -1 -1 -1 
-1 20 
-1 79 91 -1 73 
9 11 
81 -1 -1 
-1 71 72 -1 
55 -1 
-1 -1 -1 -1 -1 -1 -1 -1 -1 
-1 245 -1 -1 -1 -1 -1 -1 -1 
-1 147 -1 -1 -1 -1 
-1 86 80 
-1 -1 -1 -1 -1 -1 -1 
282 326 -1 -1 -1 -1 301 281 
3 
44 40 
44 -1 -1 
-1 200 -1 -1 -1 -1 
-1 -1 -1 157 -1 -1 -1 
241 -1 -1 -1 -1 265 241 
185 239 233 203 187 
-1 -1 183 -1 185 -1 
194 -1 -1 -1 -1 -1 -1 
3 
54 -1 -1 
-1 -1 84 78 
-1 -1 -1 302 -1 -1 
-1 -1 246 297 -1 -1 279 282 238 
221 281 -1 -1 -1 -1 -1 -1 
209 245 -1 -1 -1 -1 
4 
-1 -1 64 
3 
110 -1 110 
-1 -1 -1 59 
-1 -1 91 82 
69 67 -1 -1 -1 
-1 -1 -1 -1 -1 -1 -1 -1 -1 
-1 44 
253 -1 -1 -1 -1 -1 -1 -1 
63 68 
97 -1 91 89 
-1 -1 -1 -1 -1 -1 -1 
129 142 170 -1 145 136 
64 -1 -1 
12 
-1 -1 -1 -1 -1 -1 -1 
-1 -1 -1 -1 -1 -1 -1 -1 
-1 -1 -1 -1 -1 -1 -1 -1 -1 
93 -1 88 
-1 111 -1 -1 -1 
265 -1 -1 -1 -1 -1 -1 270 270 
-1 247 -1 -1 -1 -1 -1 
228 238 -1 -1 -1 276 249 238 232 
-1 -1 -1 -1 188 178 176 
-1 -1 -1 -1 -1 -1 -1 -1 -1 
125 -1 -1 122 
3 
199 258 246 -1 233 233 205 
196 208 -1 -1 -1 
-1 -1 -1 -1 -1 -1 -1 -1 
35 -1 -1 -1 
-1 -1 30 28 
45 -1 
164 -1 -1 -1 -1 
-1 241 -1 -1 -1 -1 -1 
12 
20 
-1 151 -1 -1 
171 -1 -1 194 182 
141 156 -1 -1 
-1 83 -1 
6 
-1 -1 -1 
9 
-1 -1 -1 -1 -1 
-1 -1 -1 -1 -1 264 237 237 220 
128 147 -1 -1 
-1 -1 -1 -1 -1 -1 -1 -1 
-1 -1 -1 123 -1 -1 
-1 62 -1 62 
93 113 100 
80 78 
57 -1 59 
-1 -1 -1 
-1 -1 -1 -1 -1 -1 
-1 280 297 -1 -1 -1 359 299 283 
12 
99 -1 -1 97 91 
28 
-1 -1 -1 -1 -1 -1 -1 -1 
-1 -1 -1 -1 -1 -1 -1 
-1 -1 -1 -1 
-1 -1 -1 -1 -1 -1 -1 -1 -1 
-1 209 -1 -1 -1 -1 -1 
-1 60 52 
-1 -1 89 -1 
12 
65 74 -1 65 
-1 -1 189 214 202 177 
170 -1 201 -1 177 -1 -1 
-1 -1 -1 -1 -1 -1 -1 210 
-1 -1 213 -1 -1 175 
64 59 
-1 207 -1 -1 -1 -1 -1 207 201 
45 
-1 -1 245 -1 -1 -1 -1 
-1 -1 -1 -1 -1 -1 
-1 142 -1 -1 -1 -1 
3 
28 -1 
14 20 
-1 89 83 
131 170 -1 127 
-1 -1 -1 -1 -1 103 
6 
191 -1 203 -1 -1 -1 206 198 
-1 -1 -1 43 
91 102 -1 88 
-1 -1 -1 -1 -1 -1 -1 -1 
256 265 266 -1 -1 -1 -1 260 254 
105 -1 -1 91 
-1 139 -1 -1 
-1 -1 -1 -1 -1 -1 -1 -1 -1 
-1 -1 -1 -1 -1 
204 254 -1 234 -1 -1 212 207 205 
245 277 -1 -1 -1 -1 270 254 
-1 -1 -1 -1 -1 -1 
105 -1 -1 105 
262 -1 -1 -1 -1 281 281 257 
140 -1 -1 -1 -1 -1 
-1 -1 124 116 100 
-1 -1 
12 12 
-1 -1 -1 -1 
-1 -1 98 -1 -1 
54 52 -1 59 47 
88 -1 -1 -1 
138 -1 -1 -1 -1 
100 -1 100 
-1 -1 -1 -1 -1 -1 -1 -1 
-1 -1 -1 -1 -1 -1 280 260 222 
20 
-1 -1 -1 -1 -1 -1 -1 -1 -1 
287 307 -1 -1 -1 -1 -1 292 272 
-1 160 -1 -1 -1 
-1 -1 -1 -1 -1 -1 -1 -1 -1 
16 
-1 128 108 108 
-1 88 -1 
-1 24 
45 
73 80 
190 -1 -1 -1 -1 -1 -1 
-1 92 -1 -1 
238 -1 -1 -1 -1 -1 -1 -1 -1 
53 -1 52 
164 200 -1 -1 -1 -1 
256 -1 -1 -1 -1 254 253 
-1 -1 -1 327 -1 -1 -1 -1 -1 
8 
168 186 -1 -1 163 
143 -1 -1 -1 -1 
-1 -1 -1 -1 -1 -1 -1 -1 -1 
16 
-1 -1 -1 -1 -1 -1 -1 -1 
258 -1 -1 297 252 
-1 -1 -1 -1 -1 -1 -1 -1 -1 
162 173 -1 183 -1 -1 163 
-1 50 53 
-1 -1 -1 -1 -1 -1 
-1 -1 -1 -1 -1 
156 205 -1 -1 160 
260 -1 351 -1 333 -1 258 
-1 -1 -1 -1 -1 -1 -1 
-1 176 -1 -1 155 155 
6 
-1 18 
171 -1 -1 -1 188 172 
-1 -1 -1 -1 -1 -1 -1 -1 -1 
-1 -1 422 -1 -1 -1 -1 -1 -1 
-1 82 -1 -1 
-1 -1 -1 -1 -1 
36 36 
199 -1 -1 -1 -1 
-1 -1 -1 -1 -1 270 245 225 
-1 -1 -1 -1 -1 
-1 -1 -1 -1 -1 -1 -1 -1 -1 
-1 -1 -1 -1 -1 -1 -1 
154 -1 177 165 156 
-1 -1 -1 -1 
-1 90 
-1 -1 -1 -1 -1 -1 258 218 
192 192 -1 -1 -1 
-1 102 -1 -1 -1 
194 -1 -1 -1 -1 -1 -1 -1 
243 -1 -1 -1 -1 -1 -1 -1 
247 271 -1 -1 -1 -1 -1 -1 -1 
45 
-1 -1 -1 -1 -1 -1 
-1 -1 -1 -1 -1 -1 -1 -1 -1 
66 65 
-1 90 
-1 -1 -1 -1 -1 -1 -1 
50 -1 45 
-1 -1 -1 -1 
-1 203 -1 -1 -1 -1 -1 
-1 -1 88 88 
-1 253 -1 -1 -1 -1 -1 -1 -1 
-1 -1 -1 -1 
-1 -1 -1 -1 -1 
-1 16 
-1 72 -1 83 
195 -1 -1 -1 -1 232 192 
-1 -1 -1 -1 -1 
55 -1 56 -1 52 
16 
-1 -1 59 
-1 -1 -1 -1 
74 -1 -1 -1 -1 
16 
-1 119 -1 -1 
-1 -1 71 -1 -1 
-1 -1 -1 -1 
85 -1 -1 -1 -1 
218 240 290 -1 247 223 
12 
16 
99 -1 89 -1 
-1 -1 -1 -1 
3 
-1 -1 -1 -1 -1 -1 -1 -1 -1 
-1 -1 -1 -1 -1 -1 223 203 
-1 -1 -1 
8 
-1 -1 -1 -1 -1 -1 -1 -1 
125 -1 122 110 104 
28 
-1 -1 -1 -1 
-1 -1 -1 -1 -1 347 -1 -1 -1 
-1 13 
34 33 29 
-1 -1 -1 253 -1 -1 -1 
-1 30 -1 
-1 -1 -1 -1 -1 -1 -1 -1 -1 
363 387 -1 -1 -1 -1 464 413 359 
38 -1 
272 281 -1 -1 -1 273 273 258 
59 -1 77 59 
12 
68 78 87 69 
-1 -1 -1 -1 
-1 203 -1 -1 -1 -1 -1 
59 64 
-1 341 -1 -1 -1 -1 -1 -1 -1 
106 -1 -1 -1 
-1 -1 -1 -1 -1 214 202 
95 107 -1 
-1 -1 
-1 86 77 
-1 -1 -1 -1 -1 -1 -1 
93 -1 -1 -1 -1 -1 
24 24 
-1 -1 -1 -1 -1 244 227 218 
-1 189 243 -1 219 186 
-1 61 -1 66 -1 -1 
75 -1 75 
-1 26 
-1 -1 -1 
-1 -1 -1 -1 -1 -1 -1 -1 
156 156 -1 -1 -1 
-1 39 
-1 217 -1 -1 -1 -1 
8 
-1 -1 -1 -1 -1 -1 -1 -1 
-1 178 177 -1 -1 
-1 -1 -1 -1 -1 -1 -1 
172 215 -1 -1 -1 -1 -1 -1 
306 -1 -1 -1 -1 -1 327 307 
-1 -1 -1 -1 -1 -1 
-1 -1 -1 105 96 
-1 -1 -1 -1 -1 -1 -1 
-1 -1 -1 -1 -1 -1 -1 
154 202 -1 165 155 153 
-1 -1 -1 109 
8 
-1 -1 -1 
55 55 
322 -1 -1 -1 -1 -1 -1 -1 -1 
85 -1 -1 
209 211 -1 -1 -1 -1 -1 -1 
-1 -1 -1 136 -1 
166 183 -1 -1 -1 
-1 -1 -1 -1 82 
2 
45 
-1 -1 -1 -1 -1 326 274 
-1 -1 -1 82 
190 206 -1 -1 -1 -1 -1 
32 
-1 200 234 -1 -1 221 212 211 196 
91 101 -1 -1 
-1 -1 233 -1 -1 -1 187 
221 -1 -1 267 -1 237 217 
-1 44 
320 388 -1 -1 -1 -1 -1 -1 -1 
-1 -1 -1 -1 -1 -1 -1 
100 -1 94 
-1 -1 -1 -1 -1 -1 
99 -1 101 100 
-1 -1 142 -1 -1 
-1 -1 -1 -1 -1 -1 288 288 
-1 -1 52 
70 -1 -1 
90 98 -1 
-1 -1 -1 -1 -1 -1 -1 -1 
-1 -1 -1 -1 -1 -1 -1 -1 -1 
24 -1 
209 223 -1 -1 -1 -1 -1 -1 -1 
272 -1 -1 -1 -1 -1 -1 -1 -1 
20 20 
-1 -1 -1 -1 -1 -1 -1 -1 -1 
212 -1 -1 242 222 
-1 -1 -1 -1 -1 -1 
180 223 -1 182 
262 281 -1 -1 -1 256 254 254 
-1 -1 -1 -1 -1 -1 -1 
-1 -1 -1 -1 -1 -1 -1 
304 307 309 353 354 -1 -1 329 301 
-1 187 -1 -1 -1 
212 -1 -1 -1 -1 211 213 
