735877
187961
501572
411777
827108
507479
728428
479804
968128
665900
511798
300013
704149
138088
848834
458383
469651
641521
464422
761970
372765
823343
68760
635496
44229
37361
349087
191649
367585
776586
378677
843380
776812
165242
272275
755224
570648
246851
387475
753810
3612
839766
68255
778044
111015
816415
696757
737591
683914
514526
411208
341453
702534
31541
410321
65071
794055
649699
309431
753027
277017
958589
193551
188548
169235
397601
325914
891646
574762
527801
842425
359736
370319
290303
785931
790733
876641
759739
548016
710903
454619
461044
895022
743986
219153
930637
735288
835607
618126
424624
910544
471197
590424
638005
800151
100248
968099
427398
802256
833186
341691
114232
314703
837998
14779
104951
69015
856151
451356
395549
925068
682893
634641
67092
971531
148014
527606
225405
4288
495766
455835
463162
352348
524541
49407
693475
264329
920691
15064
792283
557561
678637
585791
110968
638860
906073
940576
898345
592195
387144
584590
946626
747638
975289
534745
13598
146684
844030
606930
64605
63750
887607
927141
632457
329058
129313
564862
683810
856698
235075
803169
530298
138742
212451
598713
119870
936272
252165
518958
110222
329144
96283
939920
615339
934061
120873
342916
212493
405818
879035
533743
818899
344128
383693
240740
262425
362399
115923
437609
987162
278274
639297
626174
582571
142385
290066
645462
142797
900351
826367
153066
804414
635609
96011
136353
682139
414699
149500
436926
342162
227558
111758
857418
572289
221076
65912
690091
940543
346134
448987
584839
482249
35817
944472
143001
111718
418304
561745
781584
933929
948682
192246
120440
221282
352239
102910
620122
861466
945803
797772
515935
731261
529280
279037
632189
214788
434793
72905
212287
614870
15752
942426
733241
586896
1268
16356
528319
358106
299494
654796
470032
242971
391690
271459
974922
71481
83271
872291
705484
958448
436792
43307
452103
369007
881281
687746
912371
550255
675562
211250
685727
186853
812101
684810
359326
120160
495927
137016
94375
472383
836412
393561
651255
124339
667197
120201
248946
144136
648066
407503
884829
197578
36886
400644
160190
109835
447147
932364
779191
193745
728322
857187
213136
682540
336903
942545
809496
629388
782189
452781
932973
882928
824123
969800
705424
321731
670816
185743
356856
308510
604049
351113
109042
581519
564208
214797
147744
855725
703191
292679
683252
398421
911040
601529
481760
57944
70623
785173
948753
51811
622085
804325
815024
732106
267443
544299
316809
91652
859096
564836
724469
39828
167202
218753
342055
661150
247470
971197
152882
958061
365151
254447
873271
540222
754938
254486
515730
67989
254395
113651
430495
665796
977916
878476
762812
208179
939562
544752
184867
659862
230223
619655
166038
26119
669005
168476
841282
709695
833848
804217
451964
359706
618024
617863
131895
515687
505872
587587
316803
717115
71834
83132
752943
717635
974534
940969
930903
988541
492525
753257
405314
679903
99889
490368
160873
399528
848499
35277
973223
645235
464656
84895
403073
102254
955782
570698
241
148810
362688
494288
895459
866284
741519
147946
704563
730673
933262
941571
429906
787661
878149
386911
89362
69137
945162
241349
187050
280485
841533
227299
91404
101076
45347
34031
533814
479176
453431
116898
985425
483503
465993
753041
316372
943917
489185
320058
669540
668543
787162
179445
157410
250082
36770
557120
581541
460745
934448
828004
894139
309271
737554
641296
242517
251088
287911
63724
206428
354555
519071
661752
487261
514338
111168
436526
848646
427265
296261
391048
741818
717625
166114
769759
288218
682856
203445
31380
368577
283136
205218
193475
895567
483989
245698
968460
861449
234734
368593
744744
183754
718669
553731
765355
944159
216516
109888
427497
26462
545773
460164
130074
316591
940178
929631
332043
228762
755856
400156
779484
420124
879577
273210
928332
760858
284818
945325
64734
106458
545215
192566
72840
876086
502961
164462
933186
581145
696595
602444
208699
749991
221994
717770
678324
537840
856332
715684
8588
941098
873212
495375
243449
520879
592408
288419
559629
495310
506203
633737
898585
683271
405910
133696
326304
360729
844208
587382
153290
341786
532498
940114
468951
545214
836147
644392
444154
415331
479794
176415
355122
352016
599008
281333
650840
356037
700353
248584
171320
76402
831649
688861
398762
151298
915813
133215
381237
457252
922443
263721
544319
518064
296609
294635
837502
608246
46617
70756
166330
920158
793676
874535
517800
68642
850765
90259
204121
276706
255309
407987
763619
301558
766904
614465
214997
83618
520233
502200
22924
794813
138180
226821
442737
678086
625123
529587
112149
71278
184226
274959
665941
467777
490679
77896
889613
488933
88567
222942
407966
49083
296680
846815
198053
692461
473936
572913
583927
289911
534956
949774
303375
192166
432859
336013
765360
20196
755054
771705
800
824458
430739
247569
28860
854537
148091
151643
677801
75183
403790
975886
133456
328755
781044
140034
616721
90554
877299
752437
151637
110765
502967
42506
957506
279378
410143
165334
423415
287782
472871
961039
821703
143929
237440
881016
138692
546025
673341
120406
808775
554074
283222
989240
225523
740428
272126
979541
841120
722220
641120
102431
700084
973097
565832
361650
883756
625612
624838
434526
162380
328462
525733
276131
798594
338844
175144
580884
617727
289003
206560
914069
426000
847388
852145
781739
416744
829808
94620
769539
857894
671269
59246
791390
556721
41837
139320
732078
975233
982261
140351
692447
292056
576101
480047
235059
41132
180289
830332
716714
516786
742140
879847
167417
771095
927329
4270
99688
878429
289875
788138
567983
305014
33401
687737
264642
130399
430240
417789
95191
374468
700802
31509
735956
766463
720883
155757
626884
963361
595525
513272
30982
19809
800763
806919
895564
594296
116122
142279
967271
32725
190405
210975
425085
232471
665040
168548
160095
19408
689656
915054
612884
290027
682471
112090
330164
545952
570298
114426
275523
643011
605537
966863
65212
210395
620342
634406
671005
622254
163229
138837
122946
415627
440790
651486
34309
103495
68721
549694
872395
574888
310609
434139
955058
900393
143001
766061
881135
242473
590723
635224
362373
276964
702996
323828
118619
866545
590037
966326
212181
581407
297240
824134
259789
490312
196993
228251
853057
53082
796519
871299
808814
575662
471537
264393
215592
264084
338059
298390
757156
716212
76339
493306
973427
889452
616477
554164
566447
59098
186841
766669
579968
858665
168246
409936
355800
929546
743633
484292
100788
834636
394943
656192
868108
795759
669032
957754
854109
893824
937900
852285
172261
443923
70443
966558
476655
530114
96319
749528
476440
631121
978144
917113
943728
389956
879354
122917
198394
429005
255099
544807
396912
451435
14564
644434
752251
281085
384427
68826
213566
101956
563909
963288
585456
438856
279777
221486
260992
537397
411109
358630
544153
420035
732070
718189
809014
913647
320475
476
925142
497376
42261
282509
3006
211447
108130
161001
398019
434220
631910
347884
854773
672306
974005
226659
481505
34130
465766
951487
25308
891345
857146
373231
716580
700794
601570
833370
483523
502455
304977
150002
88307
77082
600128
654100
848677
919644
965304
436307
457953
715188
349088
408267
504260
598195
6126
245106
882070
817309
74584
320338
282303
924789
290513
867403
459069
752214
149456
562056
302449
32364
661206
729713
806590
260241
453065
953328
609013
7589
357301
58622
908316
609302
743983
871136
783454
766
756736
154302
178162
899901
618754
274349
620136
548628
807592
909069
989188
92297
861266
845081
536477
320160
559592
334878
154345
442067
162304
247983
563234
43565
585323
140421
205469
259486
569579
401947
706557
5270
495035
778279
229471
807331
222097
442246
801033
526285
586032
729479
308745
609937
50568
260150
901728
336845
482046
790032
304791
2111
169835
795839
672917
528309
769901
433763
849455
566494
239131
251754
915825
766068
210053
174855
74599
21980
838843
958186
105870
132935
873069
587166
268643
362265
80677
123669
193704
587920
57969
38250
760498
34617
721811
929905
256367
324556
308441
404139
340788
536386
572666
967364
637481
23778
48184
983067
550067
152198
287925
658711
890505
630161
675774
81327
140561
287930
226412
132452
165285
257083
433516
960149
548466
758330
382938
670748
937908
548379
341708
280813
553756
476409
658236
868580
339442
223878
951519
140147
643177
617127
870239
532888
190570
484053
975319
361056
588310
28039
835554
744747
372184
504080
925530
919978
270114
951431
458096
438908
960243
892750
905997
666923
649225
811048
38214
194491
223323
76799
850281
668098
270794
597759
904141
182908
125310
92136
710158
181516
493482
985732
15522
985600
402438
347808
88995
653453
653067
741553
89499
653005
360275
251512
888003
806251
391049
605339
299123
888505
261119
71543
348446
519244
81042
285570
313823
955920
950164
239656
823350
224055
357356
814087
226771
293054
22648
221373
688679
23634
139849
15640
394861
88212
291180
818073
533091
587466
737977
877209
305802
950236
589378
894767
71242
664323
778903
725184
109831
387167
602036
839623
223654
689545
543021
799261
504961
362025
642241
83511
18731
662703
827698
370973
262548
220841
781884
872434
682064
692341
281441
181089
450567
454169
120641
58678
884703
661457
815369
561936
410595
263157
439046
952526
494716
438149
394872
668245
400184
299920
296218
949955
904719
895161
262680
318805
156352
84358
450608
977706
510761
167875
85754
162322
881369
318069
133033
875838
805577
95706
121937
647453
205679
284999
820689
394423
6911
416318
605900
130972
984112
47852
452151
502629
586134
305101
250645
113228
580217
494226
463656
209659
580999
765962
845493
484052
397529
915722
646762
518220
710704
290272
536132
876016
349755
585703
880543
223072
811489
50901
296805
435238
579981
178641
504116
879968
520079
973697
472437
956676
483265
905373
386219
577834
861326
386590
730639
817248
50849
791300
349985
319271
160676
516482
871709
12466
325091
745529
890887
170579
651988
111754
930845
304760
755489
572917
896483
673418
574015
781150
803328
409528
912018
782148
841785
866095
854772
600111
347718
370282
707625
316127
605981
19043
350421
994170
904559
256278
862935
786051
658560
443128
42427
346895
19075
815197
213826
239583
756192
840927
298116
362258
335698
743408
589792
355719
595262
429654
649214
11060
698878
794467
666548
535696
77675
916306
626542
332610
394188
752223
384031
263074
404572
153112
173411
169745
475182
400288
469224
609743
134320
261737
54149
23542
294064
890499
531843
213718
570686
717018
371497
744901
111982
352897
447766
676030
863069
281309
550018
742646
821515
580114
619581
531273
152263
213351
393599
267772
975262
500092
775023
965721
180559
385694
66296
257085
258103
102666
682442
193711
395889
249215
641720
419530
179332
117898
338204
632035
795047
286709
182470
923485
72848
584928
932398
177009
352995
117104
883569
857461
631153
778840
622895
260922
794438
557205
969983
491951
322764
605601
640182
971226
88293
614328
140682
891851
983151
328557
929502
129826
745198
754926
679397
335283
259450
544397
646199
920167
203366
310347
483457
764459
521604
635924
651328
60106
702656
823790
577593
541892
310262
369657
433158
549807
687284
28985
146533
987390
613556
44555
799258
893523
313619
905259
856242
898886
721167
718007
790145
550613
909198
933986
911910
47912
658605
737299
203232
415477
696815
288441
43049
76837
896447
254443
485121
884974
795462
646442
143546
260549
516651
669048
800552
926858
359924
688216
694016
48258
884005
755299
877070
769665
379784
89197
70599
662985
390575
141686
367281
736964
589217
254567
395880
712430
1715
60608
365131
554970
927603
551757
148011
440658
407515
369235
52820
424901
674771
663620
458422
361646
374177
514900
173549
972676
978407
859743
24431
404485
879075
740385
936070
961497
665275
282025
553441
416509
984716
85881
353330
587048
69828
912344
619673
421161
600645
85431
214747
608276
82279
896762
647018
613381
576350
376258
887733
886977
759221
17597
40470
511043
909269
845142
119404
703034
700052
499238
857004
380720
277464
337833
99294
422172
139238
227708
219963
105346
340774
322339
395612
793416
128852
216869
352893
708223
962224
235885
422565
456551
73615
59149
27893
132320
400904
252073
572683
881507
137898
591479
650086
568916
583368
721274
748069
919100
613218
401272
144794
738122
338281
515518
166152
883987
257808
965745
518643
545000
2374
88864
709110
679598
197311
553070
793739
299014
745210
302214
598212
181799
573178
9984
630109
637763
674978
792886
556510
477705
375531
514883
166649
860020
413195
54568
365009
943031
775318
626718
810699
259166
758882
108097
802395
590082
44615
629663
306039
391768
104287
987853
151032
42558
968380
726189
720924
442827
789639
647667
408810
927976
960949
698894
858483
911841
60694
328279
113406
160005
578455
770810
350201
791537
450638
841775
410540
398387
932879
284771
574054
664035
964718
472342
784840
148231
939487
869228
102580
133709
29778
800049
454553
846730
491135
634532
109596
884269
957115
325547
313983
540647
660872
41070
814178
213076
136955
338671
624821
699319
456657
207293
524034
126973
626445
691973
324624
973695
475632
265466
704557
54975
47602
538676
346323
247423
793786
587171
844310
276642
127482
899739
342377
723379
977616
242839
272606
72637
754110
408230
89963
622110
956230
99429
99008
477389
824492
852399
341069
826183
225134
883081
347645
644591
797593
735039
615615
900831
417473
303141
519746
429782
760904
84945
615417
528528
314346
376833
562441
422357
2531
83977
571253
58635
209877
241335
58184
633101
875743
521338
241854
966847
235356
605420
710015
570703
814337
375393
722945
406146
380248
159011
221641
5465
46645
897117
840604
608793
561787
100351
897198
257415
407971
58212
372909
797218
103694
77771
228810
841858
757981
926603
332176
260279
674099
471123
367859
511349
594835
626790
829402
392627
957817
409252
375185
592455
242782
501620
43524
152887
179575
784919
814468
822175
952718
736317
247028
115613
446238
740660
269788
118521
732555
982532
456724
99773
921897
497648
179796
443167
118290
379307
127682
277790
838872
28570
99636
843955
213660
505596
480194
412693
872725
453473
202194
867687
14313
450307
842458
484993
928491
408042
815994
537855
630050
479666
679366
90488
834637
512626
541031
737405
258770
48371
380084
695325
320413
177393
860963
457622
801129
99517
489282
609454
352786
557858
122680
703622
71307
943579
463874
297885
53038
241438
807610
290911
236052
547238
714603
620615
479745
568252
787122
312372
860826
353029
826644
239940
332328
625659
447835
37519
865005
881373
609179
92806
753381
336865
306792
833846
343953
493146
418184
86678
338992
834075
477776
941429
814692
835514
949632
931888
65831
724662
939703
945488
238159
180707
139402
375350
618446
134538
642391
63787
185227
529877
295774
978250
846266
319457
612745
47545
501698
441917
211939
339371
543758
749673
895268
597695
668148
302115
577820
211908
541810
992346
509054
629614
872312
684770
719260
928127
953663
333199
805530
224392
85312
6650
969045
139248
403364
784632
382804
72797
687901
369374
564921
660745
653656
791396
108520
491651
987528
163687
108009
819053
314344
704469
43453
631345
732024
684998
788348
131137
171268
576417
445693
704486
272909
731528
583404
712644
434927
70648
937193
881857
992673
659916
804266
62203
556726
446978
282638
220475
678330
741202
286417
425517
555650
856071
356566
209043
604460
144644
396934
602974
759819
333459
612656
219650
400713
919240
786239
21611
498387
647857
235360
956584
587146
331252
299978
193344
237125
944894
24539
506725
217224
847172
832675
613793
942112
855574
658707
725488
495303
67053
826010
521734
729158
136965
637799
480509
307178
730326
342589
839452
930823
769120
684617
917767
148314
684424
65519
579126
183622
283830
397153
500079
854841
536906
170501
873431
133405
956181
989858
963732
127555
406243
286323
850697
672446
105345
263993
536206
898382
409224
220716
402151
589799
89471
529277
857511
823254
289237
27808
330152
438877
765354
599073
6837
799153
502212
68993
51024
792716
446661
604283
577413
283372
794830
196389
804649
434803
611016
10224
533624
814979
779348
381362
318408
333585
416695
715318
16349
53932
200137
363346
176803
474243
919201
767224
790057
892756
195240
268419
201286
50635
802182
862936
475236
254325
176251
16341
578911
488587
740788
181674
253750
873652
845585
688276
30290
147665
645515
680462
492548
871860
543010
687246
292472
814305
546439
132904
501987
86838
306935
398363
953182
296932
81821
476646
674644
769752
475221
574179
640635
694368
331496
877591
66799
27583
882311
529407
201208
343349
181227
512435
178507
683577
95013
255836
325849
916916
429062
824549
810743
246447
782085
599739
706370
77451
507444
449245
620008
554940
132853
690983
525339
836651
443269
286363
784960
1488
724688
848742
912664
241093
683886
801429
578650
21243
521713
828246
707624
906326
534781
896266
269202
76605
14249
429079
448053
782612
901440
278132
14429
400539
73499
351792
590115
265745
984694
432789
373807
94001
131299
350042
421656
443178
252914
191912
436168
32036
613080
548234
416887
424920
610863
859102
510563
923217
68640
172393
585731
422630
706765
594711
36175
835975
70248
245738
957925
625642
671505
367988
483585
486270
912305
535680
91030
741769
526809
768832
934406
97031
42794
356701
187407
957596
412782
512065
191110
160329
328610
20165
242895
888516
122503
502535
799134
328191
8597
