742020
189579
505701
415184
834204
511709
734557
483979
976187
671316
515912
302473
709791
139234
855898
462240
473584
647184
468108
768639
376032
830428
69388
641086
44596
37735
351955
193408
370771
783243
381662
850521
783155
166638
274573
761752
575483
249029
390709
759932
3647
846462
68834
784662
112004
823180
702578
743965
689575
518972
414592
344307
708569
31758
414013
65641
800664
655233
311969
759722
279520
966488
195179
190098
170690
400730
328584
899195
579518
532214
849415
363115
373539
292949
792533
797405
884103
766047
552780
716806
458637
464597
902344
749979
220948
938217
741241
842356
623431
428287
918233
475131
595117
643132
806639
101138
976177
430961
809290
839905
344516
115161
317347
845099
14939
105784
69528
863263
454988
398810
932959
688622
639809
67657
979785
149202
532325
227342
4318
499960
459706
467199
355154
528967
49823
698966
266651
928266
15224
798933
562553
684712
590869
111991
644030
913809
948497
905769
597157
390397
589619
954513
753656
983683
539069
13720
147928
851130
612222
65113
64273
894832
934919
637856
331637
130307
569628
689282
863943
237090
809781
534882
139770
214248
603753
120736
944261
254295
523319
111176
331842
97039
947718
620481
941751
121860
346002
214198
409340
886687
538367
825797
347205
386917
242718
264684
365424
116955
441120
995435
280994
644561
631458
587715
143556
292342
650915
143991
908054
833224
154190
810950
641264
96828
137454
687909
418098
150834
440667
345339
229489
112606
864429
576928
222869
66467
696064
948367
349262
452727
589810
486322
36097
952047
144248
112651
421696
566395
788261
941581
956438
193797
121504
223158
355147
103800
625314
868762
954006
804638
520279
737071
533758
281653
637599
216645
438284
73541
214207
619888
15863
950054
739417
591637
1279
16500
532672
361063
302038
660365
473864
244932
395038
273843
983433
72166
83941
879732
711275
966399
440660
43705
455865
372311
888455
693380
920035
554896
681225
212799
691332
188224
818924
690468
362433
121125
499860
138151
95078
476403
843056
396882
656529
125411
672971
121189
250961
145313
653165
410820
892292
199163
37152
404070
161568
110713
451161
940056
785781
195518
734334
864457
214888
688399
339424
950682
816453
634658
788809
456559
940679
890004
831507
978065
711104
324565
676465
187365
359551
311133
609191
353881
109973
586307
569140
216499
148996
863243
709022
295341
688817
401965
918755
606788
485925
58454
71256
791911
956551
52274
627520
811108
822288
738126
269567
549016
319348
92438
866250
569466
730418
40129
168573
220768
344915
666649
249697
979476
154113
965924
368527
256649
880630
544573
760963
256594
520071
68581
256627
114601
434223
671333
985995
885792
769332
210073
947680
549226
186332
665523
232028
624852
167428
26342
674476
170032
848095
715659
840497
810540
455898
362664
623219
623270
133138
520068
510281
592654
319215
723200
72477
83808
759528
723893
982714
948869
938756
996842
496501
759891
408831
685475
100630
494450
162143
402921
855647
35603
981190
650452
468412
85629
406168
103076
963767
575899
241
149987
365798
498341
903182
873819
747653
149249
710300
736879
940976
949413
433498
794110
885169
390175
90038
69691
953191
243196
188636
282820
848591
229230
92198
101937
45654
34283
538156
483175
457178
117908
993806
487589
470106
759313
319037
951971
493241
322609
675416
673705
793540
180874
158596
252345
37039
561670
586611
464625
942090
834950
901726
311824
743667
646907
244536
253234
290312
64161
208266
357240
523300
667433
491359
519010
112208
440307
855412
430904
298775
394411
747733
723978
167579
776085
290479
688583
205159
31606
371960
285702
206821
195121
902962
488008
247632
976817
868637
236680
371583
751079
185342
724608
558417
771601
952179
218279
110746
431147
26704
550055
463904
131236
319307
948132
937220
334839
230694
762288
403353
785951
423661
886790
275559
936244
767168
287268
953365
65266
107369
549833
194054
73586
883628
507108
165859
940979
585808
702471
607436
210331
756456
223785
724020
683981
542295
863608
721823
8689
949309
880669
499314
245519
525154
597352
290850
564559
499355
510560
639050
906293
688826
409297
134809
329215
363721
851687
592149
154661
344471
537082
948288
472897
549611
843197
649657
447889
418773
484021
177978
358138
355114
604257
283837
656393
359205
706071
250488
172666
77186
838553
694899
402396
152665
923698
134446
384241
461231
930376
266037
548990
522292
299144
297115
844355
613218
47028
71349
167793
927576
800281
881755
522169
69228
857917
91135
205752
279040
257334
411324
769642
304253
773826
619877
216796
84351
524645
506352
23128
801668
139299
228562
446685
683964
630163
534032
112984
72002
185805
277341
671306
471734
494875
78614
897128
492855
89342
224674
411379
49505
299341
854059
199889
698402
477931
577600
588998
292414
539478
957629
305879
193723
436340
338783
771902
20371
761598
778104
811
831428
434130
249549
29134
861377
149493
152891
683838
75791
407001
984160
134519
331587
787606
141114
621947
91377
884798
758703
152908
111694
507644
42894
965382
281743
413963
166856
427101
290180
477028
969396
828603
145060
239315
888576
139830
550822
679093
121255
815691
558717
285544
997516
227491
746636
274224
987602
848320
728228
646423
103284
706103
981470
570458
364775
890951
630702
630194
438090
163647
331067
530169
278286
805429
341864
176619
585728
622979
291430
208278
921627
429428
854507
859028
788200
420460
836580
95353
775949
865082
676848
59637
798237
561469
42193
140477
738176
983440
990585
141512
698189
294505
581089
483965
237074
41489
181807
837257
722925
521173
748459
887100
168860
777264
934988
4302
100555
885941
292426
794781
572709
307434
33742
693885
266898
131560
433717
421454
95962
377689
706824
31787
741946
772653
727017
157206
632262
971313
600395
517745
31219
19985
807620
813636
903032
598949
117034
143525
975251
32992
192061
212881
428634
234317
670401
169981
161369
19539
695326
922656
618259
292356
688528
113123
332884
550965
575063
115305
277934
648389
610913
975092
65790
212168
625461
639813
676811
627573
164544
139837
123850
419276
444389
656855
34616
104328
69283
554423
879470
579736
313033
437774
963138
907974
144353
772620
888593
244667
595894
640272
365460
279086
708682
326715
119634
874021
594877
974176
214016
586040
299722
831073
261865
494571
198631
230127
859763
53543
803124
878380
815446
580601
475282
266716
217570
266473
340899
300744
763219
721889
76939
497450
981519
897034
621882
558710
571308
59535
188407
773179
584747
865774
169629
413248
358676
937619
749885
488517
101602
841586
398211
661539
875040
802212
674452
965856
861393
901005
945907
859366
173803
447514
71054
974651
480593
534556
97076
755635
480567
636211
986327
924542
951446
393445
886816
123869
200140
432725
257175
549537
400412
455365
14702
649674
758778
283588
387895
69368
215542
102781
568524
971313
590473
442847
281988
223128
263225
542151
414569
361618
548965
423605
738142
724529
815694
921296
323195
479
932830
501459
42641
284622
3023
213246
109061
162482
401244
438069
637441
350721
861829
677958
982425
228595
485443
34410
469657
959439
25527
899060
864089
376398
722749
706466
606461
840331
487389
506747
307476
151408
89128
77579
605137
659418
855685
927601
973188
440038
461684
721281
351935
411801
508477
603385
6173
247427
889578
824106
75184
323130
284610
932763
293014
874491
462854
758564
150645
566522
305018
32599
666621
735871
812973
262250
456782
961111
613984
7634
360201
59162
916090
614522
749980
878501
789710
771
763262
155504
179791
907343
623973
276420
625290
553237
814461
916763
997475
92961
868665
852431
540951
322850
564394
337556
155622
445945
163783
250073
567954
43892
590042
141594
207251
261558
574251
405280
712598
5305
499142
784959
231413
814251
223881
445711
807624
530545
590737
735804
311181
615284
50951
262268
909533
339853
486347
796601
307424
2121
171148
802483
678846
532797
776453
437340
856680
571391
241001
253825
923028
772560
211965
176349
75230
22206
845941
966198
106890
134017
880402
591907
270745
365282
81324
124735
195487
592725
58469
38660
766664
34883
728314
938034
258611
327380
310829
407633
343506
540702
577675
975808
642980
23995
48583
991105
554693
153396
290395
664336
897885
635394
681502
81870
141810
290505
228290
133561
166755
259397
436974
968243
552677
764999
385856
676232
945802
553128
344351
283290
558127
480354
663749
875758
342041
225643
959280
141191
648563
622216
877592
537479
192275
488042
983662
364315
593365
28298
842230
750616
375485
508117
933000
927784
272275
959604
462226
442639
968517
900057
913968
672522
654389
817563
38574
196241
225224
77448
857435
673494
273117
602963
911804
184513
126385
92898
716206
183088
497622
993875
15634
993655
405825
350710
89772
658692
658269
747715
90231
658537
363244
253553
895539
813067
394389
610419
301919
896013
263321
72205
351318
523692
81922
288088
316684
964035
958104
241622
830490
225782
360282
821263
228671
295471
22900
223172
694322
23847
141006
15818
398126
89034
293619
824911
537550
592314
743882
884717
308162
958148
594016
902075
71896
669499
785542
731259
110748
390381
606988
846664
225470
695399
548053
806034
509470
365095
647644
84162
18913
668112
834645
374036
264732
222663
788389
879748
687910
697926
283867
182512
454309
457714
121612
59188
891810
667036
821975
566737
414193
265342
442635
960705
498956
441757
398076
673817
403607
302409
298623
958006
911976
902449
264728
321224
157746
84992
454438
985528
514955
169118
86570
163810
888920
320890
134127
883342
812316
96443
122883
652702
207637
287387
827763
397518
6956
419798
611102
132036
992829
48302
456215
506822
590929
307695
252618
114204
584795
498399
467526
211347
585871
772193
852541
488099
400883
923178
652244
522651
716842
292911
540648
883274
352502
590492
887862
224926
818268
51268
299327
439099
584952
180124
508398
887049
524380
981568
476263
964395
487325
912748
389581
582575
868699
389805
737022
824146
51262
797946
353277
321966
161984
521098
878803
12598
327867
751610
898140
172025
657625
112773
938861
307444
761752
577658
903846
679204
578997
787933
810377
412935
919810
788960
848883
873239
862137
605208
350832
373430
713461
318670
611114
19154
353287
1002383
911836
258242
870302
792540
664119
446816
42782
349879
19272
822069
215559
241546
762680
847636
300674
365524
338371
749862
594923
358702
600391
433170
654860
11155
704932
801491
671849
539931
78268
924101
631653
335368
397282
758590
387204
265273
408106
154398
174871
171089
479041
403512
473173
614700
135399
264086
54599
23729
296538
898147
536375
215489
575482
723132
374649
750986
112952
355924
451721
681457
870193
283802
554599
749045
828110
585140
624851
535862
153412
215108
396682
269913
983441
504216
781306
973590
182138
389081
66971
259166
260094
103548
687999
195443
399315
251425
646938
423227
180877
118870
340890
637260
801805
289017
183922
931046
73491
589845
940164
178533
355758
117968
890500
864662
636311
785251
628317
263172
801000
561746
978118
496520
325568
610710
645267
979464
89042
619400
141825
899737
991750
331249
937051
130937
751516
761491
685009
338229
261703
548774
651357
927676
205209
312728
487273
770809
525926
641351
656855
60600
708828
830501
582365
546402
312914
372816
436817
554616
692682
29236
147687
995358
618825
44873
806053
901199
316210
913028
863540
906449
726739
723813
796908
555157
916778
941886
919349
48332
664142
743314
205180
418665
702554
290770
43444
77443
903990
256462
489148
892064
802324
651704
144874
262856
520768
674741
807462
934443
362911
693656
700076
48667
891850
761599
884416
776129
383079
89881
71110
668474
393920
142745
370350
743062
594132
256680
399045
718413
1717
61109
368078
560000
935197
556294
149100
444470
410936
372340
53293
428250
680392
669040
462251
364805
377043
519209
174946
981080
986407
866710
24620
407822
886254
746574
943819
969508
670567
284338
557900
419891
992831
86554
356257
591884
70341
919870
624835
424639
605669
86033
216581
613360
82917
904569
652581
618350
581420
379369
895440
894561
765787
17741
40761
515224
916867
851955
120373
708827
706041
503310
864317
383868
279892
340527
100199
425965
140401
229726
221856
106227
343797
325142
399122
800270
129984
218719
355779
714109
970507
238014
426127
460397
74219
59693
28165
133407
404225
254271
577546
888817
139117
596264
655570
573795
588090
727436
754101
926750
617895
404676
145872
744213
341013
520119
167547
891895
260001
973587
522885
549644
2388
89590
715096
685539
198936
557644
800271
301400
751337
304809
603371
183357
577930
10109
635364
643089
680725
799488
561223
481703
378636
519440
168081
866956
416688
55008
368130
950865
781674
632144
817718
261150
765250
108934
808906
595136
44965
635120
308656
395019
105162
996094
152281
42942
976336
732211
727198
446655
796447
653381
412181
935846
968726
704805
865382
919697
61249
331053
114250
161221
583229
777339
352942
798357
454254
848723
413812
401727
940569
287320
578954
669655
972436
476301
791149
149497
947291
876751
103356
134805
30057
806762
458207
853575
495234
639623
110529
891914
965213
328212
316468
545064
666317
41414
821066
214995
138100
341515
630127
705124
460331
208956
528494
128194
631557
697828
327282
981918
479658
267542
710432
55451
47919
543367
349418
249507
800066
592005
851230
279090
128695
907340
345183
729573
985668
245043
274985
73181
760386
411560
90826
627424
964263
100158
99823
481339
831599
859661
343912
833119
227138
890329
350705
650103
804460
741286
620854
908296
420977
305945
523971
433375
767392
85582
620596
533052
317151
380098
567204
425928
2545
84773
576146
59159
211599
243193
58707
638356
883269
525454
243911
975099
237571
610486
715889
575360
820910
378456
728946
409569
383555
160306
223510
5525
47009
904848
847694
613832
566681
101141
905027
259559
411501
58630
376080
804258
104482
78460
230732
849004
764407
934466
335183
262305
679647
474989
371269
515504
599893
631846
836260
395972
966000
412638
378405
597602
244804
505897
43876
154114
181171
791398
821594
829030
960683
742665
248977
116638
449920
746948
271904
119523
738492
991249
460536
100625
929690
501633
181290
446841
119237
382753
128711
280159
845908
28731
100473
850720
215562
509782
484161
416172
880295
457219
203898
875119
14415
453850
849663
489164
936450
411156
822736
542335
635368
483741
685252
91142
841488
517075
545529
743821
260944
48704
383312
701073
323063
178906
867986
461385
807614
100317
493451
614422
355617
562513
123567
709800
71949
951472
467660
300333
53448
243413
814268
293128
238049
551813
720485
625735
483583
572994
793843
314851
867937
355858
833801
242002
335235
630596
451412
37853
872005
888547
614319
93566
759599
339620
309578
840828
346770
496920
421839
87347
341955
841030
481794
949040
821238
842420
957361
939680
66431
730692
947650
953647
240227
182138
140628
378441
623759
135816
647893
64390
186750
534392
298314
986491
853291
321946
617966
47858
505800
445485
213704
342155
548509
755994
903150
602685
673624
304608
582500
213642
546113
1000807
513222
634800
879718
690554
725176
935813
961685
335856
812842
226318
85912
6726
977037
140425
406907
791371
385908
73425
693986
372393
569796
666284
659264
798014
109437
495704
995593
165128
108913
825848
316735
710522
43835
636689
738089
690678
794706
132194
172651
581310
449220
710460
275351
737830
588228
718677
438494
71297
944885
889457
1000879
665457
810849
62680
561490
450648
284920
222105
683946
747327
288730
429246
560524
863044
359504
210689
609779
145878
400037
607982
766103
336188
617544
221530
404133
927392
792838
21800
502470
653062
237203
964230
592210
334125
302528
195149
239288
952832
24791
511032
218876
854104
839772
618992
950096
862582
664342
731714
499453
67665
832806
526037
734965
138016
643081
484459
309817
736421
345540
846377
938325
775887
690280
925433
149531
690338
66002
583696
185125
286507
400485
504502
861778
541445
171921
881007
134458
964433
998307
971775
128559
409528
288794
857863
678115
106231
266201
540568
905889
412563
222609
405529
594550
90257
533794
864823
830416
291522
28088
332886
442579
771893
604210
6910
805759
506307
69516
51420
799468
450365
609198
582192
285652
801511
198129
811091
438645
615944
10274
538158
821608
786171
384584
320921
336270
420272
721480
16459
54287
201824
366440
178327
478082
926828
773997
796367
900185
196922
270899
203022
51070
808936
870016
479365
256383
177868
16538
583778
492707
747177
183259
255838
881082
852488
693859
30552
148983
651036
686414
496540
879354
547630
692962
294939
821083
551181
133936
506194
87654
309464
401484
961289
299679
82584
480643
680220
776157
479370
578973
645616
700352
334261
885059
67401
27837
889823
533927
202958
346151
182726
516788
180128
689645
95747
257857
328408
924804
432711
831631
817671
248441
788503
604598
712273
78033
511795
452901
625369
559553
134117
696470
529615
843341
446893
288714
791349
1500
731072
856016
920186
243147
689666
808396
583587
21464
526007
835072
713835
913914
539385
903671
271351
77298
14328
432716
451751
789288
908705
280515
14517
403706
74134
354754
595100
268077
993103
436602
376923
94762
132308
352960
425003
446549
255135
193550
439994
32301
618227
552897
420507
428494
616258
866499
515021
931087
69252
173855
590677
426359
712876
599645
36418
842793
70836
247640
966065
631057
677023
371083
487644
490387
920005
540206
91825
748399
530890
775329
942286
97838
43110
359786
188962
965678
416281
516168
192582
161592
331562
20330
244964
895697
123456
507049
805826
331110
8684
