842069024
683148523
349485348
853998044
930363737
667326350
955818968
385721618
364691937
226102346
283900694
510701811
31644346
359118406
828542813
324030117
222209193
524228022
651504177
599978131
600593715
874861351
540050195
578582427
635682004
247664424
599978131
292385771
476761503
406584925
810424678
826246851
250492783
468276426
874861351
749881158
232990232
894659864
678107389
22011288
482950618
549683253
48614500
902612544
954196821
686592466
578582427
133997667
99524962
845512967
575587694
775336389
635682004
40129423
283900694
249960386
406584925
31644346
382194488
48614500
465980464
616415888
441590027
492583676
275415617
245900859
565505426
241475309
222209193
99524962
326326079
459791349
99524962
718236812
851702082
158920501
482950618
28117216
845512967
292385771
2745172
548285711
364691937
678107389
434336118
953523006
31644346
703562620
171298731
969345179
184209358
794602505
916754339
441673214
862483121
708603754
870269427
568949369
855062838
434336118
31644346
241475309
720532774
416217983
575138484
703562620
853998044
862483121
473317560
31644346
425851041
457495387
553127196
828542813
114199154
644167081
360266387
619776644
98376981
815465812
580179618
309355925
635682004
317816046
31644346
149204256
334811156
947167517
644167081
870968198
145843500
451306272
892363902
241475309
298574886
667326350
657077708
918434717
31644346
421791514
953523006
743692043
953523006
632238061
442821195
421791514
468276426
48614500
498772791
775336389
476761503
79110865
988611295
969345179
695077543
249960386
40129423
514594964
273119655
953523006
334811156
661137235
651504177
828542813
222209193
232990232
498689604
275415617
123832212
934256890
31644346
644167081
28200403
40129423
40129423
828542813
82554808
211877364
226102346
867524255
425851041
401993001
544167953
657077708
826246851
114199154
432040156
48614500
149204256
180931789
759514216
602274093
853998044
104566096
985167352
40129423
678107389
325094911
657693292
921878660
502216734
88743923
835879909
708603754
273119655
265699372
702414639
810424678
258445463
842069024
434336118
549683253
853998044
241475309
443885989
971557954
247664424
31644346
158920501
703562620
441673214
538286630
971557954
524228022
171298731
819718333
845512967
498772791
835879909
667326350
406584925
394206695
384490450
116495116
837027890
351781310
364691937
88743923
652652158
867524255
718236812
667326350
171298731
657693292
879453275
729017851
651504177
953523006
232990232
74069731
74602128
37833461
634983233
65584654
40129423
632238061
969345179
47466519
190564847
527671965
114199154
955818968
661137235
887938352
241475309
712047697
820057736
769147274
538286630
37833461
445092201
330219232
99524962
349485348
326326079
533861080
216020078
149204256
676959408
12378230
676959408
292385771
600593715
364691937
626048946
969261992
582475580
92104679
695077543
853998044
724425927
334811156
231842251
775336389
309355925
37833461
288941828
828542813
120388269
40129423
845512967
349485348
108010039
241475309
652652158
275415617
63288692
549683253
2745172
886790371
485246580
28200403
837027890
527671965
482950618
971557954
124980193
82554808
867524255
533861080
635682004
245900859
31644346
434336118
510701811
231842251
266930540
241475309
196753962
619776644
930363737
949463479
837027890
485246580
292385771
216020078
867524255
955569407
754473082
441673214
837027890
692781581
114199154
575138484
155476558
6189115
72921750
247664424
307592360
794602505
288941828
99524962
390762752
845512967
90540763
758366235
533861080
921878660
549683253
442821195
482950618
139654385
565505426
82554808
639575157
396951867
964304045
89808717
116495116
325094911
263486597
441673214
72921750
886790371
192860809
443885989
130021327
28117216
282752713
644167081
678107389
828542813
406584925
584771542
451306272
28117216
232990232
759514216
759514216
266930540
733975798
837027890
248196821
994800410
754473082
258445463
241475309
434336118
562677067
870968198
692781581
196753962
482950618
439294065
146908294
130021327
416217983
749182387
718236812
180931789
467128445
659373670
32709140
99524962
718236812
457495387
845512967
382194488
381129694
385721618
810424678
12910627
788413390
327390873
31644346
498772791
263486597
54803615
304764001
788413390
88743923
300870848
210895757
683148523
485246580
247664424
835879909
641871119
48614500
724425927
514594964
837027890
349485348
969345179
644167081
108010039
617480682
72306166
549683253
902612544
828542813
52507653
74069731
485246580
65584654
853998044
124980193
651504177
695077543
644167081
791158562
139654385
543494138
275415617
669622312
451306272
247664424
943889948
616415888
837027890
555789181
406584925
837027890
238031366
283900694
810424678
72306166
109607230
31644346
22011288
994800410
314397059
978978237
845512967
434336118
672816694
432040156
12378230
544642119
416891798
451306272
853998044
74069731
258445463
729017851
927369004
421791514
425851041
676876221
737502928
124980193
275415617
708603754
669622312
886790371
771443236
283201923
771443236
584771542
837027890
180931789
130021327
37833461
894659864
364691937
842069024
441673214
678107389
775336389
600593715
870968198
559316311
498772791
587067504
661137235
382194488
985167352
451306272
434336118
65584654
527671965
232990232
695077543
175890655
385721618
904908506
31644346
595552581
826246851
114199154
575138484
575138484
672816694
48614500
441590027
48614500
465057088
303000436
835264325
339852290
575138484
877157313
442821195
104566096
492583676
794602505
590960657
670071522
928067775
48614500
835879909
580179618
40129423
870968198
972789122
406584925
180931789
661137235
447862329
262787826
171298731
304764001
508405849
283900694
98376981
232990232
943889948
63288692
206387020
720532774
325094911
886790371
577883656
861335140
657077708
810424678
519186888
644167081
686592466
169002769
107311268
139654385
800791620
342597462
31644346
953523006
508405849
938848814
842069024
678107389
964304045
167405578
553127196
853998044
424087476
355674463
635682004
745988005
158920501
190564847
678107389
384573637
703562620
870269427
634983233
258445463
374940579
853998044
459791349
993652429
587067504
835879909
687331167
837027890
492583676
749881158
108010039
401993001
652652158
249960386
669622312
347189386
283900694
123832212
223806384
31644346
65584654
641871119
196753962
652652158
72921750
31644346
31644346
421791514
524228022
31644346
577883656
994800410
683148523
459791349
743692043
40129423
886790371
635682004
300870848
635682004
657693292
853998044
222209193
258445463
989759276
508405849
40129423
305296398
63288692
533861080
988611295
158920501
615184720
12910627
565505426
171298731
241475309
365307521
536157042
632238061
862483121
661137235
232990232
510701811
771443236
292385771
112801612
298574886
40129423
828542813
186505320
734058985
667326350
232990232
616415888
791158562
190564847
912162415
114199154
263486597
712047697
828542813
913393583
249960386
273119655
639575157
232990232
695077543
249960386
930363737
6189115
698970696
416217983
263486597
669622312
37833461
692781581
943889948
736271760
381129694
288941828
22011288
800791620
451306272
828542813
339852290
419495552
355674463
943889948
104566096
667326350
180931789
390762752
743692043
317841002
667326350
985167352
769147274
57099577
826246851
432040156
441673214
845512967
441673214
794602505
828542813
635682004
938848814
972789122
793371337
481187053
305296398
953523006
953523006
746437215
442821195
810424678
635682004
133465270
590960657
959712121
368751464
904658945
329686835
712047697
266930540
79110865
166706807
249960386
210895757
283900694
164410845
298574886
273119655
400395810
390762752
902612544
669622312
108010039
275415617
879453275
457495387
914458377
232990232
964304045
379898526
309355925
749881158
676959408
584272420
555789181
943889948
553127196
769147274
913393583
442821195
620533646
637279195
683148523
635682004
130021327
314397059
31644346
870968198
434336118
524228022
241475309
795667299
343296233
459791349
324030117
116495116
421791514
132766499
31644346
837027890
600593715
969345179
921878660
30413178
904908506
835879909
587067504
652652158
416217983
902612544
619776644
544642119
72306166
632238061
250492783
325094911
802838021
390762752
250492783
669622312
751478349
434336118
845512967
287793847
696899339
544167953
853998044
72921750
669622312
775336389
22011288
40129423
309355925
985167352
124980193
275415617
482950618
442821195
406584925
584771542
679172183
249960386
904658945
644167081
828542813
994800410
434336118
327390873
483483015
459791349
991356467
800791620
877157313
991356467
845512967
99524962
273119655
853998044
540050195
679172183
40129423
232990232
139654385
263486597
943889948
651504177
382194488
508405849
558085143
155476558
661137235
828542813
964304045
644167081
518038907
37833461
139654385
406584925
37833461
330219232
702414639
155476558
820057736
994800410
845512967
37833461
476761503
853998044
12378230
432040156
669622312
804235563
232990232
635682004
635682004
288941828
989759276
577883656
508405849
938848814
307592360
584771542
216020078
559316311
959712121
737502928
241475309
324030117
861335140
632238061
457495387
826246851
249960386
53655634
644167081
708603754
724425927
360266387
696674734
155476558
53655634
661137235
800092849
434336118
518488117
817761774
74069731
953523006
784969447
692781581
845512967
442821195
558085143
994800410
852766876
775336389
503281528
815465812
292385771
644167081
258445463
692781581
502216734
266930540
635682004
832968363
644167081
652652158
114199154
309355925
635682004
712047697
644167081
275415617
447862329
686592466
434336118
473317560
981024638
902612544
74069731
759514216
406584925
635682004
457495387
661137235
652652158
167405578
130021327
635682004
457495387
851702082
826246851
399697039
155476558
667326350
292385771
635682004
879453275
816613793
678107389
749881158
48614500
65584654
108010039
828542813
558085143
31644346
