1
8
2
6
4
130
61
3
46
1
1
45
6
50
7
1128
235
1
36
75
792
8
19
5
6
56
14
13
4
10
2
1
12
672
9
5
45
1777
83
8
21
26
3
3
27
18
11
1
30
10
21
9
7
10
121
1039
79
8
1
10
89
1
336
21
6
450
1
3
3911
65
77121
186
3192
203
13
1
110
45
20
1358
40
24
1
15
10
2313
6
28
8
28
15
5
1
1541
99
36
9
2
110
20
1
5
1
714
3
2205
28
205
9
7
28
6
90
10
19
7
491
10
20
4884
14
1
6
80
1
7
13
859
105
8
6
7
2
3
840
5
1261
4
1
301
215
10
20
1
28
4
56
3
10
880
3
1
67
791
6612
33
1
1
228
1
1
10
553
50
1
196
5
64
22
91
117
40
313
1
81
3947
10
15
3
1
3
2002
238
55
80
3
71
11
45
4
1
27
35
35
25
1048
4
1
204
6
80
96
3
3
20
10
45
28
20
15
24
22
74
4
15
109
2
29
195
10
36
17
1
462
1
145
476
7
3
483
3
80
15
79
2
8
1
371
1
1024
1
450
2
6
4
54
13
3
7
3
1
266
4
35
1
8
4
360
21
792
824
51
8
6
330
10
1
1
456
8
588
36
7
20
46
7
8
4
21
80
3
4
55
651
7920
1
3
129
6
1
1
196
56
1
1
1341
9
81
12
5
1
4
56
227
5
6
126
1
19
3
7
5
28
5
15
4
24
635
63
70
11
12
22
1260
6
12
1
5
15
203
1
3
11
215
6
236
327
7
13
273
40
61
95
3
35
6
81
35
205
825
21
1
55
155
511
25
41
425
19
45
1
4
1
13975
1
643
6
45
10
56
39
10
19
1
705
4
3
9
1
18
196
1
165
1
36
7
26
5
40
81
120
35
3
830
91
4
6
5
1
13
8
7
166
36
1
6
5
21
584
2
15
6
4
95
164
555
1870
483
1
3535
6
82
4
1
18
1
1706
7
3
3
4
6
10
14
6
5
1
5
149
2030
65
1
11
9
1
1
168
46
1
14
84
995
4
1
15
1
27
1
30
1
10
5
1
52
3
192
13
52
1
420
1
165
6
60252
24
2
8
4171
305
2
39
10
78
15
230
3
1
1350
1
1
16
35
8
18
7
1
1
1092
17
1
17
45
8
3
119
3
9
1
21
51
10
15
1
1
33
2688
5
6
53
119
7
1
10
4
518
228
3
10
56
1
6
8
155
84
5
4
36
1
1
1
2
31
83
7
126
126
4
12
430
4
52
1
28
8
10
141
6
22
36
5
140
505
5
2
111
61
4
91
22
29
46
3
41283
35
165
1
8
110
1
21
5
1596
31
4
27
1323
15
45
10
28
1
7
31
21
1
81
4951
3
399
65
9
5
13
15
1772
55
49
6
2268
219
24
41
20
3
1
66
1
1
14
3696
126
17
20
330
6
19
65
105
1
8
10
7
181
98
3
10
25
39
231
239
10
120
3516
1
1951
19
3
1
92
1
8
1
4
5
5
4
161
20
1
5
5
605
690
4
28
388
811
5
14
61
29
215
16
5
5
1
680
6
7
166
15
308
36
47
4
15
13
2
10
9
1
22
6
5
1001
35
126
5
121
9
20
80
2226
15
575
46
3
5
2
10
43
6
28
934
5
7
15
28
3
5
2
22
226
6
55
64
3
310
5
11
140
10
124
114
185
115
3
1470
10
1
4
1
35
6
1
5
1631
8
176
6
1
19
7
9580
15
175
1
30
83
176
6952
185
30
65
1
25
81
6
10
2
557
98
8
18
36
26
314
30
896
45
1
50
25
137
1
21
4
12
30
8
16
1
2110
4
280
126
1
9
1954
28
2
154
5
1
385
8
6
716
9
15
15
2
2
4
115
751
190
3
6
55
29
2221
21
5
6
180
4
9
549
1
70
17
4
15
11
19
26
200
36
15
4
20
217
462
112
50
126
5
7
85
80
196
35
126
400
55
1200
40
120
64
8
126
184
5316
4
2
10
35
110
11
245
13
140
22
64
5
1
21
73
5
385
1
1
141
36
4
8
1
343
52
115
8
14
20
2
19
1386
294
1
4
8
105
13
46
1
644
51
4
2
7
220
15
8
5445
9
3
5
81
1
28
9
5
1224
10
2826
3
126
707
5
494
21
129
4
28
1861
19
505
651
2000
1
4
7
33
317
95
13
14
21
224
4
51
116
301
1375
157
2
20
29
206
51
4
6
5760
1
1
35
4
28
5
245
2
1
255
528
1
10
42
75
39
9
4511
3
1
6
7
7
25
2
16
34
3
6
10
56
5
1
271
41
445
1
